<?xml version="1.0" encoding="utf-8"?>
<!DOCTYPE coverage SYSTEM "http://cobertura.sourceforge.net/xml/coverage-04.dtd">
<coverage line-rate="0.0826188620420888" branch-rate="0.0526315789473684" lines-covered="106" lines-valid="1283" branches-covered="10" branches-valid="190" complexity="254" version="0" timestamp="1696287690">
  <sources>
    <source>D:\c#\MyDBSM\</source>
    <source>C:\</source>
  </sources>
  <packages>
    <package name="MyDBSM" line-rate="0.0470016207455429" branch-rate="0.0526315789473684" complexity="249">
      <classes>
        <class name="MyDBSM.ApplicationConfiguration" filename="MyDBSM\System.Windows.Forms.Analyzers.CSharp\System.Windows.Forms.Generators.ApplicationConfigurationGenerator\ApplicationConfiguration.g.cs" line-rate="1" branch-rate="1" complexity="1">
          <methods>
            <method name="Initialize" signature="()" line-rate="1" branch-rate="1" complexity="1">
              <lines />
            </method>
          </methods>
          <lines />
        </class>
        <class name="MyDBSM.Controllers.DBController" filename="D:\c#\MyDBSM\MyDBSM\Controllers\DBController.cs" line-rate="0.170542635658915" branch-rate="0.142857142857143" complexity="63">
          <methods>
            <method name="get_db" signature="()" line-rate="1" branch-rate="1" complexity="1">
              <lines>
                <line number="22" hits="11" branch="false" />
              </lines>
            </method>
            <method name="CreateDatabase" signature="(...)" line-rate="0" branch-rate="0" complexity="2">
              <lines>
                <line number="24" hits="0" branch="false" />
                <line number="25" hits="0" branch="true" condition-coverage="0% (0/2)" />
                <line number="26" hits="0" branch="false" />
                <line number="27" hits="0" branch="false" />
              </lines>
            </method>
            <method name="DeleteDatabase" signature="()" line-rate="0" branch-rate="1" complexity="1">
              <lines>
                <line number="29" hits="0" branch="false" />
                <line number="30" hits="0" branch="false" />
                <line number="31" hits="0" branch="false" />
              </lines>
            </method>
            <method name="RenameDatabase" signature="(...)" line-rate="0" branch-rate="0" complexity="2">
              <lines>
                <line number="33" hits="0" branch="false" />
                <line number="34" hits="0" branch="true" condition-coverage="0% (0/2)" />
                <line number="35" hits="0" branch="false" />
                <line number="36" hits="0" branch="false" />
              </lines>
            </method>
            <method name="ImportDatabase" signature="(...)" line-rate="0" branch-rate="1" complexity="1">
              <lines>
                <line number="38" hits="0" branch="false" />
                <line number="40" hits="0" branch="false" />
                <line number="41" hits="0" branch="false" />
                <line number="42" hits="0" branch="false" />
                <line number="43" hits="0" branch="false" />
                <line number="44" hits="0" branch="false" />
                <line number="50" hits="0" branch="false" />
              </lines>
            </method>
            <method name="ExportDatabase" signature="(...)" line-rate="0" branch-rate="1" complexity="1">
              <lines>
                <line number="52" hits="0" branch="false" />
                <line number="53" hits="0" branch="false" />
                <line number="54" hits="0" branch="false" />
                <line number="55" hits="0" branch="false" />
                <line number="56" hits="0" branch="false" />
                <line number="58" hits="0" branch="false" />
                <line number="59" hits="0" branch="false" />
                <line number="60" hits="0" branch="false" />
                <line number="61" hits="0" branch="false" />
                <line number="62" hits="0" branch="false" />
                <line number="69" hits="0" branch="false" />
              </lines>
            </method>
            <method name="AddTable" signature="(...)" line-rate="0" branch-rate="0" complexity="6">
              <lines>
                <line number="71" hits="0" branch="false" />
                <line number="72" hits="0" branch="true" condition-coverage="0% (0/2)" />
                <line number="73" hits="0" branch="false" />
                <line number="74" hits="0" branch="true" condition-coverage="0% (0/2)" />
                <line number="75" hits="0" branch="true" condition-coverage="0% (0/2)" />
                <line number="76" hits="0" branch="false" />
                <line number="77" hits="0" branch="false" />
                <line number="78" hits="0" branch="false" />
              </lines>
            </method>
            <method name="DeleteTable" signature="(...)" line-rate="0" branch-rate="1" complexity="1">
              <lines>
                <line number="81" hits="0" branch="false" />
                <line number="82" hits="0" branch="false" />
                <line number="83" hits="0" branch="false" />
              </lines>
            </method>
            <method name="ProjectTable" signature="(...)" line-rate="1" branch-rate="1" complexity="8">
              <lines>
                <line number="85" hits="1" branch="false" />
                <line number="86" hits="1" branch="false" />
                <line number="87" hits="7" branch="true" condition-coverage="100% (2/2)" />
                <line number="88" hits="2" branch="false" />
                <line number="89" hits="2" branch="false" />
                <line number="90" hits="2" branch="false" />
                <line number="91" hits="2" branch="false" />
                <line number="93" hits="1" branch="false" />
                <line number="95" hits="4" branch="true" condition-coverage="100% (2/2)" />
                <line number="96" hits="1" branch="false" />
                <line number="97" hits="1" branch="false" />
                <line number="98" hits="8" branch="true" condition-coverage="100% (2/2)" />
                <line number="99" hits="3" branch="false" />
                <line number="100" hits="3" branch="true" condition-coverage="100% (2/2)" />
                <line number="101" hits="2" branch="false" />
                <line number="102" hits="2" branch="false" />
                <line number="103" hits="2" branch="false" />
                <line number="104" hits="3" branch="false" />
                <line number="105" hits="1" branch="false" />
                <line number="106" hits="1" branch="false" />
                <line number="107" hits="1" branch="false" />
              </lines>
            </method>
            <method name="AddColumn" signature="(...)" line-rate="0" branch-rate="0" complexity="24">
              <lines>
                <line number="109" hits="0" branch="false" />
                <line number="111" hits="0" branch="true" condition-coverage="0% (0/12)" />
                <line number="114" hits="0" branch="false" />
                <line number="115" hits="0" branch="false" />
                <line number="117" hits="0" branch="false" />
                <line number="118" hits="0" branch="false" />
                <line number="120" hits="0" branch="false" />
                <line number="121" hits="0" branch="false" />
                <line number="123" hits="0" branch="false" />
                <line number="124" hits="0" branch="false" />
                <line number="126" hits="0" branch="false" />
                <line number="127" hits="0" branch="false" />
                <line number="129" hits="0" branch="false" />
                <line number="130" hits="0" branch="false" />
                <line number="132" hits="0" branch="false" />
                <line number="135" hits="0" branch="false" />
                <line number="138" hits="0" branch="true" condition-coverage="0% (0/12)" />
                <line number="141" hits="0" branch="false" />
                <line number="142" hits="0" branch="false" />
                <line number="144" hits="0" branch="false" />
                <line number="145" hits="0" branch="false" />
                <line number="147" hits="0" branch="false" />
                <line number="148" hits="0" branch="false" />
                <line number="150" hits="0" branch="false" />
                <line number="151" hits="0" branch="false" />
                <line number="153" hits="0" branch="false" />
                <line number="154" hits="0" branch="false" />
                <line number="156" hits="0" branch="false" />
                <line number="157" hits="0" branch="false" />
                <line number="159" hits="0" branch="false" />
                <line number="162" hits="0" branch="false" />
                <line number="163" hits="0" branch="false" />
              </lines>
            </method>
            <method name="DeleteColumn" signature="(...)" line-rate="0" branch-rate="1" complexity="1">
              <lines>
                <line number="166" hits="0" branch="false" />
                <line number="167" hits="0" branch="false" />
                <line number="169" hits="0" branch="false" />
                <line number="171" hits="0" branch="false" />
              </lines>
            </method>
            <method name="AddRow" signature="(...)" line-rate="0" branch-rate="0" complexity="6">
              <lines>
                <line number="173" hits="0" branch="false" />
                <line number="174" hits="0" branch="false" />
                <line number="176" hits="0" branch="true" condition-coverage="0% (0/2)" />
                <line number="177" hits="0" branch="false" />
                <line number="178" hits="0" branch="true" condition-coverage="0% (0/4)" />
                <line number="179" hits="0" branch="false" />
                <line number="180" hits="0" branch="false" />
                <line number="181" hits="0" branch="false" />
                <line number="183" hits="0" branch="false" />
                <line number="184" hits="0" branch="false" />
                <line number="186" hits="0" branch="false" />
                <line number="188" hits="0" branch="false" />
                <line number="189" hits="0" branch="false" />
                <line number="190" hits="0" branch="false" />
              </lines>
            </method>
            <method name="DeleteRow" signature="(...)" line-rate="0" branch-rate="1" complexity="1">
              <lines>
                <line number="192" hits="0" branch="false" />
                <line number="193" hits="0" branch="false" />
                <line number="195" hits="0" branch="false" />
                <line number="196" hits="0" branch="false" />
              </lines>
            </method>
            <method name="EditRow" signature="(...)" line-rate="0" branch-rate="0" complexity="8">
              <lines>
                <line number="198" hits="0" branch="false" />
                <line number="199" hits="0" branch="false" />
                <line number="200" hits="0" branch="true" condition-coverage="0% (0/2)" />
                <line number="201" hits="0" branch="false" />
                <line number="202" hits="0" branch="true" condition-coverage="0% (0/2)" />
                <line number="204" hits="0" branch="true" condition-coverage="0% (0/4)" />
                <line number="205" hits="0" branch="false" />
                <line number="206" hits="0" branch="false" />
                <line number="207" hits="0" branch="false" />
                <line number="209" hits="0" branch="false" />
                <line number="210" hits="0" branch="false" />
                <line number="212" hits="0" branch="false" />
                <line number="213" hits="0" branch="false" />
              </lines>
            </method>
          </methods>
          <lines>
            <line number="22" hits="11" branch="false" />
            <line number="24" hits="0" branch="false" />
            <line number="25" hits="0" branch="true" condition-coverage="0% (0/2)" />
            <line number="26" hits="0" branch="false" />
            <line number="27" hits="0" branch="false" />
            <line number="29" hits="0" branch="false" />
            <line number="30" hits="0" branch="false" />
            <line number="31" hits="0" branch="false" />
            <line number="33" hits="0" branch="false" />
            <line number="34" hits="0" branch="true" condition-coverage="0% (0/2)" />
            <line number="35" hits="0" branch="false" />
            <line number="36" hits="0" branch="false" />
            <line number="38" hits="0" branch="false" />
            <line number="40" hits="0" branch="false" />
            <line number="41" hits="0" branch="false" />
            <line number="42" hits="0" branch="false" />
            <line number="43" hits="0" branch="false" />
            <line number="44" hits="0" branch="false" />
            <line number="50" hits="0" branch="false" />
            <line number="52" hits="0" branch="false" />
            <line number="53" hits="0" branch="false" />
            <line number="54" hits="0" branch="false" />
            <line number="55" hits="0" branch="false" />
            <line number="56" hits="0" branch="false" />
            <line number="58" hits="0" branch="false" />
            <line number="59" hits="0" branch="false" />
            <line number="60" hits="0" branch="false" />
            <line number="61" hits="0" branch="false" />
            <line number="62" hits="0" branch="false" />
            <line number="69" hits="0" branch="false" />
            <line number="71" hits="0" branch="false" />
            <line number="72" hits="0" branch="true" condition-coverage="0% (0/2)" />
            <line number="73" hits="0" branch="false" />
            <line number="74" hits="0" branch="true" condition-coverage="0% (0/2)" />
            <line number="75" hits="0" branch="true" condition-coverage="0% (0/2)" />
            <line number="76" hits="0" branch="false" />
            <line number="77" hits="0" branch="false" />
            <line number="78" hits="0" branch="false" />
            <line number="81" hits="0" branch="false" />
            <line number="82" hits="0" branch="false" />
            <line number="83" hits="0" branch="false" />
            <line number="85" hits="1" branch="false" />
            <line number="86" hits="1" branch="false" />
            <line number="87" hits="7" branch="true" condition-coverage="100% (2/2)" />
            <line number="88" hits="2" branch="false" />
            <line number="89" hits="2" branch="false" />
            <line number="90" hits="2" branch="false" />
            <line number="91" hits="2" branch="false" />
            <line number="93" hits="1" branch="false" />
            <line number="95" hits="4" branch="true" condition-coverage="100% (2/2)" />
            <line number="96" hits="1" branch="false" />
            <line number="97" hits="1" branch="false" />
            <line number="98" hits="8" branch="true" condition-coverage="100% (2/2)" />
            <line number="99" hits="3" branch="false" />
            <line number="100" hits="3" branch="true" condition-coverage="100% (2/2)" />
            <line number="101" hits="2" branch="false" />
            <line number="102" hits="2" branch="false" />
            <line number="103" hits="2" branch="false" />
            <line number="104" hits="3" branch="false" />
            <line number="105" hits="1" branch="false" />
            <line number="106" hits="1" branch="false" />
            <line number="107" hits="1" branch="false" />
            <line number="109" hits="0" branch="false" />
            <line number="111" hits="0" branch="true" condition-coverage="0% (0/12)" />
            <line number="114" hits="0" branch="false" />
            <line number="115" hits="0" branch="false" />
            <line number="117" hits="0" branch="false" />
            <line number="118" hits="0" branch="false" />
            <line number="120" hits="0" branch="false" />
            <line number="121" hits="0" branch="false" />
            <line number="123" hits="0" branch="false" />
            <line number="124" hits="0" branch="false" />
            <line number="126" hits="0" branch="false" />
            <line number="127" hits="0" branch="false" />
            <line number="129" hits="0" branch="false" />
            <line number="130" hits="0" branch="false" />
            <line number="132" hits="0" branch="false" />
            <line number="135" hits="0" branch="false" />
            <line number="138" hits="0" branch="true" condition-coverage="0% (0/12)" />
            <line number="141" hits="0" branch="false" />
            <line number="142" hits="0" branch="false" />
            <line number="144" hits="0" branch="false" />
            <line number="145" hits="0" branch="false" />
            <line number="147" hits="0" branch="false" />
            <line number="148" hits="0" branch="false" />
            <line number="150" hits="0" branch="false" />
            <line number="151" hits="0" branch="false" />
            <line number="153" hits="0" branch="false" />
            <line number="154" hits="0" branch="false" />
            <line number="156" hits="0" branch="false" />
            <line number="157" hits="0" branch="false" />
            <line number="159" hits="0" branch="false" />
            <line number="162" hits="0" branch="false" />
            <line number="163" hits="0" branch="false" />
            <line number="166" hits="0" branch="false" />
            <line number="167" hits="0" branch="false" />
            <line number="169" hits="0" branch="false" />
            <line number="171" hits="0" branch="false" />
            <line number="173" hits="0" branch="false" />
            <line number="174" hits="0" branch="false" />
            <line number="176" hits="0" branch="true" condition-coverage="0% (0/2)" />
            <line number="177" hits="0" branch="false" />
            <line number="178" hits="0" branch="true" condition-coverage="0% (0/4)" />
            <line number="179" hits="0" branch="false" />
            <line number="180" hits="0" branch="false" />
            <line number="181" hits="0" branch="false" />
            <line number="183" hits="0" branch="false" />
            <line number="184" hits="0" branch="false" />
            <line number="186" hits="0" branch="false" />
            <line number="188" hits="0" branch="false" />
            <line number="189" hits="0" branch="false" />
            <line number="190" hits="0" branch="false" />
            <line number="192" hits="0" branch="false" />
            <line number="193" hits="0" branch="false" />
            <line number="195" hits="0" branch="false" />
            <line number="196" hits="0" branch="false" />
            <line number="198" hits="0" branch="false" />
            <line number="199" hits="0" branch="false" />
            <line number="200" hits="0" branch="true" condition-coverage="0% (0/2)" />
            <line number="201" hits="0" branch="false" />
            <line number="202" hits="0" branch="true" condition-coverage="0% (0/2)" />
            <line number="204" hits="0" branch="true" condition-coverage="0% (0/4)" />
            <line number="205" hits="0" branch="false" />
            <line number="206" hits="0" branch="false" />
            <line number="207" hits="0" branch="false" />
            <line number="209" hits="0" branch="false" />
            <line number="210" hits="0" branch="false" />
            <line number="212" hits="0" branch="false" />
            <line number="213" hits="0" branch="false" />
          </lines>
        </class>
        <class name="MyDBSM.Form1" filename="D:\c#\MyDBSM\MyDBSM\Form1.cs" line-rate="0" branch-rate="0" complexity="105">
          <methods>
            <method name="Form1_Load" signature="(...)" line-rate="0" branch-rate="1" complexity="1">
              <lines>
                <line number="24" hits="0" branch="false" />
                <line number="26" hits="0" branch="false" />
              </lines>
            </method>
            <method name="dbCreateButton_Click" signature="(...)" line-rate="0" branch-rate="0" complexity="2">
              <lines>
                <line number="30" hits="0" branch="false" />
                <line number="31" hits="0" branch="false" />
                <line number="32" hits="0" branch="true" condition-coverage="0% (0/2)" />
                <line number="33" hits="0" branch="false" />
                <line number="35" hits="0" branch="false" />
                <line number="36" hits="0" branch="false" />
                <line number="37" hits="0" branch="false" />
                <line number="38" hits="0" branch="false" />
                <line number="39" hits="0" branch="false" />
                <line number="40" hits="0" branch="false" />
                <line number="41" hits="0" branch="false" />
                <line number="42" hits="0" branch="false" />
                <line number="43" hits="0" branch="false" />
                <line number="44" hits="0" branch="false" />
                <line number="45" hits="0" branch="false" />
                <line number="46" hits="0" branch="false" />
                <line number="48" hits="0" branch="false" />
              </lines>
            </method>
            <method name="TableListBoxChanged" signature="()" line-rate="0" branch-rate="0" complexity="2">
              <lines>
                <line number="51" hits="0" branch="false" />
                <line number="52" hits="0" branch="false" />
                <line number="53" hits="0" branch="true" condition-coverage="0% (0/2)" />
                <line number="54" hits="0" branch="false" />
                <line number="55" hits="0" branch="false" />
                <line number="56" hits="0" branch="false" />
                <line number="57" hits="0" branch="false" />
              </lines>
            </method>
            <method name="dbDeleteButton_Click" signature="(...)" line-rate="0" branch-rate="0" complexity="2">
              <lines>
                <line number="60" hits="0" branch="false" />
                <line number="61" hits="0" branch="true" condition-coverage="0% (0/2)" />
                <line number="62" hits="0" branch="false" />
                <line number="63" hits="0" branch="false" />
                <line number="64" hits="0" branch="false" />
                <line number="65" hits="0" branch="false" />
                <line number="66" hits="0" branch="false" />
                <line number="67" hits="0" branch="false" />
                <line number="69" hits="0" branch="false" />
              </lines>
            </method>
            <method name="dbRenameButton_Click" signature="(...)" line-rate="0" branch-rate="0" complexity="2">
              <lines>
                <line number="72" hits="0" branch="false" />
                <line number="73" hits="0" branch="false" />
                <line number="74" hits="0" branch="true" condition-coverage="0% (0/2)" />
                <line number="75" hits="0" branch="false" />
                <line number="77" hits="0" branch="false" />
                <line number="78" hits="0" branch="false" />
                <line number="79" hits="0" branch="false" />
                <line number="80" hits="0" branch="false" />
                <line number="81" hits="0" branch="false" />
                <line number="82" hits="0" branch="false" />
                <line number="83" hits="0" branch="false" />
                <line number="84" hits="0" branch="false" />
                <line number="85" hits="0" branch="false" />
                <line number="87" hits="0" branch="false" />
                <line number="89" hits="0" branch="false" />
              </lines>
            </method>
            <method name="addTableButton_Click" signature="(...)" line-rate="0" branch-rate="0" complexity="2">
              <lines>
                <line number="92" hits="0" branch="false" />
                <line number="93" hits="0" branch="false" />
                <line number="94" hits="0" branch="true" condition-coverage="0% (0/2)" />
                <line number="95" hits="0" branch="false" />
                <line number="97" hits="0" branch="false" />
                <line number="98" hits="0" branch="false" />
                <line number="99" hits="0" branch="false" />
                <line number="100" hits="0" branch="false" />
                <line number="101" hits="0" branch="false" />
                <line number="102" hits="0" branch="false" />
                <line number="103" hits="0" branch="false" />
                <line number="104" hits="0" branch="false" />
                <line number="106" hits="0" branch="false" />
                <line number="107" hits="0" branch="false" />
              </lines>
            </method>
            <method name="dbInfoPanel_Paint" signature="(...)" line-rate="0" branch-rate="1" complexity="1">
              <lines>
                <line number="110" hits="0" branch="false" />
                <line number="112" hits="0" branch="false" />
              </lines>
            </method>
            <method name="button3_Click" signature="(...)" line-rate="0" branch-rate="0" complexity="4">
              <lines>
                <line number="115" hits="0" branch="false" />
                <line number="116" hits="0" branch="true" condition-coverage="0% (0/2)" />
                <line number="117" hits="0" branch="false" />
                <line number="118" hits="0" branch="true" condition-coverage="0% (0/2)" />
                <line number="119" hits="0" branch="false" />
                <line number="120" hits="0" branch="false" />
                <line number="121" hits="0" branch="false" />
                <line number="122" hits="0" branch="false" />
                <line number="123" hits="0" branch="false" />
                <line number="125" hits="0" branch="false" />
                <line number="126" hits="0" branch="false" />
                <line number="127" hits="0" branch="false" />
                <line number="128" hits="0" branch="false" />
              </lines>
            </method>
            <method name="exportButton_Click" signature="(...)" line-rate="0" branch-rate="0" complexity="4">
              <lines>
                <line number="131" hits="0" branch="false" />
                <line number="133" hits="0" branch="false" />
                <line number="134" hits="0" branch="false" />
                <line number="135" hits="0" branch="false" />
                <line number="136" hits="0" branch="false" />
                <line number="137" hits="0" branch="false" />
                <line number="138" hits="0" branch="false" />
                <line number="139" hits="0" branch="false" />
                <line number="141" hits="0" branch="true" condition-coverage="0% (0/2)" />
                <line number="142" hits="0" branch="false" />
                <line number="143" hits="0" branch="false" />
                <line number="145" hits="0" branch="true" condition-coverage="0% (0/2)" />
                <line number="146" hits="0" branch="false" />
                <line number="147" hits="0" branch="false" />
                <line number="148" hits="0" branch="false" />
                <line number="150" hits="0" branch="false" />
                <line number="151" hits="0" branch="false" />
                <line number="152" hits="0" branch="false" />
                <line number="153" hits="0" branch="false" />
                <line number="154" hits="0" branch="false" />
                <line number="155" hits="0" branch="false" />
                <line number="156" hits="0" branch="false" />
                <line number="157" hits="0" branch="false" />
                <line number="158" hits="0" branch="false" />
                <line number="159" hits="0" branch="false" />
              </lines>
            </method>
            <method name="dataTableButton_Click" signature="(...)" line-rate="0" branch-rate="0" complexity="4">
              <lines>
                <line number="162" hits="0" branch="false" />
                <line number="163" hits="0" branch="true" condition-coverage="0% (0/2)" />
                <line number="164" hits="0" branch="false" />
                <line number="165" hits="0" branch="true" condition-coverage="0% (0/2)" />
                <line number="166" hits="0" branch="false" />
                <line number="167" hits="0" branch="false" />
                <line number="168" hits="0" branch="false" />
                <line number="170" hits="0" branch="false" />
                <line number="171" hits="0" branch="false" />
                <line number="172" hits="0" branch="false" />
                <line number="173" hits="0" branch="false" />
                <line number="174" hits="0" branch="false" />
                <line number="175" hits="0" branch="false" />
                <line number="176" hits="0" branch="false" />
                <line number="177" hits="0" branch="false" />
                <line number="178" hits="0" branch="false" />
                <line number="180" hits="0" branch="false" />
                <line number="181" hits="0" branch="false" />
                <line number="182" hits="0" branch="false" />
                <line number="183" hits="0" branch="false" />
              </lines>
            </method>
            <method name="LoadValues" signature="()" line-rate="0" branch-rate="0" complexity="10">
              <lines>
                <line number="186" hits="0" branch="false" />
                <line number="187" hits="0" branch="false" />
                <line number="189" hits="0" branch="false" />
                <line number="190" hits="0" branch="false" />
                <line number="191" hits="0" branch="false" />
                <line number="192" hits="0" branch="false" />
                <line number="193" hits="0" branch="false" />
                <line number="195" hits="0" branch="true" condition-coverage="0% (0/2)" />
                <line number="196" hits="0" branch="false" />
                <line number="197" hits="0" branch="false" />
                <line number="199" hits="0" branch="false" />
                <line number="200" hits="0" branch="false" />
                <line number="202" hits="0" branch="false" />
                <line number="203" hits="0" branch="false" />
                <line number="205" hits="0" branch="false" />
                <line number="206" hits="0" branch="false" />
                <line number="207" hits="0" branch="true" condition-coverage="0% (0/2)" />
                <line number="208" hits="0" branch="false" />
                <line number="209" hits="0" branch="false" />
                <line number="210" hits="0" branch="false" />
                <line number="212" hits="0" branch="true" condition-coverage="0% (0/2)" />
                <line number="213" hits="0" branch="false" />
                <line number="214" hits="0" branch="false" />
                <line number="215" hits="0" branch="true" condition-coverage="0% (0/2)" />
                <line number="216" hits="0" branch="false" />
                <line number="217" hits="0" branch="true" condition-coverage="0% (0/2)" />
                <line number="218" hits="0" branch="false" />
                <line number="219" hits="0" branch="false" />
                <line number="220" hits="0" branch="false" />
                <line number="222" hits="0" branch="false" />
                <line number="223" hits="0" branch="false" />
                <line number="224" hits="0" branch="false" />
                <line number="225" hits="0" branch="false" />
                <line number="226" hits="0" branch="false" />
                <line number="228" hits="0" branch="false" />
              </lines>
            </method>
            <method name="columnsTableButton_Click" signature="(...)" line-rate="0" branch-rate="0" complexity="2">
              <lines>
                <line number="232" hits="0" branch="false" />
                <line number="233" hits="0" branch="true" condition-coverage="0% (0/2)" />
                <line number="234" hits="0" branch="false" />
                <line number="235" hits="0" branch="false" />
                <line number="236" hits="0" branch="false" />
                <line number="237" hits="0" branch="false" />
                <line number="238" hits="0" branch="false" />
                <line number="240" hits="0" branch="false" />
                <line number="242" hits="0" branch="false" />
                <line number="243" hits="0" branch="false" />
                <line number="244" hits="0" branch="false" />
                <line number="247" hits="0" branch="false" />
              </lines>
            </method>
            <method name="TableColumnsUpdate" signature="()" line-rate="0" branch-rate="0" complexity="4">
              <lines>
                <line number="250" hits="0" branch="false" />
                <line number="251" hits="0" branch="false" />
                <line number="252" hits="0" branch="false" />
                <line number="253" hits="0" branch="true" condition-coverage="0% (0/2)" />
                <line number="254" hits="0" branch="false" />
                <line number="255" hits="0" branch="false" />
                <line number="256" hits="0" branch="false" />
                <line number="258" hits="0" branch="true" condition-coverage="0% (0/2)" />
                <line number="259" hits="0" branch="false" />
                <line number="260" hits="0" branch="false" />
                <line number="261" hits="0" branch="false" />
                <line number="262" hits="0" branch="false" />
                <line number="263" hits="0" branch="false" />
                <line number="264" hits="0" branch="false" />
              </lines>
            </method>
            <method name="dataGridView1_CellContentClick" signature="(...)" line-rate="0" branch-rate="1" complexity="1">
              <lines>
                <line number="267" hits="0" branch="false" />
                <line number="269" hits="0" branch="false" />
              </lines>
            </method>
            <method name="backFromColumnsButton_Click" signature="(...)" line-rate="0" branch-rate="1" complexity="1">
              <lines>
                <line number="272" hits="0" branch="false" />
                <line number="273" hits="0" branch="false" />
                <line number="274" hits="0" branch="false" />
                <line number="275" hits="0" branch="false" />
                <line number="276" hits="0" branch="false" />
                <line number="277" hits="0" branch="false" />
                <line number="278" hits="0" branch="false" />
                <line number="279" hits="0" branch="false" />
              </lines>
            </method>
            <method name="saveChangesColumnsButton_Click" signature="(...)" line-rate="0" branch-rate="1" complexity="1">
              <lines>
                <line number="282" hits="0" branch="false" />
                <line number="284" hits="0" branch="false" />
                <line number="285" hits="0" branch="false" />
                <line number="286" hits="0" branch="false" />
                <line number="287" hits="0" branch="false" />
                <line number="288" hits="0" branch="false" />
                <line number="289" hits="0" branch="false" />
                <line number="290" hits="0" branch="false" />
                <line number="291" hits="0" branch="false" />
                <line number="292" hits="0" branch="false" />
              </lines>
            </method>
            <method name="UpsertColumns" signature="()" line-rate="0" branch-rate="0" complexity="10">
              <lines>
                <line number="295" hits="0" branch="false" />
                <line number="297" hits="0" branch="false" />
                <line number="298" hits="0" branch="true" condition-coverage="0% (0/2)" />
                <line number="299" hits="0" branch="false" />
                <line number="300" hits="0" branch="false" />
                <line number="303" hits="0" branch="true" condition-coverage="0% (0/2)" />
                <line number="304" hits="0" branch="false" />
                <line number="305" hits="0" branch="true" condition-coverage="0% (0/2)" />
                <line number="306" hits="0" branch="false" />
                <line number="307" hits="0" branch="false" />
                <line number="308" hits="0" branch="false" />
                <line number="309" hits="0" branch="true" condition-coverage="0% (0/4)" />
                <line number="310" hits="0" branch="false" />
                <line number="311" hits="0" branch="false" />
                <line number="312" hits="0" branch="false" />
                <line number="313" hits="0" branch="false" />
                <line number="314" hits="0" branch="false" />
                <line number="315" hits="0" branch="false" />
                <line number="317" hits="0" branch="false" />
                <line number="318" hits="0" branch="false" />
                <line number="319" hits="0" branch="false" />
                <line number="320" hits="0" branch="false" />
                <line number="321" hits="0" branch="false" />
                <line number="322" hits="0" branch="false" />
                <line number="323" hits="0" branch="false" />
                <line number="324" hits="0" branch="false" />
                <line number="327" hits="0" branch="false" />
              </lines>
            </method>
            <method name="deleteColumnButton_Click" signature="(...)" line-rate="0" branch-rate="0" complexity="16">
              <lines>
                <line number="330" hits="0" branch="false" />
                <line number="332" hits="0" branch="false" />
                <line number="333" hits="0" branch="true" condition-coverage="0% (0/2)" />
                <line number="334" hits="0" branch="false" />
                <line number="335" hits="0" branch="false" />
                <line number="337" hits="0" branch="true" condition-coverage="0% (0/2)" />
                <line number="338" hits="0" branch="false" />
                <line number="339" hits="0" branch="true" condition-coverage="0% (0/2)" />
                <line number="340" hits="0" branch="false" />
                <line number="341" hits="0" branch="true" condition-coverage="0% (0/2)" />
                <line number="342" hits="0" branch="false" />
                <line number="343" hits="0" branch="true" condition-coverage="0% (0/4)" />
                <line number="344" hits="0" branch="false" />
                <line number="345" hits="0" branch="false" />
                <line number="346" hits="0" branch="false" />
                <line number="347" hits="0" branch="true" condition-coverage="0% (0/2)" />
                <line number="348" hits="0" branch="false" />
                <line number="349" hits="0" branch="false" />
                <line number="350" hits="0" branch="true" condition-coverage="0% (0/2)" />
                <line number="351" hits="0" branch="false" />
                <line number="352" hits="0" branch="false" />
                <line number="353" hits="0" branch="false" />
                <line number="355" hits="0" branch="false" />
                <line number="356" hits="0" branch="false" />
                <line number="357" hits="0" branch="false" />
                <line number="358" hits="0" branch="false" />
                <line number="359" hits="0" branch="false" />
                <line number="360" hits="0" branch="false" />
                <line number="363" hits="0" branch="false" />
                <line number="364" hits="0" branch="false" />
                <line number="365" hits="0" branch="false" />
                <line number="367" hits="0" branch="false" />
                <line number="368" hits="0" branch="false" />
                <line number="369" hits="0" branch="false" />
                <line number="370" hits="0" branch="false" />
                <line number="371" hits="0" branch="false" />
                <line number="373" hits="0" branch="false" />
              </lines>
            </method>
            <method name="addNewColumnButton_Click" signature="(...)" line-rate="0" branch-rate="0" complexity="2">
              <lines>
                <line number="376" hits="0" branch="false" />
                <line number="378" hits="0" branch="false" />
                <line number="379" hits="0" branch="true" condition-coverage="0% (0/2)" />
                <line number="380" hits="0" branch="false" />
                <line number="381" hits="0" branch="false" />
                <line number="383" hits="0" branch="false" />
                <line number="384" hits="0" branch="false" />
                <line number="385" hits="0" branch="false" />
                <line number="386" hits="0" branch="false" />
                <line number="387" hits="0" branch="false" />
                <line number="388" hits="0" branch="false" />
                <line number="389" hits="0" branch="false" />
                <line number="391" hits="0" branch="false" />
              </lines>
            </method>
            <method name="backFromValuesButton_Click" signature="(...)" line-rate="0" branch-rate="1" complexity="1">
              <lines>
                <line number="394" hits="0" branch="false" />
                <line number="395" hits="0" branch="false" />
                <line number="396" hits="0" branch="false" />
                <line number="397" hits="0" branch="false" />
                <line number="398" hits="0" branch="false" />
                <line number="399" hits="0" branch="false" />
                <line number="400" hits="0" branch="false" />
                <line number="401" hits="0" branch="false" />
              </lines>
            </method>
            <method name="saveValuesButton_Click" signature="(...)" line-rate="0" branch-rate="1" complexity="1">
              <lines>
                <line number="404" hits="0" branch="false" />
                <line number="406" hits="0" branch="false" />
                <line number="407" hits="0" branch="false" />
                <line number="408" hits="0" branch="false" />
                <line number="409" hits="0" branch="false" />
                <line number="410" hits="0" branch="false" />
                <line number="411" hits="0" branch="false" />
                <line number="412" hits="0" branch="false" />
                <line number="413" hits="0" branch="false" />
                <line number="414" hits="0" branch="false" />
              </lines>
            </method>
            <method name="AddNewOrEditRows" signature="()" line-rate="0" branch-rate="0" complexity="16">
              <lines>
                <line number="417" hits="0" branch="false" />
                <line number="418" hits="0" branch="true" condition-coverage="0% (0/2)" />
                <line number="419" hits="0" branch="false" />
                <line number="420" hits="0" branch="true" condition-coverage="0% (0/2)" />
                <line number="421" hits="0" branch="false" />
                <line number="422" hits="0" branch="false" />
                <line number="423" hits="0" branch="true" condition-coverage="0% (0/2)" />
                <line number="424" hits="0" branch="false" />
                <line number="425" hits="0" branch="true" condition-coverage="0% (0/2)" />
                <line number="426" hits="0" branch="false" />
                <line number="427" hits="0" branch="false" />
                <line number="429" hits="0" branch="true" condition-coverage="0% (0/2)" />
                <line number="430" hits="0" branch="false" />
                <line number="431" hits="0" branch="true" condition-coverage="0% (0/2)" />
                <line number="432" hits="0" branch="false" />
                <line number="433" hits="0" branch="false" />
                <line number="434" hits="0" branch="false" />
                <line number="436" hits="0" branch="false" />
                <line number="437" hits="0" branch="false" />
                <line number="439" hits="0" branch="false" />
                <line number="441" hits="0" branch="false" />
                <line number="442" hits="0" branch="true" condition-coverage="0% (0/2)" />
                <line number="443" hits="0" branch="false" />
                <line number="444" hits="0" branch="false" />
                <line number="445" hits="0" branch="false" />
                <line number="447" hits="0" branch="false" />
                <line number="448" hits="0" branch="false" />
                <line number="449" hits="0" branch="false" />
                <line number="450" hits="0" branch="false" />
                <line number="452" hits="0" branch="false" />
                <line number="453" hits="0" branch="true" condition-coverage="0% (0/2)" />
                <line number="454" hits="0" branch="false" />
                <line number="455" hits="0" branch="false" />
                <line number="456" hits="0" branch="false" />
                <line number="458" hits="0" branch="false" />
                <line number="459" hits="0" branch="false" />
                <line number="460" hits="0" branch="false" />
                <line number="463" hits="0" branch="false" />
                <line number="464" hits="0" branch="false" />
                <line number="466" hits="0" branch="false" />
              </lines>
            </method>
            <method name="newRowButton_Click" signature="(...)" line-rate="0" branch-rate="1" complexity="1">
              <lines>
                <line number="469" hits="0" branch="false" />
                <line number="470" hits="0" branch="false" />
                <line number="471" hits="0" branch="false" />
                <line number="473" hits="0" branch="false" />
              </lines>
            </method>
            <method name="deleteRowButton_Click" signature="(...)" line-rate="0" branch-rate="0" complexity="8">
              <lines>
                <line number="476" hits="0" branch="false" />
                <line number="478" hits="0" branch="false" />
                <line number="479" hits="0" branch="true" condition-coverage="0% (0/2)" />
                <line number="480" hits="0" branch="false" />
                <line number="481" hits="0" branch="true" condition-coverage="0% (0/2)" />
                <line number="482" hits="0" branch="false" />
                <line number="483" hits="0" branch="true" condition-coverage="0% (0/2)" />
                <line number="484" hits="0" branch="false" />
                <line number="485" hits="0" branch="false" />
                <line number="486" hits="0" branch="true" condition-coverage="0% (0/2)" />
                <line number="487" hits="0" branch="false" />
                <line number="488" hits="0" branch="false" />
                <line number="489" hits="0" branch="false" />
                <line number="492" hits="0" branch="false" />
                <line number="493" hits="0" branch="false" />
                <line number="494" hits="0" branch="false" />
                <line number="495" hits="0" branch="false" />
                <line number="496" hits="0" branch="false" />
                <line number="497" hits="0" branch="false" />
                <line number="498" hits="0" branch="false" />
                <line number="499" hits="0" branch="false" />
                <line number="501" hits="0" branch="false" />
                <line number="502" hits="0" branch="false" />
                <line number="503" hits="0" branch="false" />
                <line number="504" hits="0" branch="false" />
                <line number="505" hits="0" branch="false" />
                <line number="506" hits="0" branch="false" />
              </lines>
            </method>
            <method name="projectTableButton_Click" signature="(...)" line-rate="0" branch-rate="0" complexity="2">
              <lines>
                <line number="509" hits="0" branch="false" />
                <line number="510" hits="0" branch="false" />
                <line number="511" hits="0" branch="true" condition-coverage="0% (0/2)" />
                <line number="512" hits="0" branch="false" />
                <line number="514" hits="0" branch="false" />
                <line number="515" hits="0" branch="false" />
              </lines>
            </method>
            <method name="importButton_Click" signature="(...)" line-rate="0" branch-rate="0" complexity="4">
              <lines>
                <line number="518" hits="0" branch="false" />
                <line number="520" hits="0" branch="false" />
                <line number="521" hits="0" branch="false" />
                <line number="522" hits="0" branch="false" />
                <line number="523" hits="0" branch="false" />
                <line number="524" hits="0" branch="false" />
                <line number="525" hits="0" branch="false" />
                <line number="526" hits="0" branch="false" />
                <line number="528" hits="0" branch="true" condition-coverage="0% (0/2)" />
                <line number="529" hits="0" branch="false" />
                <line number="530" hits="0" branch="false" />
                <line number="532" hits="0" branch="true" condition-coverage="0% (0/2)" />
                <line number="533" hits="0" branch="false" />
                <line number="534" hits="0" branch="false" />
                <line number="535" hits="0" branch="false" />
                <line number="536" hits="0" branch="false" />
                <line number="537" hits="0" branch="false" />
                <line number="538" hits="0" branch="false" />
                <line number="539" hits="0" branch="false" />
                <line number="541" hits="0" branch="false" />
                <line number="542" hits="0" branch="false" />
                <line number="544" hits="0" branch="false" />
                <line number="545" hits="0" branch="false" />
                <line number="546" hits="0" branch="false" />
                <line number="547" hits="0" branch="false" />
                <line number="548" hits="0" branch="false" />
                <line number="549" hits="0" branch="false" />
                <line number="550" hits="0" branch="false" />
                <line number="551" hits="0" branch="false" />
              </lines>
            </method>
            <method name=".ctor" signature="()" line-rate="0" branch-rate="1" complexity="1">
              <lines>
                <line number="13" hits="0" branch="false" />
                <line number="14" hits="0" branch="false" />
                <line number="15" hits="0" branch="false" />
                <line number="16" hits="0" branch="false" />
                <line number="17" hits="0" branch="false" />
                <line number="18" hits="0" branch="false" />
                <line number="19" hits="0" branch="false" />
                <line number="20" hits="0" branch="false" />
                <line number="21" hits="0" branch="false" />
              </lines>
            </method>
          </methods>
          <lines>
            <line number="13" hits="0" branch="false" />
            <line number="14" hits="0" branch="false" />
            <line number="15" hits="0" branch="false" />
            <line number="16" hits="0" branch="false" />
            <line number="17" hits="0" branch="false" />
            <line number="18" hits="0" branch="false" />
            <line number="19" hits="0" branch="false" />
            <line number="20" hits="0" branch="false" />
            <line number="21" hits="0" branch="false" />
            <line number="24" hits="0" branch="false" />
            <line number="26" hits="0" branch="false" />
            <line number="30" hits="0" branch="false" />
            <line number="31" hits="0" branch="false" />
            <line number="32" hits="0" branch="true" condition-coverage="0% (0/2)" />
            <line number="33" hits="0" branch="false" />
            <line number="35" hits="0" branch="false" />
            <line number="36" hits="0" branch="false" />
            <line number="37" hits="0" branch="false" />
            <line number="38" hits="0" branch="false" />
            <line number="39" hits="0" branch="false" />
            <line number="40" hits="0" branch="false" />
            <line number="41" hits="0" branch="false" />
            <line number="42" hits="0" branch="false" />
            <line number="43" hits="0" branch="false" />
            <line number="44" hits="0" branch="false" />
            <line number="45" hits="0" branch="false" />
            <line number="46" hits="0" branch="false" />
            <line number="48" hits="0" branch="false" />
            <line number="51" hits="0" branch="false" />
            <line number="52" hits="0" branch="false" />
            <line number="53" hits="0" branch="true" condition-coverage="0% (0/2)" />
            <line number="54" hits="0" branch="false" />
            <line number="55" hits="0" branch="false" />
            <line number="56" hits="0" branch="false" />
            <line number="57" hits="0" branch="false" />
            <line number="60" hits="0" branch="false" />
            <line number="61" hits="0" branch="true" condition-coverage="0% (0/2)" />
            <line number="62" hits="0" branch="false" />
            <line number="63" hits="0" branch="false" />
            <line number="64" hits="0" branch="false" />
            <line number="65" hits="0" branch="false" />
            <line number="66" hits="0" branch="false" />
            <line number="67" hits="0" branch="false" />
            <line number="69" hits="0" branch="false" />
            <line number="72" hits="0" branch="false" />
            <line number="73" hits="0" branch="false" />
            <line number="74" hits="0" branch="true" condition-coverage="0% (0/2)" />
            <line number="75" hits="0" branch="false" />
            <line number="77" hits="0" branch="false" />
            <line number="78" hits="0" branch="false" />
            <line number="79" hits="0" branch="false" />
            <line number="80" hits="0" branch="false" />
            <line number="81" hits="0" branch="false" />
            <line number="82" hits="0" branch="false" />
            <line number="83" hits="0" branch="false" />
            <line number="84" hits="0" branch="false" />
            <line number="85" hits="0" branch="false" />
            <line number="87" hits="0" branch="false" />
            <line number="89" hits="0" branch="false" />
            <line number="92" hits="0" branch="false" />
            <line number="93" hits="0" branch="false" />
            <line number="94" hits="0" branch="true" condition-coverage="0% (0/2)" />
            <line number="95" hits="0" branch="false" />
            <line number="97" hits="0" branch="false" />
            <line number="98" hits="0" branch="false" />
            <line number="99" hits="0" branch="false" />
            <line number="100" hits="0" branch="false" />
            <line number="101" hits="0" branch="false" />
            <line number="102" hits="0" branch="false" />
            <line number="103" hits="0" branch="false" />
            <line number="104" hits="0" branch="false" />
            <line number="106" hits="0" branch="false" />
            <line number="107" hits="0" branch="false" />
            <line number="110" hits="0" branch="false" />
            <line number="112" hits="0" branch="false" />
            <line number="115" hits="0" branch="false" />
            <line number="116" hits="0" branch="true" condition-coverage="0% (0/2)" />
            <line number="117" hits="0" branch="false" />
            <line number="118" hits="0" branch="true" condition-coverage="0% (0/2)" />
            <line number="119" hits="0" branch="false" />
            <line number="120" hits="0" branch="false" />
            <line number="121" hits="0" branch="false" />
            <line number="122" hits="0" branch="false" />
            <line number="123" hits="0" branch="false" />
            <line number="125" hits="0" branch="false" />
            <line number="126" hits="0" branch="false" />
            <line number="127" hits="0" branch="false" />
            <line number="128" hits="0" branch="false" />
            <line number="131" hits="0" branch="false" />
            <line number="133" hits="0" branch="false" />
            <line number="134" hits="0" branch="false" />
            <line number="135" hits="0" branch="false" />
            <line number="136" hits="0" branch="false" />
            <line number="137" hits="0" branch="false" />
            <line number="138" hits="0" branch="false" />
            <line number="139" hits="0" branch="false" />
            <line number="141" hits="0" branch="true" condition-coverage="0% (0/2)" />
            <line number="142" hits="0" branch="false" />
            <line number="143" hits="0" branch="false" />
            <line number="145" hits="0" branch="true" condition-coverage="0% (0/2)" />
            <line number="146" hits="0" branch="false" />
            <line number="147" hits="0" branch="false" />
            <line number="148" hits="0" branch="false" />
            <line number="150" hits="0" branch="false" />
            <line number="151" hits="0" branch="false" />
            <line number="152" hits="0" branch="false" />
            <line number="153" hits="0" branch="false" />
            <line number="154" hits="0" branch="false" />
            <line number="155" hits="0" branch="false" />
            <line number="156" hits="0" branch="false" />
            <line number="157" hits="0" branch="false" />
            <line number="158" hits="0" branch="false" />
            <line number="159" hits="0" branch="false" />
            <line number="162" hits="0" branch="false" />
            <line number="163" hits="0" branch="true" condition-coverage="0% (0/2)" />
            <line number="164" hits="0" branch="false" />
            <line number="165" hits="0" branch="true" condition-coverage="0% (0/2)" />
            <line number="166" hits="0" branch="false" />
            <line number="167" hits="0" branch="false" />
            <line number="168" hits="0" branch="false" />
            <line number="170" hits="0" branch="false" />
            <line number="171" hits="0" branch="false" />
            <line number="172" hits="0" branch="false" />
            <line number="173" hits="0" branch="false" />
            <line number="174" hits="0" branch="false" />
            <line number="175" hits="0" branch="false" />
            <line number="176" hits="0" branch="false" />
            <line number="177" hits="0" branch="false" />
            <line number="178" hits="0" branch="false" />
            <line number="180" hits="0" branch="false" />
            <line number="181" hits="0" branch="false" />
            <line number="182" hits="0" branch="false" />
            <line number="183" hits="0" branch="false" />
            <line number="186" hits="0" branch="false" />
            <line number="187" hits="0" branch="false" />
            <line number="189" hits="0" branch="false" />
            <line number="190" hits="0" branch="false" />
            <line number="191" hits="0" branch="false" />
            <line number="192" hits="0" branch="false" />
            <line number="193" hits="0" branch="false" />
            <line number="195" hits="0" branch="true" condition-coverage="0% (0/2)" />
            <line number="196" hits="0" branch="false" />
            <line number="197" hits="0" branch="false" />
            <line number="199" hits="0" branch="false" />
            <line number="200" hits="0" branch="false" />
            <line number="202" hits="0" branch="false" />
            <line number="203" hits="0" branch="false" />
            <line number="205" hits="0" branch="false" />
            <line number="206" hits="0" branch="false" />
            <line number="207" hits="0" branch="true" condition-coverage="0% (0/2)" />
            <line number="208" hits="0" branch="false" />
            <line number="209" hits="0" branch="false" />
            <line number="210" hits="0" branch="false" />
            <line number="212" hits="0" branch="true" condition-coverage="0% (0/2)" />
            <line number="213" hits="0" branch="false" />
            <line number="214" hits="0" branch="false" />
            <line number="215" hits="0" branch="true" condition-coverage="0% (0/2)" />
            <line number="216" hits="0" branch="false" />
            <line number="217" hits="0" branch="true" condition-coverage="0% (0/2)" />
            <line number="218" hits="0" branch="false" />
            <line number="219" hits="0" branch="false" />
            <line number="220" hits="0" branch="false" />
            <line number="222" hits="0" branch="false" />
            <line number="223" hits="0" branch="false" />
            <line number="224" hits="0" branch="false" />
            <line number="225" hits="0" branch="false" />
            <line number="226" hits="0" branch="false" />
            <line number="228" hits="0" branch="false" />
            <line number="232" hits="0" branch="false" />
            <line number="233" hits="0" branch="true" condition-coverage="0% (0/2)" />
            <line number="234" hits="0" branch="false" />
            <line number="235" hits="0" branch="false" />
            <line number="236" hits="0" branch="false" />
            <line number="237" hits="0" branch="false" />
            <line number="238" hits="0" branch="false" />
            <line number="240" hits="0" branch="false" />
            <line number="242" hits="0" branch="false" />
            <line number="243" hits="0" branch="false" />
            <line number="244" hits="0" branch="false" />
            <line number="247" hits="0" branch="false" />
            <line number="250" hits="0" branch="false" />
            <line number="251" hits="0" branch="false" />
            <line number="252" hits="0" branch="false" />
            <line number="253" hits="0" branch="true" condition-coverage="0% (0/2)" />
            <line number="254" hits="0" branch="false" />
            <line number="255" hits="0" branch="false" />
            <line number="256" hits="0" branch="false" />
            <line number="258" hits="0" branch="true" condition-coverage="0% (0/2)" />
            <line number="259" hits="0" branch="false" />
            <line number="260" hits="0" branch="false" />
            <line number="261" hits="0" branch="false" />
            <line number="262" hits="0" branch="false" />
            <line number="263" hits="0" branch="false" />
            <line number="264" hits="0" branch="false" />
            <line number="267" hits="0" branch="false" />
            <line number="269" hits="0" branch="false" />
            <line number="272" hits="0" branch="false" />
            <line number="273" hits="0" branch="false" />
            <line number="274" hits="0" branch="false" />
            <line number="275" hits="0" branch="false" />
            <line number="276" hits="0" branch="false" />
            <line number="277" hits="0" branch="false" />
            <line number="278" hits="0" branch="false" />
            <line number="279" hits="0" branch="false" />
            <line number="282" hits="0" branch="false" />
            <line number="284" hits="0" branch="false" />
            <line number="285" hits="0" branch="false" />
            <line number="286" hits="0" branch="false" />
            <line number="287" hits="0" branch="false" />
            <line number="288" hits="0" branch="false" />
            <line number="289" hits="0" branch="false" />
            <line number="290" hits="0" branch="false" />
            <line number="291" hits="0" branch="false" />
            <line number="292" hits="0" branch="false" />
            <line number="295" hits="0" branch="false" />
            <line number="297" hits="0" branch="false" />
            <line number="298" hits="0" branch="true" condition-coverage="0% (0/2)" />
            <line number="299" hits="0" branch="false" />
            <line number="300" hits="0" branch="false" />
            <line number="303" hits="0" branch="true" condition-coverage="0% (0/2)" />
            <line number="304" hits="0" branch="false" />
            <line number="305" hits="0" branch="true" condition-coverage="0% (0/2)" />
            <line number="306" hits="0" branch="false" />
            <line number="307" hits="0" branch="false" />
            <line number="308" hits="0" branch="false" />
            <line number="309" hits="0" branch="true" condition-coverage="0% (0/4)" />
            <line number="310" hits="0" branch="false" />
            <line number="311" hits="0" branch="false" />
            <line number="312" hits="0" branch="false" />
            <line number="313" hits="0" branch="false" />
            <line number="314" hits="0" branch="false" />
            <line number="315" hits="0" branch="false" />
            <line number="317" hits="0" branch="false" />
            <line number="318" hits="0" branch="false" />
            <line number="319" hits="0" branch="false" />
            <line number="320" hits="0" branch="false" />
            <line number="321" hits="0" branch="false" />
            <line number="322" hits="0" branch="false" />
            <line number="323" hits="0" branch="false" />
            <line number="324" hits="0" branch="false" />
            <line number="327" hits="0" branch="false" />
            <line number="330" hits="0" branch="false" />
            <line number="332" hits="0" branch="false" />
            <line number="333" hits="0" branch="true" condition-coverage="0% (0/2)" />
            <line number="334" hits="0" branch="false" />
            <line number="335" hits="0" branch="false" />
            <line number="337" hits="0" branch="true" condition-coverage="0% (0/2)" />
            <line number="338" hits="0" branch="false" />
            <line number="339" hits="0" branch="true" condition-coverage="0% (0/2)" />
            <line number="340" hits="0" branch="false" />
            <line number="341" hits="0" branch="true" condition-coverage="0% (0/2)" />
            <line number="342" hits="0" branch="false" />
            <line number="343" hits="0" branch="true" condition-coverage="0% (0/4)" />
            <line number="344" hits="0" branch="false" />
            <line number="345" hits="0" branch="false" />
            <line number="346" hits="0" branch="false" />
            <line number="347" hits="0" branch="true" condition-coverage="0% (0/2)" />
            <line number="348" hits="0" branch="false" />
            <line number="349" hits="0" branch="false" />
            <line number="350" hits="0" branch="true" condition-coverage="0% (0/2)" />
            <line number="351" hits="0" branch="false" />
            <line number="352" hits="0" branch="false" />
            <line number="353" hits="0" branch="false" />
            <line number="355" hits="0" branch="false" />
            <line number="356" hits="0" branch="false" />
            <line number="357" hits="0" branch="false" />
            <line number="358" hits="0" branch="false" />
            <line number="359" hits="0" branch="false" />
            <line number="360" hits="0" branch="false" />
            <line number="363" hits="0" branch="false" />
            <line number="364" hits="0" branch="false" />
            <line number="365" hits="0" branch="false" />
            <line number="367" hits="0" branch="false" />
            <line number="368" hits="0" branch="false" />
            <line number="369" hits="0" branch="false" />
            <line number="370" hits="0" branch="false" />
            <line number="371" hits="0" branch="false" />
            <line number="373" hits="0" branch="false" />
            <line number="376" hits="0" branch="false" />
            <line number="378" hits="0" branch="false" />
            <line number="379" hits="0" branch="true" condition-coverage="0% (0/2)" />
            <line number="380" hits="0" branch="false" />
            <line number="381" hits="0" branch="false" />
            <line number="383" hits="0" branch="false" />
            <line number="384" hits="0" branch="false" />
            <line number="385" hits="0" branch="false" />
            <line number="386" hits="0" branch="false" />
            <line number="387" hits="0" branch="false" />
            <line number="388" hits="0" branch="false" />
            <line number="389" hits="0" branch="false" />
            <line number="391" hits="0" branch="false" />
            <line number="394" hits="0" branch="false" />
            <line number="395" hits="0" branch="false" />
            <line number="396" hits="0" branch="false" />
            <line number="397" hits="0" branch="false" />
            <line number="398" hits="0" branch="false" />
            <line number="399" hits="0" branch="false" />
            <line number="400" hits="0" branch="false" />
            <line number="401" hits="0" branch="false" />
            <line number="404" hits="0" branch="false" />
            <line number="406" hits="0" branch="false" />
            <line number="407" hits="0" branch="false" />
            <line number="408" hits="0" branch="false" />
            <line number="409" hits="0" branch="false" />
            <line number="410" hits="0" branch="false" />
            <line number="411" hits="0" branch="false" />
            <line number="412" hits="0" branch="false" />
            <line number="413" hits="0" branch="false" />
            <line number="414" hits="0" branch="false" />
            <line number="417" hits="0" branch="false" />
            <line number="418" hits="0" branch="true" condition-coverage="0% (0/2)" />
            <line number="419" hits="0" branch="false" />
            <line number="420" hits="0" branch="true" condition-coverage="0% (0/2)" />
            <line number="421" hits="0" branch="false" />
            <line number="422" hits="0" branch="false" />
            <line number="423" hits="0" branch="true" condition-coverage="0% (0/2)" />
            <line number="424" hits="0" branch="false" />
            <line number="425" hits="0" branch="true" condition-coverage="0% (0/2)" />
            <line number="426" hits="0" branch="false" />
            <line number="427" hits="0" branch="false" />
            <line number="429" hits="0" branch="true" condition-coverage="0% (0/2)" />
            <line number="430" hits="0" branch="false" />
            <line number="431" hits="0" branch="true" condition-coverage="0% (0/2)" />
            <line number="432" hits="0" branch="false" />
            <line number="433" hits="0" branch="false" />
            <line number="434" hits="0" branch="false" />
            <line number="436" hits="0" branch="false" />
            <line number="437" hits="0" branch="false" />
            <line number="439" hits="0" branch="false" />
            <line number="441" hits="0" branch="false" />
            <line number="442" hits="0" branch="true" condition-coverage="0% (0/2)" />
            <line number="443" hits="0" branch="false" />
            <line number="444" hits="0" branch="false" />
            <line number="445" hits="0" branch="false" />
            <line number="447" hits="0" branch="false" />
            <line number="448" hits="0" branch="false" />
            <line number="449" hits="0" branch="false" />
            <line number="450" hits="0" branch="false" />
            <line number="452" hits="0" branch="false" />
            <line number="453" hits="0" branch="true" condition-coverage="0% (0/2)" />
            <line number="454" hits="0" branch="false" />
            <line number="455" hits="0" branch="false" />
            <line number="456" hits="0" branch="false" />
            <line number="458" hits="0" branch="false" />
            <line number="459" hits="0" branch="false" />
            <line number="460" hits="0" branch="false" />
            <line number="463" hits="0" branch="false" />
            <line number="464" hits="0" branch="false" />
            <line number="466" hits="0" branch="false" />
            <line number="469" hits="0" branch="false" />
            <line number="470" hits="0" branch="false" />
            <line number="471" hits="0" branch="false" />
            <line number="473" hits="0" branch="false" />
            <line number="476" hits="0" branch="false" />
            <line number="478" hits="0" branch="false" />
            <line number="479" hits="0" branch="true" condition-coverage="0% (0/2)" />
            <line number="480" hits="0" branch="false" />
            <line number="481" hits="0" branch="true" condition-coverage="0% (0/2)" />
            <line number="482" hits="0" branch="false" />
            <line number="483" hits="0" branch="true" condition-coverage="0% (0/2)" />
            <line number="484" hits="0" branch="false" />
            <line number="485" hits="0" branch="false" />
            <line number="486" hits="0" branch="true" condition-coverage="0% (0/2)" />
            <line number="487" hits="0" branch="false" />
            <line number="488" hits="0" branch="false" />
            <line number="489" hits="0" branch="false" />
            <line number="492" hits="0" branch="false" />
            <line number="493" hits="0" branch="false" />
            <line number="494" hits="0" branch="false" />
            <line number="495" hits="0" branch="false" />
            <line number="496" hits="0" branch="false" />
            <line number="497" hits="0" branch="false" />
            <line number="498" hits="0" branch="false" />
            <line number="499" hits="0" branch="false" />
            <line number="501" hits="0" branch="false" />
            <line number="502" hits="0" branch="false" />
            <line number="503" hits="0" branch="false" />
            <line number="504" hits="0" branch="false" />
            <line number="505" hits="0" branch="false" />
            <line number="506" hits="0" branch="false" />
            <line number="509" hits="0" branch="false" />
            <line number="510" hits="0" branch="false" />
            <line number="511" hits="0" branch="true" condition-coverage="0% (0/2)" />
            <line number="512" hits="0" branch="false" />
            <line number="514" hits="0" branch="false" />
            <line number="515" hits="0" branch="false" />
            <line number="518" hits="0" branch="false" />
            <line number="520" hits="0" branch="false" />
            <line number="521" hits="0" branch="false" />
            <line number="522" hits="0" branch="false" />
            <line number="523" hits="0" branch="false" />
            <line number="524" hits="0" branch="false" />
            <line number="525" hits="0" branch="false" />
            <line number="526" hits="0" branch="false" />
            <line number="528" hits="0" branch="true" condition-coverage="0% (0/2)" />
            <line number="529" hits="0" branch="false" />
            <line number="530" hits="0" branch="false" />
            <line number="532" hits="0" branch="true" condition-coverage="0% (0/2)" />
            <line number="533" hits="0" branch="false" />
            <line number="534" hits="0" branch="false" />
            <line number="535" hits="0" branch="false" />
            <line number="536" hits="0" branch="false" />
            <line number="537" hits="0" branch="false" />
            <line number="538" hits="0" branch="false" />
            <line number="539" hits="0" branch="false" />
            <line number="541" hits="0" branch="false" />
            <line number="542" hits="0" branch="false" />
            <line number="544" hits="0" branch="false" />
            <line number="545" hits="0" branch="false" />
            <line number="546" hits="0" branch="false" />
            <line number="547" hits="0" branch="false" />
            <line number="548" hits="0" branch="false" />
            <line number="549" hits="0" branch="false" />
            <line number="550" hits="0" branch="false" />
            <line number="551" hits="0" branch="false" />
          </lines>
        </class>
        <class name="MyDBSM.Form1" filename="D:\c#\MyDBSM\MyDBSM\Form1.Designer.cs" line-rate="0" branch-rate="0" complexity="6">
          <methods>
            <method name="Dispose" signature="(...)" line-rate="0" branch-rate="0" complexity="4">
              <lines>
                <line number="15" hits="0" branch="false" />
                <line number="16" hits="0" branch="true" condition-coverage="0% (0/4)" />
                <line number="17" hits="0" branch="false" />
                <line number="18" hits="0" branch="false" />
                <line number="19" hits="0" branch="false" />
                <line number="20" hits="0" branch="false" />
                <line number="21" hits="0" branch="false" />
              </lines>
            </method>
            <method name="InitializeComponent" signature="()" line-rate="0" branch-rate="1" complexity="1">
              <lines>
                <line number="30" hits="0" branch="false" />
                <line number="31" hits="0" branch="false" />
                <line number="32" hits="0" branch="false" />
                <line number="33" hits="0" branch="false" />
                <line number="34" hits="0" branch="false" />
                <line number="35" hits="0" branch="false" />
                <line number="36" hits="0" branch="false" />
                <line number="37" hits="0" branch="false" />
                <line number="38" hits="0" branch="false" />
                <line number="39" hits="0" branch="false" />
                <line number="40" hits="0" branch="false" />
                <line number="41" hits="0" branch="false" />
                <line number="42" hits="0" branch="false" />
                <line number="43" hits="0" branch="false" />
                <line number="44" hits="0" branch="false" />
                <line number="45" hits="0" branch="false" />
                <line number="46" hits="0" branch="false" />
                <line number="47" hits="0" branch="false" />
                <line number="48" hits="0" branch="false" />
                <line number="49" hits="0" branch="false" />
                <line number="50" hits="0" branch="false" />
                <line number="51" hits="0" branch="false" />
                <line number="52" hits="0" branch="false" />
                <line number="53" hits="0" branch="false" />
                <line number="54" hits="0" branch="false" />
                <line number="55" hits="0" branch="false" />
                <line number="56" hits="0" branch="false" />
                <line number="57" hits="0" branch="false" />
[...]
            <line number="93" hits="0" branch="false" />
            <line number="94" hits="0" branch="false" />
            <line number="97" hits="0" branch="false" />
            <line number="98" hits="0" branch="false" />
            <line number="99" hits="0" branch="false" />
            <line number="100" hits="0" branch="false" />
            <line number="101" hits="0" branch="false" />
          </lines>
        </class>
        <class name="MyDBSM.TableProjectionForm" filename="D:\c#\MyDBSM\MyDBSM\TableProjectionForm.Designer.cs" line-rate="0" branch-rate="0" complexity="6">
          <methods>
            <method name="Dispose" signature="(...)" line-rate="0" branch-rate="0" complexity="4">
              <lines>
                <line number="15" hits="0" branch="false" />
                <line number="16" hits="0" branch="true" condition-coverage="0% (0/4)" />
                <line number="17" hits="0" branch="false" />
                <line number="18" hits="0" branch="false" />
                <line number="19" hits="0" branch="false" />
                <line number="20" hits="0" branch="false" />
                <line number="21" hits="0" branch="false" />
              </lines>
            </method>
            <method name="InitializeComponent" signature="()" line-rate="0" branch-rate="1" complexity="1">
              <lines>
                <line number="30" hits="0" branch="false" />
                <line number="31" hits="0" branch="false" />
                <line number="32" hits="0" branch="false" />
                <line number="33" hits="0" branch="false" />
                <line number="34" hits="0" branch="false" />
                <line number="35" hits="0" branch="false" />
                <line number="36" hits="0" branch="false" />
                <line number="37" hits="0" branch="false" />
                <line number="38" hits="0" branch="false" />
                <line number="39" hits="0" branch="false" />
                <line number="40" hits="0" branch="false" />
                <line number="41" hits="0" branch="false" />
                <line number="45" hits="0" branch="false" />
                <line number="46" hits="0" branch="false" />
                <line number="47" hits="0" branch="false" />
                <line number="48" hits="0" branch="false" />
                <line number="49" hits="0" branch="false" />
                <line number="50" hits="0" branch="false" />
                <line number="51" hits="0" branch="false" />
                <line number="52" hits="0" branch="false" />
                <line number="53" hits="0" branch="false" />
                <line number="57" hits="0" branch="false" />
                <line number="58" hits="0" branch="false" />
                <line number="59" hits="0" branch="false" />
                <line number="60" hits="0" branch="false" />
                <line number="61" hits="0" branch="false" />
                <line number="62" hits="0" branch="false" />
                <line number="63" hits="0" branch="false" />
                <line number="64" hits="0" branch="false" />
                <line number="65" hits="0" branch="false" />
                <line number="69" hits="0" branch="false" />
                <line number="70" hits="0" branch="false" />
                <line number="71" hits="0" branch="false" />
                <line number="72" hits="0" branch="false" />
                <line number="73" hits="0" branch="false" />
                <line number="74" hits="0" branch="false" />
                <line number="75" hits="0" branch="false" />
                <line number="79" hits="0" branch="false" />
                <line number="80" hits="0" branch="false" />
                <line number="81" hits="0" branch="false" />
                <line number="82" hits="0" branch="false" />
                <line number="83" hits="0" branch="false" />
                <line number="84" hits="0" branch="false" />
                <line number="85" hits="0" branch="false" />
                <line number="86" hits="0" branch="false" />
                <line number="90" hits="0" branch="false" />
                <line number="91" hits="0" branch="false" />
                <line number="92" hits="0" branch="false" />
                <line number="93" hits="0" branch="false" />
                <line number="94" hits="0" branch="false" />
                <line number="95" hits="0" branch="false" />
                <line number="96" hits="0" branch="false" />
                <line number="97" hits="0" branch="false" />
                <line number="101" hits="0" branch="false" />
                <line number="102" hits="0" branch="false" />
                <line number="103" hits="0" branch="false" />
                <line number="104" hits="0" branch="false" />
                <line number="105" hits="0" branch="false" />
                <line number="106" hits="0" branch="false" />
                <line number="107" hits="0" branch="false" />
                <line number="108" hits="0" branch="false" />
                <line number="109" hits="0" branch="false" />
                <line number="113" hits="0" branch="false" />
                <line number="114" hits="0" branch="false" />
                <line number="115" hits="0" branch="false" />
                <line number="116" hits="0" branch="false" />
                <line number="117" hits="0" branch="false" />
                <line number="118" hits="0" branch="false" />
                <line number="119" hits="0" branch="false" />
                <line number="120" hits="0" branch="false" />
                <line number="121" hits="0" branch="false" />
                <line number="122" hits="0" branch="false" />
                <line number="126" hits="0" branch="false" />
                <line number="127" hits="0" branch="false" />
                <line number="128" hits="0" branch="false" />
                <line number="129" hits="0" branch="false" />
                <line number="130" hits="0" branch="false" />
                <line number="131" hits="0" branch="false" />
                <line number="132" hits="0" branch="false" />
                <line number="133" hits="0" branch="false" />
                <line number="134" hits="0" branch="false" />
                <line number="135" hits="0" branch="false" />
                <line number="136" hits="0" branch="false" />
                <line number="137" hits="0" branch="false" />
                <line number="138" hits="0" branch="false" />
              </lines>
            </method>
            <method name=".ctor" signature="(...)" line-rate="0" branch-rate="1" complexity="1">
              <lines>
                <line number="8" hits="0" branch="false" />
              </lines>
            </method>
          </methods>
          <lines>
            <line number="8" hits="0" branch="false" />
            <line number="15" hits="0" branch="false" />
            <line number="16" hits="0" branch="true" condition-coverage="0% (0/4)" />
            <line number="17" hits="0" branch="false" />
            <line number="18" hits="0" branch="false" />
            <line number="19" hits="0" branch="false" />
            <line number="20" hits="0" branch="false" />
            <line number="21" hits="0" branch="false" />
            <line number="30" hits="0" branch="false" />
            <line number="31" hits="0" branch="false" />
            <line number="32" hits="0" branch="false" />
            <line number="33" hits="0" branch="false" />
            <line number="34" hits="0" branch="false" />
            <line number="35" hits="0" branch="false" />
            <line number="36" hits="0" branch="false" />
            <line number="37" hits="0" branch="false" />
            <line number="38" hits="0" branch="false" />
            <line number="39" hits="0" branch="false" />
            <line number="40" hits="0" branch="false" />
            <line number="41" hits="0" branch="false" />
            <line number="45" hits="0" branch="false" />
            <line number="46" hits="0" branch="false" />
            <line number="47" hits="0" branch="false" />
            <line number="48" hits="0" branch="false" />
            <line number="49" hits="0" branch="false" />
            <line number="50" hits="0" branch="false" />
            <line number="51" hits="0" branch="false" />
            <line number="52" hits="0" branch="false" />
            <line number="53" hits="0" branch="false" />
            <line number="57" hits="0" branch="false" />
            <line number="58" hits="0" branch="false" />
            <line number="59" hits="0" branch="false" />
            <line number="60" hits="0" branch="false" />
            <line number="61" hits="0" branch="false" />
            <line number="62" hits="0" branch="false" />
            <line number="63" hits="0" branch="false" />
            <line number="64" hits="0" branch="false" />
            <line number="65" hits="0" branch="false" />
            <line number="69" hits="0" branch="false" />
            <line number="70" hits="0" branch="false" />
            <line number="71" hits="0" branch="false" />
            <line number="72" hits="0" branch="false" />
            <line number="73" hits="0" branch="false" />
            <line number="74" hits="0" branch="false" />
            <line number="75" hits="0" branch="false" />
            <line number="79" hits="0" branch="false" />
            <line number="80" hits="0" branch="false" />
            <line number="81" hits="0" branch="false" />
            <line number="82" hits="0" branch="false" />
            <line number="83" hits="0" branch="false" />
            <line number="84" hits="0" branch="false" />
            <line number="85" hits="0" branch="false" />
            <line number="86" hits="0" branch="false" />
            <line number="90" hits="0" branch="false" />
            <line number="91" hits="0" branch="false" />
            <line number="92" hits="0" branch="false" />
            <line number="93" hits="0" branch="false" />
            <line number="94" hits="0" branch="false" />
            <line number="95" hits="0" branch="false" />
            <line number="96" hits="0" branch="false" />
            <line number="97" hits="0" branch="false" />
            <line number="101" hits="0" branch="false" />
            <line number="102" hits="0" branch="false" />
            <line number="103" hits="0" branch="false" />
            <line number="104" hits="0" branch="false" />
            <line number="105" hits="0" branch="false" />
            <line number="106" hits="0" branch="false" />
            <line number="107" hits="0" branch="false" />
            <line number="108" hits="0" branch="false" />
            <line number="109" hits="0" branch="false" />
            <line number="113" hits="0" branch="false" />
            <line number="114" hits="0" branch="false" />
            <line number="115" hits="0" branch="false" />
            <line number="116" hits="0" branch="false" />
            <line number="117" hits="0" branch="false" />
            <line number="118" hits="0" branch="false" />
            <line number="119" hits="0" branch="false" />
            <line number="120" hits="0" branch="false" />
            <line number="121" hits="0" branch="false" />
            <line number="122" hits="0" branch="false" />
            <line number="126" hits="0" branch="false" />
            <line number="127" hits="0" branch="false" />
            <line number="128" hits="0" branch="false" />
            <line number="129" hits="0" branch="false" />
            <line number="130" hits="0" branch="false" />
            <line number="131" hits="0" branch="false" />
            <line number="132" hits="0" branch="false" />
            <line number="133" hits="0" branch="false" />
            <line number="134" hits="0" branch="false" />
            <line number="135" hits="0" branch="false" />
            <line number="136" hits="0" branch="false" />
            <line number="137" hits="0" branch="false" />
            <line number="138" hits="0" branch="false" />
          </lines>
        </class>
      </classes>
    </package>
    <package name="MyDBSMTests" line-rate="0.979591836734694" branch-rate="1" complexity="5">
      <classes>
        <class name="AutoGeneratedProgram" filename="C:\Users\Алина\.nuget\packages\microsoft.net.test.sdk\17.5.0\build\netcoreapp3.1\Microsoft.NET.Test.Sdk.Program.cs" line-rate="0" branch-rate="1" complexity="1">
          <methods>
            <method name="Main" signature="(...)" line-rate="0" branch-rate="1" complexity="1">
              <lines>
                <line number="4" hits="0" branch="false" />
              </lines>
            </method>
          </methods>
          <lines>
            <line number="4" hits="0" branch="false" />
          </lines>
        </class>
        <class name="MyDBSMTests.ColumnsTests" filename="D:\c#\MyDBSM\MyDBSMTests\ColumnsTests.cs" line-rate="1" branch-rate="1" complexity="3">
          <methods>
            <method name="TestColorColumnValidation" signature="()" line-rate="1" branch-rate="1" complexity="1">
              <lines>
                <line number="11" hits="1" branch="false" />
                <line number="13" hits="1" branch="false" />
                <line number="16" hits="1" branch="false" />
                <line number="19" hits="1" branch="false" />
                <line number="20" hits="1" branch="false" />
              </lines>
            </method>
            <method name="TestColorIntervalColumnValidation" signature="()" line-rate="1" branch-rate="1" complexity="1">
              <lines>
                <line number="24" hits="1" branch="false" />
                <line number="26" hits="1" branch="false" />
                <line number="29" hits="1" branch="false" />
                <line number="32" hits="1" branch="false" />
                <line number="33" hits="1" branch="false" />
              </lines>
            </method>
            <method name="TestRealColumnValidation" signature="()" line-rate="1" branch-rate="1" complexity="1">
              <lines>
                <line number="37" hits="1" branch="false" />
                <line number="39" hits="1" branch="false" />
                <line number="42" hits="1" branch="false" />
                <line number="45" hits="1" branch="false" />
                <line number="46" hits="1" branch="false" />
              </lines>
            </method>
          </methods>
          <lines>
            <line number="11" hits="1" branch="false" />
            <line number="13" hits="1" branch="false" />
            <line number="16" hits="1" branch="false" />
            <line number="19" hits="1" branch="false" />
            <line number="20" hits="1" branch="false" />
            <line number="24" hits="1" branch="false" />
            <line number="26" hits="1" branch="false" />
            <line number="29" hits="1" branch="false" />
            <line number="32" hits="1" branch="false" />
            <line number="33" hits="1" branch="false" />
            <line number="37" hits="1" branch="false" />
            <line number="39" hits="1" branch="false" />
            <line number="42" hits="1" branch="false" />
            <line number="45" hits="1" branch="false" />
            <line number="46" hits="1" branch="false" />
          </lines>
        </class>
        <class name="MyDBSMTests.ProjectionTests" filename="D:\c#\MyDBSM\MyDBSMTests\ProjectionTests.cs" line-rate="1" branch-rate="1" complexity="1">
          <methods>
            <method name="ProjectionTest" signature="()" line-rate="1" branch-rate="1" complexity="1">
              <lines>
                <line number="15" hits="1" branch="false" />
                <line number="17" hits="1" branch="false" />
                <line number="18" hits="1" branch="false" />
                <line number="19" hits="1" branch="false" />
                <line number="20" hits="1" branch="false" />
                <line number="21" hits="1" branch="false" />
                <line number="22" hits="1" branch="false" />
                <line number="23" hits="1" branch="false" />
                <line number="24" hits="1" branch="false" />
                <line number="25" hits="1" branch="false" />
                <line number="26" hits="1" branch="false" />
                <line number="27" hits="1" branch="false" />
                <line number="28" hits="1" branch="false" />
                <line number="29" hits="1" branch="false" />
                <line number="30" hits="1" branch="false" />
                <line number="31" hits="1" branch="false" />
                <line number="32" hits="1" branch="false" />
                <line number="33" hits="1" branch="false" />
                <line number="34" hits="1" branch="false" />
                <line number="35" hits="1" branch="false" />
                <line number="36" hits="1" branch="false" />
                <line number="37" hits="1" branch="false" />
                <line number="38" hits="1" branch="false" />
                <line number="39" hits="1" branch="false" />
                <line number="40" hits="1" branch="false" />
                <line number="41" hits="1" branch="false" />
                <line number="44" hits="1" branch="false" />
                <line number="45" hits="1" branch="false" />
                <line number="48" hits="1" branch="false" />
                <line number="49" hits="1" branch="false" />
                <line number="50" hits="1" branch="false" />
                <line number="51" hits="1" branch="false" />
                <line number="54" hits="1" branch="false" />
              </lines>
            </method>
          </methods>
          <lines>
            <line number="15" hits="1" branch="false" />
            <line number="17" hits="1" branch="false" />
            <line number="18" hits="1" branch="false" />
            <line number="19" hits="1" branch="false" />
            <line number="20" hits="1" branch="false" />
            <line number="21" hits="1" branch="false" />
            <line number="22" hits="1" branch="false" />
            <line number="23" hits="1" branch="false" />
            <line number="24" hits="1" branch="false" />
            <line number="25" hits="1" branch="false" />
            <line number="26" hits="1" branch="false" />
            <line number="27" hits="1" branch="false" />
            <line number="28" hits="1" branch="false" />
            <line number="29" hits="1" branch="false" />
            <line number="30" hits="1" branch="false" />
            <line number="31" hits="1" branch="false" />
            <line number="32" hits="1" branch="false" />
            <line number="33" hits="1" branch="false" />
            <line number="34" hits="1" branch="false" />
            <line number="35" hits="1" branch="false" />
            <line number="36" hits="1" branch="false" />
            <line number="37" hits="1" branch="false" />
            <line number="38" hits="1" branch="false" />
            <line number="39" hits="1" branch="false" />
            <line number="40" hits="1" branch="false" />
            <line number="41" hits="1" branch="false" />
            <line number="44" hits="1" branch="false" />
            <line number="45" hits="1" branch="false" />
            <line number="48" hits="1" branch="false" />
            <line number="49" hits="1" branch="false" />
            <line number="50" hits="1" branch="false" />
            <line number="51" hits="1" branch="false" />
            <line number="54" hits="1" branch="false" />
          </lines>
        </class>
      </classes>
    </package>
  </packages>
</coverage>