TpTrace Verbose: 0 : 20348, 1, 2023/10/02, 23:01:27.889, 5048132071983, vstest.console.dll, Version: 17.5.0-release-20221220-01 Current process architecture: X64
TpTrace Verbose: 0 : 20348, 1, 2023/10/02, 23:01:27.890, 5048132087542, vstest.console.dll, Runtime location: C:\Program Files\dotnet\shared\Microsoft.NETCore.App\7.0.5
TpTrace Verbose: 0 : 20348, 1, 2023/10/02, 23:01:27.893, 5048132118958, vstest.console.dll, ArtifactProcessingPostProcessModeProcessorExecutor.Initialize: ArtifactProcessingMode.Collect
TpTrace Verbose: 0 : 20348, 1, 2023/10/02, 23:01:27.894, 5048132120621, vstest.console.dll, TestSessionCorrelationIdProcessorModeProcessorExecutor.Initialize: TestSessionCorrelationId '25264_0c05824b-75cc-426b-a1a2-2ea42439b8b0'
TpTrace Information: 0 : 20348, 1, 2023/10/02, 23:01:27.901, 5048132191235, vstest.console.dll, FilePatternParser: The given file D:\c#\MyDBSM\MyDBSMTests\bin\Debug\net6.0-windows\fine-code-coverage\build-output\MyDBSMTests.dll is a full path.
TpTrace Verbose: 0 : 20348, 1, 2023/10/02, 23:01:27.906, 5048132240687, vstest.console.dll, TestPluginCache.DiscoverTestExtensions: finding test extensions in assemblies ends with: RuntimeProvider.dll TPluginInfo: Microsoft.VisualStudio.TestPlatform.Common.ExtensionFramework.Utilities.TestRuntimePluginInformation TExtension: Microsoft.VisualStudio.TestPlatform.ObjectModel.Host.ITestRuntimeProvider
TpTrace Verbose: 0 : 20348, 1, 2023/10/02, 23:01:27.906, 5048132244164, vstest.console.dll, TestPluginCache.GetExtensionPaths: Filtered extension paths: 
TpTrace Verbose: 0 : 20348, 1, 2023/10/02, 23:01:27.906, 5048132244800, vstest.console.dll, TestPluginCache.GetExtensionPaths: Added default extension paths: C:\Program Files\dotnet\sdk\7.0.203\Extensions\Microsoft.Diagnostics.NETCore.Client.dll
C:\Program Files\dotnet\sdk\7.0.203\Extensions\Microsoft.TestPlatform.Extensions.BlameDataCollector.dll
C:\Program Files\dotnet\sdk\7.0.203\Extensions\Microsoft.TestPlatform.Extensions.EventLogCollector.dll
C:\Program Files\dotnet\sdk\7.0.203\Extensions\Microsoft.TestPlatform.TestHostRuntimeProvider.dll
C:\Program Files\dotnet\sdk\7.0.203\Extensions\Microsoft.VisualStudio.TestPlatform.Extensions.Html.TestLogger.dll
C:\Program Files\dotnet\sdk\7.0.203\Extensions\Microsoft.VisualStudio.TestPlatform.Extensions.Trx.TestLogger.dll
TpTrace Verbose: 0 : 20348, 1, 2023/10/02, 23:01:27.906, 5048132245032, vstest.console.dll, TestPluginCache.GetExtensionPaths: Added unfilterableExtensionPaths: 
TpTrace Information: 0 : 20348, 1, 2023/10/02, 23:01:27.907, 5048132250295, vstest.console.dll, AssemblyResolver.ctor: Creating AssemblyResolver with searchDirectories C:\Program Files\dotnet\sdk\7.0.203\Extensions,C:\Program Files\dotnet\sdk\7.0.203
TpTrace Verbose: 0 : 20348, 1, 2023/10/02, 23:01:27.908, 5048132267515, vstest.console.dll, TestPluginCache.DiscoverTestExtensions: Discovering the extensions using extension path.
TpTrace Verbose: 0 : 20348, 1, 2023/10/02, 23:01:27.908, 5048132269178, vstest.console.dll, TestPluginCache.GetExtensionPaths: Filtered extension paths: 
TpTrace Verbose: 0 : 20348, 1, 2023/10/02, 23:01:27.908, 5048132269446, vstest.console.dll, TestPluginCache.GetExtensionPaths: Added default extension paths: C:\Program Files\dotnet\sdk\7.0.203\Extensions\Microsoft.Diagnostics.NETCore.Client.dll
C:\Program Files\dotnet\sdk\7.0.203\Extensions\Microsoft.TestPlatform.Extensions.BlameDataCollector.dll
C:\Program Files\dotnet\sdk\7.0.203\Extensions\Microsoft.TestPlatform.Extensions.EventLogCollector.dll
C:\Program Files\dotnet\sdk\7.0.203\Extensions\Microsoft.TestPlatform.TestHostRuntimeProvider.dll
C:\Program Files\dotnet\sdk\7.0.203\Extensions\Microsoft.VisualStudio.TestPlatform.Extensions.Html.TestLogger.dll
C:\Program Files\dotnet\sdk\7.0.203\Extensions\Microsoft.VisualStudio.TestPlatform.Extensions.Trx.TestLogger.dll
TpTrace Verbose: 0 : 20348, 1, 2023/10/02, 23:01:27.908, 5048132269676, vstest.console.dll, TestPluginCache.GetExtensionPaths: Added unfilterableExtensionPaths: 
TpTrace Verbose: 0 : 20348, 1, 2023/10/02, 23:01:27.909, 5048132270399, vstest.console.dll, TestPluginCache.DiscoverTestExtensions: Discovering the extensions using allExtensionPaths: C:\Program Files\dotnet\sdk\7.0.203\Extensions\Microsoft.Diagnostics.NETCore.Client.dll
C:\Program Files\dotnet\sdk\7.0.203\Extensions\Microsoft.TestPlatform.Extensions.BlameDataCollector.dll
C:\Program Files\dotnet\sdk\7.0.203\Extensions\Microsoft.TestPlatform.Extensions.EventLogCollector.dll
C:\Program Files\dotnet\sdk\7.0.203\Extensions\Microsoft.TestPlatform.TestHostRuntimeProvider.dll
C:\Program Files\dotnet\sdk\7.0.203\Extensions\Microsoft.VisualStudio.TestPlatform.Extensions.Html.TestLogger.dll
C:\Program Files\dotnet\sdk\7.0.203\Extensions\Microsoft.VisualStudio.TestPlatform.Extensions.Trx.TestLogger.dll
TpTrace Information: 0 : 20348, 1, 2023/10/02, 23:01:27.909, 5048132271981, vstest.console.dll, AssemblyResolver.AddSearchDirectories: Adding more searchDirectories C:\Program Files\dotnet\sdk\7.0.203\Extensions,C:\Program Files\dotnet\sdk\7.0.203
TpTrace Information: 0 : 20348, 1, 2023/10/02, 23:01:27.909, 5048132272576, vstest.console.dll, AssemblyResolver.AddSearchDirectories: Adding more searchDirectories C:\Program Files\dotnet\sdk\7.0.203\Extensions,C:\Program Files\dotnet\sdk\7.0.203
TpTrace Information: 0 : 20348, 1, 2023/10/02, 23:01:27.909, 5048132272795, vstest.console.dll, AssemblyResolver.AddSearchDirectories: Adding more searchDirectories C:\Program Files\dotnet\sdk\7.0.203\Extensions,C:\Program Files\dotnet\sdk\7.0.203
TpTrace Information: 0 : 20348, 1, 2023/10/02, 23:01:27.909, 5048132273002, vstest.console.dll, AssemblyResolver.AddSearchDirectories: Adding more searchDirectories C:\Program Files\dotnet\sdk\7.0.203\Extensions,C:\Program Files\dotnet\sdk\7.0.203
TpTrace Information: 0 : 20348, 1, 2023/10/02, 23:01:27.909, 5048132273171, vstest.console.dll, AssemblyResolver.AddSearchDirectories: Adding more searchDirectories C:\Program Files\dotnet\sdk\7.0.203\Extensions,C:\Program Files\dotnet\sdk\7.0.203
TpTrace Information: 0 : 20348, 1, 2023/10/02, 23:01:27.909, 5048132273337, vstest.console.dll, AssemblyResolver.AddSearchDirectories: Adding more searchDirectories C:\Program Files\dotnet\sdk\7.0.203\Extensions,C:\Program Files\dotnet\sdk\7.0.203
TpTrace Information: 0 : 20348, 1, 2023/10/02, 23:01:27.909, 5048132276804, vstest.console.dll, AssemblyResolver.OnResolve: Microsoft.Diagnostics.NETCore.Client: Resolving assembly.
TpTrace Information: 0 : 20348, 1, 2023/10/02, 23:01:27.909, 5048132277552, vstest.console.dll, AssemblyResolver.OnResolve: Microsoft.Diagnostics.NETCore.Client: Searching in: 'C:\Program Files\dotnet\sdk\7.0.203\Extensions'.
TpTrace Information: 0 : 20348, 1, 2023/10/02, 23:01:27.918, 5048132365917, vstest.console.dll, AssemblyResolver.OnResolve: Microsoft.Diagnostics.NETCore.Client: Loading assembly 'C:\Program Files\dotnet\sdk\7.0.203\Extensions\Microsoft.Diagnostics.NETCore.Client.dll'.
TpTrace Information: 0 : 20348, 1, 2023/10/02, 23:01:27.919, 5048132376952, vstest.console.dll, AssemblyResolver.OnResolve: Resolved assembly: Microsoft.Diagnostics.NETCore.Client, from path: C:\Program Files\dotnet\sdk\7.0.203\Extensions\Microsoft.Diagnostics.NETCore.Client.dll
TpTrace Verbose: 0 : 20348, 1, 2023/10/02, 23:01:27.920, 5048132387438, vstest.console.dll, MetadataReaderExtensionsHelper: Discovering extensions inside assembly 'Microsoft.Diagnostics.NETCore.Client, Version=0.2.6.42401, Culture=neutral, PublicKeyToken=31bf3856ad364e35' file path 'C:\Program Files\dotnet\sdk\7.0.203\Extensions\Microsoft.Diagnostics.NETCore.Client.dll'
TpTrace Information: 0 : 20348, 1, 2023/10/02, 23:01:27.925, 5048132434695, vstest.console.dll, AssemblyResolver.OnResolve: Microsoft.Bcl.AsyncInterfaces: Resolving assembly.
TpTrace Information: 0 : 20348, 1, 2023/10/02, 23:01:27.925, 5048132435936, vstest.console.dll, AssemblyResolver.OnResolve: Microsoft.Bcl.AsyncInterfaces: Searching in: 'C:\Program Files\dotnet\sdk\7.0.203\Extensions'.
TpTrace Information: 0 : 20348, 1, 2023/10/02, 23:01:27.925, 5048132436775, vstest.console.dll, AssemblyResolver.OnResolve: Microsoft.Bcl.AsyncInterfaces: Assembly path does not exist: 'C:\Program Files\dotnet\sdk\7.0.203\Extensions\Microsoft.Bcl.AsyncInterfaces.dll', returning.
TpTrace Information: 0 : 20348, 1, 2023/10/02, 23:01:27.925, 5048132437647, vstest.console.dll, AssemblyResolver.OnResolve: Microsoft.Bcl.AsyncInterfaces: Assembly path does not exist: 'C:\Program Files\dotnet\sdk\7.0.203\Extensions\Microsoft.Bcl.AsyncInterfaces.exe', returning.
TpTrace Information: 0 : 20348, 1, 2023/10/02, 23:01:27.925, 5048132437950, vstest.console.dll, AssemblyResolver.OnResolve: Microsoft.Bcl.AsyncInterfaces: Searching in: 'C:\Program Files\dotnet\sdk\7.0.203'.
TpTrace Information: 0 : 20348, 1, 2023/10/02, 23:01:27.925, 5048132438409, vstest.console.dll, AssemblyResolver.OnResolve: Microsoft.Bcl.AsyncInterfaces: Assembly path does not exist: 'C:\Program Files\dotnet\sdk\7.0.203\Microsoft.Bcl.AsyncInterfaces.dll', returning.
TpTrace Information: 0 : 20348, 1, 2023/10/02, 23:01:27.925, 5048132438813, vstest.console.dll, AssemblyResolver.OnResolve: Microsoft.Bcl.AsyncInterfaces: Assembly path does not exist: 'C:\Program Files\dotnet\sdk\7.0.203\Microsoft.Bcl.AsyncInterfaces.exe', returning.
TpTrace Information: 0 : 20348, 1, 2023/10/02, 23:01:27.925, 5048132439009, vstest.console.dll, AssemblyResolver.OnResolve: Microsoft.Bcl.AsyncInterfaces: Failed to load assembly.
TpTrace Verbose: 0 : 20348, 1, 2023/10/02, 23:01:27.925, 5048132439304, vstest.console.dll, CurrentDomainAssemblyResolve: Resolving assembly 'Microsoft.Bcl.AsyncInterfaces'.
TpTrace Information: 0 : 20348, 1, 2023/10/02, 23:01:27.926, 5048132439802, vstest.console.dll, AssemblyResolver.OnResolve: Microsoft.Bcl.AsyncInterfaces: Resolving assembly.
TpTrace Information: 0 : 20348, 1, 2023/10/02, 23:01:27.926, 5048132440093, vstest.console.dll, AssemblyResolver.OnResolve: Microsoft.Bcl.AsyncInterfaces: Resolved from cache.
TpTrace Verbose: 0 : 20348, 1, 2023/10/02, 23:01:27.926, 5048132440249, vstest.console.dll, CurrentDomainAssemblyResolve: Resolving assembly 'Microsoft.Bcl.AsyncInterfaces'.
TpTrace Verbose: 0 : 20348, 1, 2023/10/02, 23:01:27.926, 5048132440504, vstest.console.dll, CurrentDomainAssemblyResolve: Failed to resolve assembly 'Microsoft.Bcl.AsyncInterfaces'.
TpTrace Verbose: 0 : 20348, 1, 2023/10/02, 23:01:27.927, 5048132450695, vstest.console.dll, CurrentDomainAssemblyResolve: Failed to resolve assembly 'Microsoft.Bcl.AsyncInterfaces'.
TpTrace Warning: 0 : 20348, 1, 2023/10/02, 23:01:27.935, 5048132535190, vstest.console.dll, TestPluginDiscoverer: Failed to get types from assembly 'Microsoft.Diagnostics.NETCore.Client, Version=0.2.6.42401, Culture=neutral, PublicKeyToken=31bf3856ad364e35'. Error: System.Reflection.ReflectionTypeLoadException: Unable to load one or more of the requested types.
Could not load file or assembly 'Microsoft.Bcl.AsyncInterfaces, Version=1.0.0.0, Culture=neutral, PublicKeyToken=cc7b13ffcd2ddd51'. The system cannot find the file specified.
   at System.Reflection.RuntimeModule.GetTypes(RuntimeModule module)
   at System.Reflection.Assembly.GetTypes()
   at Microsoft.VisualStudio.TestPlatform.Common.ExtensionFramework.TestPluginDiscoverer.GetTestExtensionsFromAssembly[TPluginInfo,TExtension](Assembly assembly, Dictionary`2 pluginInfos, String filePath)
System.IO.FileNotFoundException: Could not load file or assembly 'Microsoft.Bcl.AsyncInterfaces, Version=1.0.0.0, Culture=neutral, PublicKeyToken=cc7b13ffcd2ddd51'. The system cannot find the file specified.
File name: 'Microsoft.Bcl.AsyncInterfaces, Version=1.0.0.0, Culture=neutral, PublicKeyToken=cc7b13ffcd2ddd51'
 ---> System.IO.FileNotFoundException: Could not load file or assembly 'Microsoft.Bcl.AsyncInterfaces, Culture=neutral, PublicKeyToken=null'. The system cannot find the file specified.
File name: 'Microsoft.Bcl.AsyncInterfaces, Culture=neutral, PublicKeyToken=null'
   at System.Reflection.RuntimeAssembly.InternalLoad(AssemblyName assemblyName, StackCrawlMark& stackMark, AssemblyLoadContext assemblyLoadContext, RuntimeAssembly requestingAssembly, Boolean throwOnFileNotFound)
   at System.Reflection.Assembly.Load(AssemblyName assemblyRef)
   at Microsoft.VisualStudio.TestPlatform.Common.ExtensionFramework.TestPluginCache.CurrentDomainAssemblyResolve(Object sender, AssemblyResolveEventArgs args)
   at System.Runtime.Loader.AssemblyLoadContext.GetFirstResolvedAssemblyFromResolvingEvent(AssemblyName assemblyName)
   at System.Runtime.Loader.AssemblyLoadContext.ResolveUsingEvent(AssemblyName assemblyName)
   at System.Runtime.Loader.AssemblyLoadContext.ResolveUsingResolvingEvent(IntPtr gchManagedAssemblyLoadContext, AssemblyName assemblyName)
TpTrace Warning: 0 : 20348, 1, 2023/10/02, 23:01:27.935, 5048132538944, vstest.console.dll, LoaderExceptions: System.IO.FileNotFoundException: Could not load file or assembly 'Microsoft.Bcl.AsyncInterfaces, Version=1.0.0.0, Culture=neutral, PublicKeyToken=cc7b13ffcd2ddd51'. The system cannot find the file specified.
File name: 'Microsoft.Bcl.AsyncInterfaces, Version=1.0.0.0, Culture=neutral, PublicKeyToken=cc7b13ffcd2ddd51'
 ---> System.IO.FileNotFoundException: Could not load file or assembly 'Microsoft.Bcl.AsyncInterfaces, Culture=neutral, PublicKeyToken=null'. The system cannot find the file specified.
File name: 'Microsoft.Bcl.AsyncInterfaces, Culture=neutral, PublicKeyToken=null'
   at System.Reflection.RuntimeAssembly.InternalLoad(AssemblyName assemblyName, StackCrawlMark& stackMark, AssemblyLoadContext assemblyLoadContext, RuntimeAssembly requestingAssembly, Boolean throwOnFileNotFound)
   at System.Reflection.Assembly.Load(AssemblyName assemblyRef)
   at Microsoft.VisualStudio.TestPlatform.Common.ExtensionFramework.TestPluginCache.CurrentDomainAssemblyResolve(Object sender, AssemblyResolveEventArgs args)
   at System.Runtime.Loader.AssemblyLoadContext.GetFirstResolvedAssemblyFromResolvingEvent(AssemblyName assemblyName)
   at System.Runtime.Loader.AssemblyLoadContext.ResolveUsingEvent(AssemblyName assemblyName)
   at System.Runtime.Loader.AssemblyLoadContext.ResolveUsingResolvingEvent(IntPtr gchManagedAssemblyLoadContext, AssemblyName assemblyName)
TpTrace Information: 0 : 20348, 1, 2023/10/02, 23:01:27.936, 5048132540546, vstest.console.dll, AssemblyResolver.OnResolve: Microsoft.TestPlatform.Extensions.BlameDataCollector: Resolving assembly.
TpTrace Information: 0 : 20348, 1, 2023/10/02, 23:01:27.936, 5048132541013, vstest.console.dll, AssemblyResolver.OnResolve: Microsoft.TestPlatform.Extensions.BlameDataCollector: Searching in: 'C:\Program Files\dotnet\sdk\7.0.203\Extensions'.
TpTrace Information: 0 : 20348, 1, 2023/10/02, 23:01:27.936, 5048132548317, vstest.console.dll, AssemblyResolver.OnResolve: Microsoft.TestPlatform.Extensions.BlameDataCollector: Loading assembly 'C:\Program Files\dotnet\sdk\7.0.203\Extensions\Microsoft.TestPlatform.Extensions.BlameDataCollector.dll'.
TpTrace Information: 0 : 20348, 1, 2023/10/02, 23:01:27.937, 5048132555803, vstest.console.dll, AssemblyResolver.OnResolve: Resolved assembly: Microsoft.TestPlatform.Extensions.BlameDataCollector, from path: C:\Program Files\dotnet\sdk\7.0.203\Extensions\Microsoft.TestPlatform.Extensions.BlameDataCollector.dll
TpTrace Verbose: 0 : 20348, 1, 2023/10/02, 23:01:27.937, 5048132556792, vstest.console.dll, MetadataReaderExtensionsHelper: Discovering extensions inside assembly 'Microsoft.TestPlatform.Extensions.BlameDataCollector, Version=15.0.0.0, Culture=neutral, PublicKeyToken=b03f5f7f11d50a3a' file path 'C:\Program Files\dotnet\sdk\7.0.203\Extensions\Microsoft.TestPlatform.Extensions.BlameDataCollector.dll'
TpTrace Information: 0 : 20348, 1, 2023/10/02, 23:01:27.939, 5048132574352, vstest.console.dll, AssemblyResolver.OnResolve: Microsoft.TestPlatform.Extensions.EventLogCollector: Resolving assembly.
TpTrace Information: 0 : 20348, 1, 2023/10/02, 23:01:27.939, 5048132575542, vstest.console.dll, AssemblyResolver.OnResolve: Microsoft.TestPlatform.Extensions.EventLogCollector: Searching in: 'C:\Program Files\dotnet\sdk\7.0.203\Extensions'.
TpTrace Information: 0 : 20348, 1, 2023/10/02, 23:01:27.940, 5048132581232, vstest.console.dll, AssemblyResolver.OnResolve: Microsoft.TestPlatform.Extensions.EventLogCollector: Loading assembly 'C:\Program Files\dotnet\sdk\7.0.203\Extensions\Microsoft.TestPlatform.Extensions.EventLogCollector.dll'.
TpTrace Information: 0 : 20348, 1, 2023/10/02, 23:01:27.940, 5048132586536, vstest.console.dll, AssemblyResolver.OnResolve: Resolved assembly: Microsoft.TestPlatform.Extensions.EventLogCollector, from path: C:\Program Files\dotnet\sdk\7.0.203\Extensions\Microsoft.TestPlatform.Extensions.EventLogCollector.dll
TpTrace Verbose: 0 : 20348, 1, 2023/10/02, 23:01:27.940, 5048132587262, vstest.console.dll, MetadataReaderExtensionsHelper: Discovering extensions inside assembly 'Microsoft.TestPlatform.Extensions.EventLogCollector, Version=15.0.0.0, Culture=neutral, PublicKeyToken=b03f5f7f11d50a3a' file path 'C:\Program Files\dotnet\sdk\7.0.203\Extensions\Microsoft.TestPlatform.Extensions.EventLogCollector.dll'
TpTrace Information: 0 : 20348, 1, 2023/10/02, 23:01:27.943, 5048132611632, vstest.console.dll, AssemblyResolver.OnResolve: Microsoft.TestPlatform.TestHostRuntimeProvider: Resolving assembly.
TpTrace Information: 0 : 20348, 1, 2023/10/02, 23:01:27.943, 5048132612853, vstest.console.dll, AssemblyResolver.OnResolve: Microsoft.TestPlatform.TestHostRuntimeProvider: Searching in: 'C:\Program Files\dotnet\sdk\7.0.203\Extensions'.
TpTrace Information: 0 : 20348, 1, 2023/10/02, 23:01:27.943, 5048132618242, vstest.console.dll, AssemblyResolver.OnResolve: Microsoft.TestPlatform.TestHostRuntimeProvider: Loading assembly 'C:\Program Files\dotnet\sdk\7.0.203\Extensions\Microsoft.TestPlatform.TestHostRuntimeProvider.dll'.
TpTrace Information: 0 : 20348, 1, 2023/10/02, 23:01:27.944, 5048132623329, vstest.console.dll, AssemblyResolver.OnResolve: Resolved assembly: Microsoft.TestPlatform.TestHostRuntimeProvider, from path: C:\Program Files\dotnet\sdk\7.0.203\Extensions\Microsoft.TestPlatform.TestHostRuntimeProvider.dll
TpTrace Verbose: 0 : 20348, 1, 2023/10/02, 23:01:27.944, 5048132624052, vstest.console.dll, MetadataReaderExtensionsHelper: Discovering extensions inside assembly 'Microsoft.TestPlatform.TestHostRuntimeProvider, Version=15.0.0.0, Culture=neutral, PublicKeyToken=b03f5f7f11d50a3a' file path 'C:\Program Files\dotnet\sdk\7.0.203\Extensions\Microsoft.TestPlatform.TestHostRuntimeProvider.dll'
TpTrace Information: 0 : 20348, 1, 2023/10/02, 23:01:27.946, 5048132646829, vstest.console.dll, GetTestExtensionFromType: Register extension with identifier data 'HostProvider://DefaultTestHost' and type 'Microsoft.VisualStudio.TestPlatform.CrossPlatEngine.Hosting.DefaultTestHostManager, Microsoft.TestPlatform.TestHostRuntimeProvider, Version=15.0.0.0, Culture=neutral, PublicKeyToken=b03f5f7f11d50a3a' inside file 'C:\Program Files\dotnet\sdk\7.0.203\Extensions\Microsoft.TestPlatform.TestHostRuntimeProvider.dll'
TpTrace Information: 0 : 20348, 1, 2023/10/02, 23:01:27.947, 5048132650067, vstest.console.dll, GetTestExtensionFromType: Register extension with identifier data 'HostProvider://DotnetTestHost' and type 'Microsoft.VisualStudio.TestPlatform.CrossPlatEngine.Hosting.DotnetTestHostManager, Microsoft.TestPlatform.TestHostRuntimeProvider, Version=15.0.0.0, Culture=neutral, PublicKeyToken=b03f5f7f11d50a3a' inside file 'C:\Program Files\dotnet\sdk\7.0.203\Extensions\Microsoft.TestPlatform.TestHostRuntimeProvider.dll'
TpTrace Information: 0 : 20348, 1, 2023/10/02, 23:01:27.947, 5048132651003, vstest.console.dll, AssemblyResolver.OnResolve: Microsoft.VisualStudio.TestPlatform.Extensions.Html.TestLogger: Resolving assembly.
TpTrace Information: 0 : 20348, 1, 2023/10/02, 23:01:27.947, 5048132651475, vstest.console.dll, AssemblyResolver.OnResolve: Microsoft.VisualStudio.TestPlatform.Extensions.Html.TestLogger: Searching in: 'C:\Program Files\dotnet\sdk\7.0.203\Extensions'.
TpTrace Information: 0 : 20348, 1, 2023/10/02, 23:01:27.947, 5048132658045, vstest.console.dll, AssemblyResolver.OnResolve: Microsoft.VisualStudio.TestPlatform.Extensions.Html.TestLogger: Loading assembly 'C:\Program Files\dotnet\sdk\7.0.203\Extensions\Microsoft.VisualStudio.TestPlatform.Extensions.Html.TestLogger.dll'.
TpTrace Information: 0 : 20348, 1, 2023/10/02, 23:01:27.948, 5048132665867, vstest.console.dll, AssemblyResolver.OnResolve: Resolved assembly: Microsoft.VisualStudio.TestPlatform.Extensions.Html.TestLogger, from path: C:\Program Files\dotnet\sdk\7.0.203\Extensions\Microsoft.VisualStudio.TestPlatform.Extensions.Html.TestLogger.dll
TpTrace Verbose: 0 : 20348, 1, 2023/10/02, 23:01:27.948, 5048132667429, vstest.console.dll, MetadataReaderExtensionsHelper: Discovering extensions inside assembly 'Microsoft.VisualStudio.TestPlatform.Extensions.Html.TestLogger, Version=15.0.0.0, Culture=neutral, PublicKeyToken=b03f5f7f11d50a3a' file path 'C:\Program Files\dotnet\sdk\7.0.203\Extensions\Microsoft.VisualStudio.TestPlatform.Extensions.Html.TestLogger.dll'
TpTrace Information: 0 : 20348, 1, 2023/10/02, 23:01:27.950, 5048132680311, vstest.console.dll, AssemblyResolver.OnResolve: Microsoft.VisualStudio.TestPlatform.Extensions.Trx.TestLogger: Resolving assembly.
TpTrace Information: 0 : 20348, 1, 2023/10/02, 23:01:27.950, 5048132681459, vstest.console.dll, AssemblyResolver.OnResolve: Microsoft.VisualStudio.TestPlatform.Extensions.Trx.TestLogger: Searching in: 'C:\Program Files\dotnet\sdk\7.0.203\Extensions'.
TpTrace Information: 0 : 20348, 1, 2023/10/02, 23:01:27.950, 5048132687034, vstest.console.dll, AssemblyResolver.OnResolve: Microsoft.VisualStudio.TestPlatform.Extensions.Trx.TestLogger: Loading assembly 'C:\Program Files\dotnet\sdk\7.0.203\Extensions\Microsoft.VisualStudio.TestPlatform.Extensions.Trx.TestLogger.dll'.
TpTrace Information: 0 : 20348, 1, 2023/10/02, 23:01:27.951, 5048132692492, vstest.console.dll, AssemblyResolver.OnResolve: Resolved assembly: Microsoft.VisualStudio.TestPlatform.Extensions.Trx.TestLogger, from path: C:\Program Files\dotnet\sdk\7.0.203\Extensions\Microsoft.VisualStudio.TestPlatform.Extensions.Trx.TestLogger.dll
TpTrace Verbose: 0 : 20348, 1, 2023/10/02, 23:01:27.951, 5048132693329, vstest.console.dll, MetadataReaderExtensionsHelper: Discovering extensions inside assembly 'Microsoft.VisualStudio.TestPlatform.Extensions.Trx.TestLogger, Version=15.0.0.0, Culture=neutral, PublicKeyToken=b03f5f7f11d50a3a' file path 'C:\Program Files\dotnet\sdk\7.0.203\Extensions\Microsoft.VisualStudio.TestPlatform.Extensions.Trx.TestLogger.dll'
TpTrace Verbose: 0 : 20348, 1, 2023/10/02, 23:01:27.952, 5048132707162, vstest.console.dll, TestPluginCache: Discovered the extensions using extension path ''.
TpTrace Verbose: 0 : 20348, 1, 2023/10/02, 23:01:27.952, 5048132708428, vstest.console.dll, TestPluginCache: Discoverers are ''.
TpTrace Verbose: 0 : 20348, 1, 2023/10/02, 23:01:27.952, 5048132708607, vstest.console.dll, TestPluginCache: Executors are ''.
TpTrace Verbose: 0 : 20348, 1, 2023/10/02, 23:01:27.952, 5048132708753, vstest.console.dll, TestPluginCache: Executors2 are ''.
TpTrace Verbose: 0 : 20348, 1, 2023/10/02, 23:01:27.952, 5048132708894, vstest.console.dll, TestPluginCache: Setting providers are ''.
TpTrace Verbose: 0 : 20348, 1, 2023/10/02, 23:01:27.952, 5048132709034, vstest.console.dll, TestPluginCache: Loggers are ''.
TpTrace Verbose: 0 : 20348, 1, 2023/10/02, 23:01:27.953, 5048132710232, vstest.console.dll, TestPluginCache: TestHosts are 'HostProvider://DefaultTestHost,HostProvider://DotnetTestHost'.
TpTrace Verbose: 0 : 20348, 1, 2023/10/02, 23:01:27.953, 5048132710470, vstest.console.dll, TestPluginCache: DataCollectors are ''.
TpTrace Information: 0 : 20348, 1, 2023/10/02, 23:01:27.963, 5048132810016, vstest.console.dll, RunTestsArgumentProcessor:Execute: Test run is starting.
TpTrace Verbose: 0 : 20348, 1, 2023/10/02, 23:01:27.963, 5048132811007, vstest.console.dll, RunTestsArgumentProcessor:Execute: Queuing Test run.
TpTrace Information: 0 : 20348, 1, 2023/10/02, 23:01:27.963, 5048132812791, vstest.console.dll, TestRequestManager.RunTests: run tests started.
TpTrace Information: 0 : 20348, 1, 2023/10/02, 23:01:27.964, 5048132823558, vstest.console.dll, AssemblyMetadataProvider.GetFrameworkName: Determined framework:'.NETCoreApp,Version=v6.0' for source: 'D:\c#\MyDBSM\MyDBSMTests\bin\Debug\net6.0-windows\fine-code-coverage\build-output\MyDBSMTests.dll'
TpTrace Information: 0 : 20348, 1, 2023/10/02, 23:01:27.964, 5048132825884, vstest.console.dll, Determined framework for all sources: .NETCoreApp,Version=v6.0
TpTrace Verbose: 0 : 20348, 1, 2023/10/02, 23:01:27.964, 5048132829642, vstest.console.dll, TestRequestManager.UpdateRunSettingsIfRequired: Default architecture: X64 IsDefaultTargetArchitecture: True, Current process architecture: X64 OperatingSystem: Windows.
TpTrace Information: 0 : 20348, 1, 2023/10/02, 23:01:27.966, 5048132844318, vstest.console.dll, AssemblyMetadataProvider.GetArchitecture: Determined architecture:AnyCPU info for assembly: D:\c#\MyDBSM\MyDBSMTests\bin\Debug\net6.0-windows\fine-code-coverage\build-output\MyDBSMTests.dll
TpTrace Information: 0 : 20348, 1, 2023/10/02, 23:01:27.966, 5048132845081, vstest.console.dll, Determined platform for source 'D:\c#\MyDBSM\MyDBSMTests\bin\Debug\net6.0-windows\fine-code-coverage\build-output\MyDBSMTests.dll' was AnyCPU and it will use the default plaform X64.
TpTrace Information: 0 : 20348, 1, 2023/10/02, 23:01:27.966, 5048132845261, vstest.console.dll, None of the sources provided any runnable platform, using the default platform: X64
TpTrace Information: 0 : 20348, 1, 2023/10/02, 23:01:27.966, 5048132846153, vstest.console.dll, Platform was updated to 'X64'.
TpTrace Information: 0 : 20348, 1, 2023/10/02, 23:01:27.969, 5048132872184, vstest.console.dll, InferRunSettingsHelper.IsTestSettingsEnabled: Unable to navigate to RunSettings/MSTest. Current node: RunSettings
TpTrace Information: 0 : 20348, 1, 2023/10/02, 23:01:27.969, 5048132878800, vstest.console.dll, AssemblyResolver.OnResolve: Microsoft.VisualStudio.TestPlatform.Fakes: Resolving assembly.
TpTrace Information: 0 : 20348, 1, 2023/10/02, 23:01:27.969, 5048132879563, vstest.console.dll, AssemblyResolver.OnResolve: Microsoft.VisualStudio.TestPlatform.Fakes: Searching in: 'C:\Program Files\dotnet\sdk\7.0.203\Extensions'.
TpTrace Information: 0 : 20348, 1, 2023/10/02, 23:01:27.970, 5048132880744, vstest.console.dll, AssemblyResolver.OnResolve: Microsoft.VisualStudio.TestPlatform.Fakes: Assembly path does not exist: 'C:\Program Files\dotnet\sdk\7.0.203\Extensions\Microsoft.VisualStudio.TestPlatform.Fakes.dll', returning.
TpTrace Information: 0 : 20348, 1, 2023/10/02, 23:01:27.970, 5048132881177, vstest.console.dll, AssemblyResolver.OnResolve: Microsoft.VisualStudio.TestPlatform.Fakes: Assembly path does not exist: 'C:\Program Files\dotnet\sdk\7.0.203\Extensions\Microsoft.VisualStudio.TestPlatform.Fakes.exe', returning.
TpTrace Information: 0 : 20348, 1, 2023/10/02, 23:01:27.970, 5048132881366, vstest.console.dll, AssemblyResolver.OnResolve: Microsoft.VisualStudio.TestPlatform.Fakes: Searching in: 'C:\Program Files\dotnet\sdk\7.0.203'.
TpTrace Information: 0 : 20348, 1, 2023/10/02, 23:01:27.970, 5048132881831, vstest.console.dll, AssemblyResolver.OnResolve: Microsoft.VisualStudio.TestPlatform.Fakes: Assembly path does not exist: 'C:\Program Files\dotnet\sdk\7.0.203\Microsoft.VisualStudio.TestPlatform.Fakes.dll', returning.
TpTrace Information: 0 : 20348, 1, 2023/10/02, 23:01:27.970, 5048132882238, vstest.console.dll, AssemblyResolver.OnResolve: Microsoft.VisualStudio.TestPlatform.Fakes: Assembly path does not exist: 'C:\Program Files\dotnet\sdk\7.0.203\Microsoft.VisualStudio.TestPlatform.Fakes.exe', returning.
TpTrace Information: 0 : 20348, 1, 2023/10/02, 23:01:27.970, 5048132882415, vstest.console.dll, AssemblyResolver.OnResolve: Microsoft.VisualStudio.TestPlatform.Fakes: Failed to load assembly.
TpTrace Information: 0 : 20348, 1, 2023/10/02, 23:01:27.970, 5048132884685, vstest.console.dll, Failed to load assembly Microsoft.VisualStudio.TestPlatform.Fakes, Version=17.0.0.0, Culture=neutral. Reason:System.IO.FileNotFoundException: Could not load file or assembly 'Microsoft.VisualStudio.TestPlatform.Fakes, Version=17.0.0.0, Culture=neutral, PublicKeyToken=null'. The system cannot find the file specified.
File name: 'Microsoft.VisualStudio.TestPlatform.Fakes, Version=17.0.0.0, Culture=neutral, PublicKeyToken=null'
   at System.Reflection.RuntimeAssembly.InternalLoad(AssemblyName assemblyName, StackCrawlMark& stackMark, AssemblyLoadContext assemblyLoadContext, RuntimeAssembly requestingAssembly, Boolean throwOnFileNotFound)
   at System.Reflection.Assembly.Load(AssemblyName assemblyRef)
   at Microsoft.VisualStudio.TestPlatform.Common.Utilities.FakesUtilities.LoadTestPlatformAssembly()
TpTrace Verbose: 0 : 20348, 1, 2023/10/02, 23:01:27.973, 5048132918843, vstest.console.dll, TestPluginCache.DiscoverTestExtensions: finding test extensions in assemblies ends with: TestLogger.dll TPluginInfo: Microsoft.VisualStudio.TestPlatform.Common.ExtensionFramework.Utilities.TestLoggerPluginInformation TExtension: Microsoft.VisualStudio.TestPlatform.ObjectModel.Client.ITestLogger
TpTrace Verbose: 0 : 20348, 1, 2023/10/02, 23:01:27.974, 5048132920530, vstest.console.dll, TestPluginCache.GetExtensionPaths: Filtered extension paths: 
TpTrace Verbose: 0 : 20348, 1, 2023/10/02, 23:01:27.974, 5048132921016, vstest.console.dll, TestPluginCache.GetExtensionPaths: Added default extension paths: C:\Program Files\dotnet\sdk\7.0.203\Extensions\Microsoft.Diagnostics.NETCore.Client.dll
C:\Program Files\dotnet\sdk\7.0.203\Extensions\Microsoft.TestPlatform.Extensions.BlameDataCollector.dll
C:\Program Files\dotnet\sdk\7.0.203\Extensions\Microsoft.TestPlatform.Extensions.EventLogCollector.dll
C:\Program Files\dotnet\sdk\7.0.203\Extensions\Microsoft.TestPlatform.TestHostRuntimeProvider.dll
C:\Program Files\dotnet\sdk\7.0.203\Extensions\Microsoft.VisualStudio.TestPlatform.Extensions.Html.TestLogger.dll
C:\Program Files\dotnet\sdk\7.0.203\Extensions\Microsoft.VisualStudio.TestPlatform.Extensions.Trx.TestLogger.dll
TpTrace Verbose: 0 : 20348, 1, 2023/10/02, 23:01:27.974, 5048132921433, vstest.console.dll, TestPluginCache.GetExtensionPaths: Added unfilterableExtensionPaths: 
TpTrace Information: 0 : 20348, 1, 2023/10/02, 23:01:27.974, 5048132923624, vstest.console.dll, AssemblyResolver.AddSearchDirectories: Adding more searchDirectories C:\Program Files\dotnet\sdk\7.0.203\Extensions,C:\Program Files\dotnet\sdk\7.0.203
TpTrace Verbose: 0 : 20348, 1, 2023/10/02, 23:01:27.974, 5048132923976, vstest.console.dll, TestPluginCache.DiscoverTestExtensions: Discovering the extensions using extension path.
TpTrace Verbose: 0 : 20348, 1, 2023/10/02, 23:01:27.974, 5048132924192, vstest.console.dll, TestPluginCache.GetExtensionPaths: Filtered extension paths: 
TpTrace Verbose: 0 : 20348, 1, 2023/10/02, 23:01:27.974, 5048132924419, vstest.console.dll, TestPluginCache.GetExtensionPaths: Added default extension paths: C:\Program Files\dotnet\sdk\7.0.203\Extensions\Microsoft.Diagnostics.NETCore.Client.dll
C:\Program Files\dotnet\sdk\7.0.203\Extensions\Microsoft.TestPlatform.Extensions.BlameDataCollector.dll
C:\Program Files\dotnet\sdk\7.0.203\Extensions\Microsoft.TestPlatform.Extensions.EventLogCollector.dll
C:\Program Files\dotnet\sdk\7.0.203\Extensions\Microsoft.TestPlatform.TestHostRuntimeProvider.dll
C:\Program Files\dotnet\sdk\7.0.203\Extensions\Microsoft.VisualStudio.TestPlatform.Extensions.Html.TestLogger.dll
C:\Program Files\dotnet\sdk\7.0.203\Extensions\Microsoft.VisualStudio.TestPlatform.Extensions.Trx.TestLogger.dll
TpTrace Verbose: 0 : 20348, 1, 2023/10/02, 23:01:27.974, 5048132924594, vstest.console.dll, TestPluginCache.GetExtensionPaths: Added unfilterableExtensionPaths: 
TpTrace Verbose: 0 : 20348, 1, 2023/10/02, 23:01:27.974, 5048132924787, vstest.console.dll, TestPluginCache.DiscoverTestExtensions: Discovering the extensions using allExtensionPaths: C:\Program Files\dotnet\sdk\7.0.203\Extensions\Microsoft.Diagnostics.NETCore.Client.dll
C:\Program Files\dotnet\sdk\7.0.203\Extensions\Microsoft.TestPlatform.Extensions.BlameDataCollector.dll
C:\Program Files\dotnet\sdk\7.0.203\Extensions\Microsoft.TestPlatform.Extensions.EventLogCollector.dll
C:\Program Files\dotnet\sdk\7.0.203\Extensions\Microsoft.TestPlatform.TestHostRuntimeProvider.dll
C:\Program Files\dotnet\sdk\7.0.203\Extensions\Microsoft.VisualStudio.TestPlatform.Extensions.Html.TestLogger.dll
C:\Program Files\dotnet\sdk\7.0.203\Extensions\Microsoft.VisualStudio.TestPlatform.Extensions.Trx.TestLogger.dll
TpTrace Information: 0 : 20348, 1, 2023/10/02, 23:01:27.974, 5048132925514, vstest.console.dll, AssemblyResolver.AddSearchDirectories: Adding more searchDirectories C:\Program Files\dotnet\sdk\7.0.203\Extensions,C:\Program Files\dotnet\sdk\7.0.203
TpTrace Information: 0 : 20348, 1, 2023/10/02, 23:01:27.974, 5048132925773, vstest.console.dll, AssemblyResolver.AddSearchDirectories: Adding more searchDirectories C:\Program Files\dotnet\sdk\7.0.203\Extensions,C:\Program Files\dotnet\sdk\7.0.203
TpTrace Information: 0 : 20348, 1, 2023/10/02, 23:01:27.974, 5048132925952, vstest.console.dll, AssemblyResolver.AddSearchDirectories: Adding more searchDirectories C:\Program Files\dotnet\sdk\7.0.203\Extensions,C:\Program Files\dotnet\sdk\7.0.203
TpTrace Information: 0 : 20348, 1, 2023/10/02, 23:01:27.974, 5048132926119, vstest.console.dll, AssemblyResolver.AddSearchDirectories: Adding more searchDirectories C:\Program Files\dotnet\sdk\7.0.203\Extensions,C:\Program Files\dotnet\sdk\7.0.203
TpTrace Information: 0 : 20348, 1, 2023/10/02, 23:01:27.974, 5048132926339, vstest.console.dll, AssemblyResolver.AddSearchDirectories: Adding more searchDirectories C:\Program Files\dotnet\sdk\7.0.203\Extensions,C:\Program Files\dotnet\sdk\7.0.203
TpTrace Information: 0 : 20348, 1, 2023/10/02, 23:01:27.974, 5048132926509, vstest.console.dll, AssemblyResolver.AddSearchDirectories: Adding more searchDirectories C:\Program Files\dotnet\sdk\7.0.203\Extensions,C:\Program Files\dotnet\sdk\7.0.203
TpTrace Verbose: 0 : 20348, 1, 2023/10/02, 23:01:27.974, 5048132927333, vstest.console.dll, MetadataReaderExtensionsHelper: Discovering extensions inside assembly 'Microsoft.Diagnostics.NETCore.Client, Version=0.2.6.42401, Culture=neutral, PublicKeyToken=31bf3856ad364e35' file path 'C:\Program Files\dotnet\sdk\7.0.203\Extensions\Microsoft.Diagnostics.NETCore.Client.dll'
TpTrace Information: 0 : 20348, 1, 2023/10/02, 23:01:27.975, 5048132936688, vstest.console.dll, AssemblyResolver.OnResolve: Microsoft.Bcl.AsyncInterfaces: Resolving assembly.
TpTrace Information: 0 : 20348, 1, 2023/10/02, 23:01:27.975, 5048132937444, vstest.console.dll, AssemblyResolver.OnResolve: Microsoft.Bcl.AsyncInterfaces: Resolved from cache.
TpTrace Verbose: 0 : 20348, 1, 2023/10/02, 23:01:27.975, 5048132937633, vstest.console.dll, CurrentDomainAssemblyResolve: Resolving assembly 'Microsoft.Bcl.AsyncInterfaces'.
TpTrace Information: 0 : 20348, 1, 2023/10/02, 23:01:27.975, 5048132937971, vstest.console.dll, AssemblyResolver.OnResolve: Microsoft.Bcl.AsyncInterfaces: Resolving assembly.
TpTrace Information: 0 : 20348, 1, 2023/10/02, 23:01:27.975, 5048132938156, vstest.console.dll, AssemblyResolver.OnResolve: Microsoft.Bcl.AsyncInterfaces: Resolved from cache.
TpTrace Verbose: 0 : 20348, 1, 2023/10/02, 23:01:27.975, 5048132938307, vstest.console.dll, CurrentDomainAssemblyResolve: Resolving assembly 'Microsoft.Bcl.AsyncInterfaces'.
TpTrace Verbose: 0 : 20348, 1, 2023/10/02, 23:01:27.975, 5048132938525, vstest.console.dll, CurrentDomainAssemblyResolve: Failed to resolve assembly 'Microsoft.Bcl.AsyncInterfaces'.
TpTrace Verbose: 0 : 20348, 1, 2023/10/02, 23:01:27.976, 5048132939869, vstest.console.dll, CurrentDomainAssemblyResolve: Failed to resolve assembly 'Microsoft.Bcl.AsyncInterfaces'.
TpTrace Warning: 0 : 20348, 1, 2023/10/02, 23:01:27.976, 5048132942557, vstest.console.dll, TestPluginDiscoverer: Failed to get types from assembly 'Microsoft.Diagnostics.NETCore.Client, Version=0.2.6.42401, Culture=neutral, PublicKeyToken=31bf3856ad364e35'. Error: System.Reflection.ReflectionTypeLoadException: Unable to load one or more of the requested types.
Could not load file or assembly 'Microsoft.Bcl.AsyncInterfaces, Version=1.0.0.0, Culture=neutral, PublicKeyToken=cc7b13ffcd2ddd51'. The system cannot find the file specified.
   at System.Reflection.RuntimeModule.GetTypes(RuntimeModule module)
   at System.Reflection.Assembly.GetTypes()
   at Microsoft.VisualStudio.TestPlatform.Common.ExtensionFramework.TestPluginDiscoverer.GetTestExtensionsFromAssembly[TPluginInfo,TExtension](Assembly assembly, Dictionary`2 pluginInfos, String filePath)
System.IO.FileNotFoundException: Could not load file or assembly 'Microsoft.Bcl.AsyncInterfaces, Version=1.0.0.0, Culture=neutral, PublicKeyToken=cc7b13ffcd2ddd51'. The system cannot find the file specified.
File name: 'Microsoft.Bcl.AsyncInterfaces, Version=1.0.0.0, Culture=neutral, PublicKeyToken=cc7b13ffcd2ddd51'
 ---> System.IO.FileNotFoundException: Could not load file or assembly 'Microsoft.Bcl.AsyncInterfaces, Culture=neutral, PublicKeyToken=null'. The system cannot find the file specified.
File name: 'Microsoft.Bcl.AsyncInterfaces, Culture=neutral, PublicKeyToken=null'
   at System.Reflection.RuntimeAssembly.InternalLoad(AssemblyName assemblyName, StackCrawlMark& stackMark, AssemblyLoadContext assemblyLoadContext, RuntimeAssembly requestingAssembly, Boolean throwOnFileNotFound)
   at System.Reflection.Assembly.Load(AssemblyName assemblyRef)
   at Microsoft.VisualStudio.TestPlatform.Common.ExtensionFramework.TestPluginCache.CurrentDomainAssemblyResolve(Object sender, AssemblyResolveEventArgs args)
   at System.Runtime.Loader.AssemblyLoadContext.GetFirstResolvedAssemblyFromResolvingEvent(AssemblyName assemblyName)
   at System.Runtime.Loader.AssemblyLoadContext.ResolveUsingEvent(AssemblyName assemblyName)
   at System.Runtime.Loader.AssemblyLoadContext.ResolveUsingResolvingEvent(IntPtr gchManagedAssemblyLoadContext, AssemblyName assemblyName)
TpTrace Warning: 0 : 20348, 1, 2023/10/02, 23:01:27.976, 5048132943854, vstest.console.dll, LoaderExceptions: System.IO.FileNotFoundException: Could not load file or assembly 'Microsoft.Bcl.AsyncInterfaces, Version=1.0.0.0, Culture=neutral, PublicKeyToken=cc7b13ffcd2ddd51'. The system cannot find the file specified.
File name: 'Microsoft.Bcl.AsyncInterfaces, Version=1.0.0.0, Culture=neutral, PublicKeyToken=cc7b13ffcd2ddd51'
 ---> System.IO.FileNotFoundException: Could not load file or assembly 'Microsoft.Bcl.AsyncInterfaces, Culture=neutral, PublicKeyToken=null'. The system cannot find the file specified.
File name: 'Microsoft.Bcl.AsyncInterfaces, Culture=neutral, PublicKeyToken=null'
   at System.Reflection.RuntimeAssembly.InternalLoad(AssemblyName assemblyName, StackCrawlMark& stackMark, AssemblyLoadContext assemblyLoadContext, RuntimeAssembly requestingAssembly, Boolean throwOnFileNotFound)
   at System.Reflection.Assembly.Load(AssemblyName assemblyRef)
   at Microsoft.VisualStudio.TestPlatform.Common.ExtensionFramework.TestPluginCache.CurrentDomainAssemblyResolve(Object sender, AssemblyResolveEventArgs args)
   at System.Runtime.Loader.AssemblyLoadContext.GetFirstResolvedAssemblyFromResolvingEvent(AssemblyName assemblyName)
   at System.Runtime.Loader.AssemblyLoadContext.ResolveUsingEvent(AssemblyName assemblyName)
   at System.Runtime.Loader.AssemblyLoadContext.ResolveUsingResolvingEvent(IntPtr gchManagedAssemblyLoadContext, AssemblyName assemblyName)
TpTrace Verbose: 0 : 20348, 1, 2023/10/02, 23:01:27.976, 5048132944454, vstest.console.dll, MetadataReaderExtensionsHelper: Discovering extensions inside assembly 'Microsoft.TestPlatform.Extensions.BlameDataCollector, Version=15.0.0.0, Culture=neutral, PublicKeyToken=b03f5f7f11d50a3a' file path 'C:\Program Files\dotnet\sdk\7.0.203\Extensions\Microsoft.TestPlatform.Extensions.BlameDataCollector.dll'
TpTrace Information: 0 : 20348, 1, 2023/10/02, 23:01:27.977, 5048132954707, vstest.console.dll, GetTestExtensionFromType: Register extension with identifier data 'logger://Microsoft/TestPlatform/Extensions/Blame/v1' and type 'Microsoft.TestPlatform.Extensions.BlameDataCollector.BlameLogger, Microsoft.TestPlatform.Extensions.BlameDataCollector, Version=15.0.0.0, Culture=neutral, PublicKeyToken=b03f5f7f11d50a3a' inside file 'C:\Program Files\dotnet\sdk\7.0.203\Extensions\Microsoft.TestPlatform.Extensions.BlameDataCollector.dll'
TpTrace Verbose: 0 : 20348, 1, 2023/10/02, 23:01:27.977, 5048132955785, vstest.console.dll, MetadataReaderExtensionsHelper: Discovering extensions inside assembly 'Microsoft.TestPlatform.Extensions.EventLogCollector, Version=15.0.0.0, Culture=neutral, PublicKeyToken=b03f5f7f11d50a3a' file path 'C:\Program Files\dotnet\sdk\7.0.203\Extensions\Microsoft.TestPlatform.Extensions.EventLogCollector.dll'
TpTrace Verbose: 0 : 20348, 1, 2023/10/02, 23:01:27.978, 5048132961380, vstest.console.dll, MetadataReaderExtensionsHelper: Discovering extensions inside assembly 'Microsoft.TestPlatform.TestHostRuntimeProvider, Version=15.0.0.0, Culture=neutral, PublicKeyToken=b03f5f7f11d50a3a' file path 'C:\Program Files\dotnet\sdk\7.0.203\Extensions\Microsoft.TestPlatform.TestHostRuntimeProvider.dll'
TpTrace Verbose: 0 : 20348, 1, 2023/10/02, 23:01:27.978, 5048132966259, vstest.console.dll, MetadataReaderExtensionsHelper: Discovering extensions inside assembly 'Microsoft.VisualStudio.TestPlatform.Extensions.Html.TestLogger, Version=15.0.0.0, Culture=neutral, PublicKeyToken=b03f5f7f11d50a3a' file path 'C:\Program Files\dotnet\sdk\7.0.203\Extensions\Microsoft.VisualStudio.TestPlatform.Extensions.Html.TestLogger.dll'
TpTrace Information: 0 : 20348, 1, 2023/10/02, 23:01:27.979, 5048132973700, vstest.console.dll, GetTestExtensionFromType: Register extension with identifier data 'logger://Microsoft/TestPlatform/HtmlLogger/v1' and type 'Microsoft.VisualStudio.TestPlatform.Extensions.HtmlLogger.HtmlLogger, Microsoft.VisualStudio.TestPlatform.Extensions.Html.TestLogger, Version=15.0.0.0, Culture=neutral, PublicKeyToken=b03f5f7f11d50a3a' inside file 'C:\Program Files\dotnet\sdk\7.0.203\Extensions\Microsoft.VisualStudio.TestPlatform.Extensions.Html.TestLogger.dll'
TpTrace Verbose: 0 : 20348, 1, 2023/10/02, 23:01:27.979, 5048132974764, vstest.console.dll, MetadataReaderExtensionsHelper: Discovering extensions inside assembly 'Microsoft.VisualStudio.TestPlatform.Extensions.Trx.TestLogger, Version=15.0.0.0, Culture=neutral, PublicKeyToken=b03f5f7f11d50a3a' file path 'C:\Program Files\dotnet\sdk\7.0.203\Extensions\Microsoft.VisualStudio.TestPlatform.Extensions.Trx.TestLogger.dll'
TpTrace Information: 0 : 20348, 1, 2023/10/02, 23:01:27.980, 5048132981366, vstest.console.dll, GetTestExtensionFromType: Register extension with identifier data 'logger://Microsoft/TestPlatform/TrxLogger/v1' and type 'Microsoft.VisualStudio.TestPlatform.Extensions.TrxLogger.TrxLogger, Microsoft.VisualStudio.TestPlatform.Extensions.Trx.TestLogger, Version=15.0.0.0, Culture=neutral, PublicKeyToken=b03f5f7f11d50a3a' inside file 'C:\Program Files\dotnet\sdk\7.0.203\Extensions\Microsoft.VisualStudio.TestPlatform.Extensions.Trx.TestLogger.dll'
TpTrace Verbose: 0 : 20348, 1, 2023/10/02, 23:01:27.980, 5048132982449, vstest.console.dll, TestPluginCache: Discovered the extensions using extension path ''.
TpTrace Verbose: 0 : 20348, 1, 2023/10/02, 23:01:27.980, 5048132982665, vstest.console.dll, TestPluginCache: Discoverers are ''.
TpTrace Verbose: 0 : 20348, 1, 2023/10/02, 23:01:27.980, 5048132982814, vstest.console.dll, TestPluginCache: Executors are ''.
TpTrace Verbose: 0 : 20348, 1, 2023/10/02, 23:01:27.980, 5048132982958, vstest.console.dll, TestPluginCache: Executors2 are ''.
TpTrace Verbose: 0 : 20348, 1, 2023/10/02, 23:01:27.980, 5048132983098, vstest.console.dll, TestPluginCache: Setting providers are ''.
TpTrace Verbose: 0 : 20348, 1, 2023/10/02, 23:01:27.980, 5048132983684, vstest.console.dll, TestPluginCache: Loggers are 'logger://Microsoft/TestPlatform/Extensions/Blame/v1,logger://Microsoft/TestPlatform/HtmlLogger/v1,logger://Microsoft/TestPlatform/TrxLogger/v1'.
TpTrace Verbose: 0 : 20348, 1, 2023/10/02, 23:01:27.980, 5048132984011, vstest.console.dll, TestPluginCache: TestHosts are 'HostProvider://DefaultTestHost,HostProvider://DotnetTestHost'.
TpTrace Verbose: 0 : 20348, 1, 2023/10/02, 23:01:27.980, 5048132984187, vstest.console.dll, TestPluginCache: DataCollectors are ''.
TpTrace Information: 0 : 20348, 1, 2023/10/02, 23:01:27.981, 5048132991910, vstest.console.dll, TestPluginManager.CreateTestExtension: Attempting to load test extension: Microsoft.TestPlatform.Extensions.BlameDataCollector.BlameLogger
TpTrace Verbose: 0 : 20348, 1, 2023/10/02, 23:01:27.988, 5048133061998, vstest.console.dll, TestEngine: Initializing Parallel Execution as MaxCpuCount is set to: 1
TpTrace Information: 0 : 20348, 1, 2023/10/02, 23:01:27.991, 5048133090050, vstest.console.dll, TestPluginManager.CreateTestExtension: Attempting to load test extension: Microsoft.VisualStudio.TestPlatform.CrossPlatEngine.Hosting.DefaultTestHostManager
TpTrace Information: 0 : 20348, 1, 2023/10/02, 23:01:27.992, 5048133107215, vstest.console.dll, TestPluginManager.CreateTestExtension: Attempting to load test extension: Microsoft.VisualStudio.TestPlatform.CrossPlatEngine.Hosting.DotnetTestHostManager
TpTrace Information: 0 : 20348, 1, 2023/10/02, 23:01:27.993, 5048133113657, vstest.console.dll, InferRunSettingsHelper.IsTestSettingsEnabled: Unable to navigate to RunSettings/MSTest. Current node: RunSettings
TpTrace Verbose: 0 : 20348, 1, 2023/10/02, 23:01:27.996, 5048133144632, vstest.console.dll, TestEngine.GetExecutionManager: Chosen execution manager 'Microsoft.VisualStudio.TestPlatform.CrossPlatEngine.Client.Parallel.ParallelProxyExecutionManager, Microsoft.TestPlatform.CrossPlatEngine, Version=15.0.0.0, Culture=neutral, PublicKeyToken=b03f5f7f11d50a3a' ParallelLevel '1'.
TpTrace Verbose: 0 : 20348, 1, 2023/10/02, 23:01:27.996, 5048133146346, vstest.console.dll, TestRunRequest.ExecuteAsync: Creating test run request.
TpTrace Verbose: 0 : 20348, 1, 2023/10/02, 23:01:27.996, 5048133148221, vstest.console.dll, TestRunRequest.ExecuteAsync: Starting.
TpTrace Information: 0 : 20348, 1, 2023/10/02, 23:01:27.997, 5048133150244, vstest.console.dll, TestRunRequest.ExecuteAsync: Starting run with settings:TestRunCriteria:
   KeepAlive=False,FrequencyOfRunStatsChangeEvent=10,RunStatsChangeEventTimeout=00:00:01.5000000,TestCaseFilter=,TestExecutorLauncher=
   Settingsxml=<RunSettings>
  <RunConfiguration>
    <ResultsDirectory>D:\c#\MyDBSM\MyDBSMTests\bin\Debug\net6.0-windows\fine-code-coverage\coverage-tool-output</ResultsDirectory>
    <TargetPlatform>X64</TargetPlatform>
    <TargetFrameworkVersion>.NETCoreApp,Version=v6.0</TargetFrameworkVersion>
    <DesignMode>False</DesignMode>
    <CollectSourceInformation>False</CollectSourceInformation>
  </RunConfiguration>
  <LoggerRunSettings>
    <Loggers>
      <Logger friendlyName="blame" enabled="True" />
      <Logger friendlyName="Console" uri="logger://microsoft/TestPlatform/ConsoleLogger/v1" assemblyQualifiedName="Microsoft.VisualStudio.TestPlatform.CommandLine.Internal.ConsoleLogger, vstest.console, Version=15.0.0.0, Culture=neutral, PublicKeyToken=b03f5f7f11d50a3a" codeBase="C:\Program Files\dotnet\sdk\7.0.203\vstest.console.dll" enabled="True" />
    </Loggers>
  </LoggerRunSettings>
  <DataCollectionRunSettings>
    <DataCollectors>
      <DataCollector friendlyName="blame" enabled="True">
        <Configuration>
          <ResultsDirectory>D:\c#\MyDBSM\MyDBSMTests\bin\Debug\net6.0-windows\fine-code-coverage\coverage-tool-output</ResultsDirectory>
        </Configuration>
      </DataCollector>
    </DataCollectors>
  </DataCollectionRunSettings>
</RunSettings>

TpTrace Verbose: 0 : 20348, 1, 2023/10/02, 23:01:27.997, 5048133150578, vstest.console.dll, TestRunRequest.ExecuteAsync: Wait for the first run request is over.
TpTrace Verbose: 0 : 20348, 1, 2023/10/02, 23:01:27.997, 5048133152923, vstest.console.dll, MulticastDelegateUtilities.SafeInvoke: TestRun.TestRunStart: Invoking callbacks was skipped because there are no subscribers.
TpTrace Verbose: 0 : 20348, 4, 2023/10/02, 23:01:27.997, 5048133156741, vstest.console.dll, MulticastDelegateUtilities.SafeInvoke: InternalTestLoggerEvents.SendTestRunStart: Invoking callback 1/1 for Microsoft.VisualStudio.TestPlatform.CommandLine.Internal.ConsoleLogger., took 0 ms.
TpTrace Verbose: 0 : 20348, 1, 2023/10/02, 23:01:27.998, 5048133162863, vstest.console.dll, ParallelProxyExecutionManager: Start execution. Total sources: 1
TpTrace Verbose: 0 : 20348, 1, 2023/10/02, 23:01:27.999, 5048133175349, vstest.console.dll, TestRequestSender is acting as server.
TpTrace Verbose: 0 : 20348, 1, 2023/10/02, 23:01:28.000, 5048133185276, vstest.console.dll, DataCollectionRequestSender.InitializeCommunication : Initialize communication. 
TpTrace Information: 0 : 20348, 1, 2023/10/02, 23:01:28.004, 5048133221226, vstest.console.dll, Listening on Endpoint : 127.0.0.1:60427
TpTrace Verbose: 0 : 20348, 1, 2023/10/02, 23:01:28.010, 5048133283884, vstest.console.dll, DotnetDataCollectionLauncher: Adding  --runtimeconfig "C:\Program Files\dotnet\sdk\7.0.203\datacollector.runtimeconfig.json" in args
TpTrace Verbose: 0 : 20348, 1, 2023/10/02, 23:01:28.010, 5048133285073, vstest.console.dll, DotnetDataCollectionLauncher: Adding  --depsfile "C:\Program Files\dotnet\sdk\7.0.203\datacollector.deps.json" in args
TpTrace Verbose: 0 : 20348, 1, 2023/10/02, 23:01:28.010, 5048133286810, vstest.console.dll, DotnetDataCollectionLauncher: Full path of dotnet.exe is C:\Program Files\dotnet\dotnet.exe
TpTrace Information: 0 : 20348, 1, 2023/10/02, 23:01:28.017, 5048133355024, vstest.console.dll, ProxyDataCollectionManager.Initialize: Launched datacollector processId: 8084 port: 60427
TpTrace Information: 0 : 20348, 1, 2023/10/02, 23:01:28.017, 5048133356558, vstest.console.dll, ProxyDataCollectionManager.Initialize: waiting for connection with timeout: 90 seconds
TpTrace Verbose: 0 : 20348, 1, 2023/10/02, 23:01:28.017, 5048133357263, vstest.console.dll, DataCollectionRequestSender.WaitForRequestHandlerConnection : Waiting for connection with timeout: 90000
TpTrace Information: 0 : 20348, 7, 2023/10/02, 23:01:28.158, 5048134767494, vstest.console.dll, Using the buffer size of 16384 bytes
TpTrace Verbose: 0 : 20348, 1, 2023/10/02, 23:01:28.158, 5048134767691, vstest.console.dll, SocketCommunicationManager.WaitForClientConnection took: 140 ms, with 90000 ms timeout, and finished with True.
TpTrace Information: 0 : 20348, 7, 2023/10/02, 23:01:28.158, 5048134768770, vstest.console.dll, Accepted Client request and set the flag
TpTrace Verbose: 0 : 20348, 1, 2023/10/02, 23:01:28.159, 5048134769884, vstest.console.dll, ProxyDataCollectionManager.InvokeDataCollectionServiceAction: Starting.
TpTrace Information: 0 : 20348, 1, 2023/10/02, 23:01:28.159, 5048134770419, vstest.console.dll, ProxyDataCollectionManager.BeforeTestRunStart: Get environment variable and port for datacollector processId: 8084 port: 60427
TpTrace Verbose: 0 : 20348, 1, 2023/10/02, 23:01:28.159, 5048134771194, vstest.console.dll, DataCollectionRequestSender.SendBeforeTestRunStartAndGetResult: Send BeforeTestRunStart message with settingsXml <RunSettings><RunConfiguration><ResultsDirectory>D:\c#\MyDBSM\MyDBSMTests\bin\Debug\net6.0-windows\fine-code-coverage\coverage-tool-output</ResultsDirectory><TargetPlatform>X64</TargetPlatform><TargetFrameworkVersion>.NETCoreApp,Version=v6.0</TargetFrameworkVersion><DesignMode>False</DesignMode><CollectSourceInformation>False</CollectSourceInformation><TestAdaptersPaths>C:\Program Files\dotnet\sdk\7.0.203\Extensions</TestAdaptersPaths></RunConfiguration><LoggerRunSettings><Loggers><Logger friendlyName="blame" enabled="True" /><Logger friendlyName="Console" uri="logger://microsoft/TestPlatform/ConsoleLogger/v1" assemblyQualifiedName="Microsoft.VisualStudio.TestPlatform.CommandLine.Internal.ConsoleLogger, vstest.console, Version=15.0.0.0, Culture=neutral, PublicKeyToken=b03f5f7f11d50a3a" codeBase="C:\Program Files\dotnet\sdk\7.0.203\vstest.console.dll" enabled="True" /></Loggers></LoggerRunSettings><DataCollectionRunSettings><DataCollectors><DataCollector friendlyName="blame" enabled="True"><Configuration><ResultsDirectory>D:\c#\MyDBSM\MyDBSMTests\bin\Debug\net6.0-windows\fine-code-coverage\coverage-tool-output</ResultsDirectory></Configuration></DataCollector></DataCollectors></DataCollectionRunSettings></RunSettings> and sources System.Collections.Generic.List`1[System.String]: 
TpTrace Verbose: 0 : 20348, 1, 2023/10/02, 23:01:28.227, 5048135454578, vstest.console.dll, DataCollectionRequestSender.SendBeforeTestRunStartAndGetResult: Received message: (DataCollection.SendMessage) -> {"MessageType":"DataCollection.SendMessage","Payload":{"FriendlyName":null,"Uri":null,"TestCaseId":"00000000-0000-0000-0000-000000000000","Message":"Logging DataCollector Diagnostics in file: D:\\c#\\MyDBSM\\MyDBSMTests\\bin\\Debug\\net6.0-windows\\fine-code-coverage\\coverage-tool-output\\diagnostics.datacollector.23-10-02_23-01-28_01013_1.log","Level":0}}
TpTrace Verbose: 0 : 20348, 1, 2023/10/02, 23:01:28.299, 5048136173123, vstest.console.dll, DataCollectionRequestSender.SendBeforeTestRunStartAndGetResult: Received message: (DataCollection.BeforeTestRunStartResult) -> {"MessageType":"DataCollection.BeforeTestRunStartResult","Payload":{"EnvironmentVariables":{},"DataCollectionEventsPort":60429}}
TpTrace Information: 0 : 20348, 1, 2023/10/02, 23:01:28.303, 5048136216624, vstest.console.dll, ProxyDataCollectionManager.BeforeTestRunStart: SendBeforeTestRunStartAndGetResult successful, env variable from datacollector:   and testhost port: 60429
TpTrace Information: 0 : 20348, 1, 2023/10/02, 23:01:28.303, 5048136217770, vstest.console.dll, ProxyDataCollectionManager.InvokeDataCollectionServiceAction: Completed.
TpTrace Verbose: 0 : 20348, 1, 2023/10/02, 23:01:28.303, 5048136218924, vstest.console.dll, ProxyParallelExecutionManager: No sources available for execution.
TpTrace Verbose: 0 : 20348, 7, 2023/10/02, 23:01:28.303, 5048136219115, vstest.console.dll, ParallelProxyExecutionManager: Execution started. Started clients: 1
TpTrace Information: 0 : 20348, 1, 2023/10/02, 23:01:28.303, 5048136219367, vstest.console.dll, TestRunRequest.ExecuteAsync: Started.
TpTrace Verbose: 0 : 20348, 1, 2023/10/02, 23:01:28.304, 5048136220799, vstest.console.dll, TestRunRequest.WaitForCompletion: Waiting with timeout -1.
TpTrace Verbose: 0 : 20348, 7, 2023/10/02, 23:01:28.304, 5048136223154, vstest.console.dll, TestRunRequest:SendTestRunMessage: Starting.
TpTrace Verbose: 0 : 20348, 7, 2023/10/02, 23:01:28.304, 5048136225173, vstest.console.dll, MulticastDelegateUtilities.SafeInvoke: TestRun.LogMessages: Invoking callback 1/1 for Microsoft.VisualStudio.TestPlatform.CommandLine.TestRunResultAggregator., took 0 ms.
TpTrace Information: 0 : 20348, 7, 2023/10/02, 23:01:28.304, 5048136225652, vstest.console.dll, TestRunRequest:SendTestRunMessage: Completed.
TpTrace Verbose: 0 : 20348, 4, 2023/10/02, 23:01:28.304, 5048136228100, vstest.console.dll, MulticastDelegateUtilities.SafeInvoke: InternalTestLoggerEvents.SendTestRunMessage: Invoking callback 1/1 for Microsoft.VisualStudio.TestPlatform.CommandLine.Internal.ConsoleLogger., took 0 ms.
TpTrace Verbose: 0 : 20348, 7, 2023/10/02, 23:01:28.304, 5048136228176, vstest.console.dll, ProxyExecutionManager: Test host is always Lazy initialize.
TpTrace Verbose: 0 : 20348, 7, 2023/10/02, 23:01:28.305, 5048136231270, vstest.console.dll, TestRequestSender.InitializeCommunication: initialize communication. 
TpTrace Information: 0 : 20348, 7, 2023/10/02, 23:01:28.305, 5048136237448, vstest.console.dll, SocketServer.Start: Listening on endpoint : 127.0.0.1:60430
TpTrace Verbose: 0 : 20348, 7, 2023/10/02, 23:01:28.306, 5048136244443, vstest.console.dll, DotnetTestHostmanager.GetTestHostProcessStartInfo: Platform environment 'X64' target architecture 'X64' framework '.NETCoreApp,Version=v6.0' OS 'Windows'
TpTrace Verbose: 0 : 20348, 7, 2023/10/02, 23:01:28.306, 5048136245873, vstest.console.dll, DotnetTestHostmanager: Adding  --runtimeconfig "D:\c#\MyDBSM\MyDBSMTests\bin\Debug\net6.0-windows\fine-code-coverage\build-output\MyDBSMTests.runtimeconfig.json" in args
TpTrace Verbose: 0 : 20348, 7, 2023/10/02, 23:01:28.306, 5048136246187, vstest.console.dll, DotnetTestHostmanager: Adding  --depsfile "D:\c#\MyDBSM\MyDBSMTests\bin\Debug\net6.0-windows\fine-code-coverage\build-output\MyDBSMTests.deps.json" in args
TpTrace Verbose: 0 : 20348, 7, 2023/10/02, 23:01:28.306, 5048136247323, vstest.console.dll, DotnetTestHostmanager.IsWinOnArm: Current PROCESSOR_ARCHITECTURE from environment variable 'AMD64'
TpTrace Verbose: 0 : 20348, 7, 2023/10/02, 23:01:28.306, 5048136247720, vstest.console.dll, DotnetTestHostmanager.IsWinOnArm: Is Windows on ARM 'False'
TpTrace Verbose: 0 : 20348, 7, 2023/10/02, 23:01:28.306, 5048136248041, vstest.console.dll, DotnetTestHostManager: testhost.exe found at path: D:\c#\MyDBSM\MyDBSMTests\bin\Debug\net6.0-windows\fine-code-coverage\build-output\testhost.exe
TpTrace Verbose: 0 : 20348, 7, 2023/10/02, 23:01:28.306, 5048136248253, vstest.console.dll, DotnetTestHostmanager: Full path of host exe is D:\c#\MyDBSM\MyDBSMTests\bin\Debug\net6.0-windows\fine-code-coverage\build-output\testhost.exe
TpTrace Verbose: 0 : 20348, 7, 2023/10/02, 23:01:28.306, 5048136249137, vstest.console.dll, DotnetTestHostmanager.LaunchTestHostAsync: Found 'VSTEST_WINAPPHOST_DOTNET_ROOT' in env variables, value 'C:\Program Files\dotnet', forwarding to 'DOTNET_ROOT'
TpTrace Verbose: 0 : 20348, 7, 2023/10/02, 23:01:28.307, 5048136250460, vstest.console.dll, DotnetTestHostManager: Starting process 'D:\c#\MyDBSM\MyDBSMTests\bin\Debug\net6.0-windows\fine-code-coverage\build-output\testhost.exe' with command line ' --runtimeconfig "D:\c#\MyDBSM\MyDBSMTests\bin\Debug\net6.0-windows\fine-code-coverage\build-output\MyDBSMTests.runtimeconfig.json" --depsfile "D:\c#\MyDBSM\MyDBSMTests\bin\Debug\net6.0-windows\fine-code-coverage\build-output\MyDBSMTests.deps.json" --port 60430 --endpoint 127.0.0.1:060430 --role client --parentprocessid 20348 --diag "D:\c#\MyDBSM\MyDBSMTests\bin\Debug\net6.0-windows\fine-code-coverage\coverage-tool-output\diagnostics.host.23-10-02_23-01-28_30611_7.log" --tracelevel 4 --datacollectionport 60429 --telemetryoptedin false'
TpTrace Verbose: 0 : 20348, 7, 2023/10/02, 23:01:28.314, 5048136322587, vstest.console.dll, MulticastDelegateUtilities.SafeInvoke: HostProviderEvents.OnHostLaunched: Invoking callback 1/2 for Microsoft.VisualStudio.TestPlatform.CrossPlatEngine.Client.ProxyExecutionManagerWithDataCollection., took 1 ms.
TpTrace Verbose: 0 : 20348, 7, 2023/10/02, 23:01:28.314, 5048136325955, vstest.console.dll, Test Runtime launched
TpTrace Verbose: 0 : 20348, 7, 2023/10/02, 23:01:28.314, 5048136326609, vstest.console.dll, MulticastDelegateUtilities.SafeInvoke: HostProviderEvents.OnHostLaunched: Invoking callback 2/2 for Microsoft.VisualStudio.TestPlatform.CrossPlatEngine.Client.ProxyOperationManager., took 0 ms.
TpTrace Verbose: 0 : 20348, 7, 2023/10/02, 23:01:28.314, 5048136327802, vstest.console.dll, TestRequestSender.WaitForRequestHandlerConnection: waiting for connection with timeout: 90000.
TpTrace Verbose: 0 : 20348, 7, 2023/10/02, 23:01:28.436, 5048137549273, vstest.console.dll, TestRequestSender.WaitForRequestHandlerConnection: waiting took 122 ms, with timeout 90000 ms, and result 0, which is success.
TpTrace Verbose: 0 : 20348, 11, 2023/10/02, 23:01:28.436, 5048137549271, vstest.console.dll, MulticastDelegateUtilities.SafeInvoke: SocketServer: ClientConnected: Invoking callback 1/1 for Microsoft.VisualStudio.TestPlatform.CommunicationUtilities.TestRequestSender., took 0 ms.
TpTrace Verbose: 0 : 20348, 11, 2023/10/02, 23:01:28.437, 5048137552470, vstest.console.dll, SocketServer.OnClientConnected: Client connected for endPoint: 127.0.0.1:60430, starting MessageLoopAsync:
TpTrace Verbose: 0 : 20348, 11, 2023/10/02, 23:01:28.437, 5048137554811, vstest.console.dll, TcpClientExtensions.MessageLoopAsync: Polling on remoteEndPoint: 127.0.0.1:60431 localEndPoint: 127.0.0.1:60430
TpTrace Verbose: 0 : 20348, 7, 2023/10/02, 23:01:28.438, 5048137560135, vstest.console.dll, TestRequestSender.CheckVersionWithTestHost: Sending check version message: {"MessageType":"ProtocolVersion","Payload":7}
TpTrace Verbose: 0 : 20348, 11, 2023/10/02, 23:01:28.562, 5048138805484, vstest.console.dll, TcpClientExtensions.MessageLoopAsync: NotifyDataAvailable remoteEndPoint: 127.0.0.1:60431 localEndPoint: 127.0.0.1:60430
TpTrace Verbose: 0 : 20348, 11, 2023/10/02, 23:01:28.562, 5048138808399, vstest.console.dll, TestRequestSender.CheckVersionWithTestHost: onMessageReceived received message: (ProtocolVersion) -> {"MessageType":"ProtocolVersion","Payload":7}
TpTrace Verbose: 0 : 20348, 11, 2023/10/02, 23:01:28.563, 5048138816233, vstest.console.dll, MulticastDelegateUtilities.SafeInvoke: LengthPrefixCommunicationChannel: MessageReceived: Invoking callback 1/1 for Microsoft.VisualStudio.TestPlatform.CommunicationUtilities.TestRequestSender+<>c__DisplayClass29_0., took 0 ms.
TpTrace Verbose: 0 : 20348, 11, 2023/10/02, 23:01:28.563, 5048138816931, vstest.console.dll, TcpClientExtensions.MessageLoopAsync: Polling on remoteEndPoint: 127.0.0.1:60431 localEndPoint: 127.0.0.1:60430
TpTrace Verbose: 0 : 20348, 7, 2023/10/02, 23:01:28.563, 5048138817450, vstest.console.dll, TestPluginCache.GetExtensionPaths: Filtered extension paths: 
TpTrace Verbose: 0 : 20348, 7, 2023/10/02, 23:01:28.563, 5048138818320, vstest.console.dll, TestPluginCache.GetExtensionPaths: Added default extension paths: C:\Program Files\dotnet\sdk\7.0.203\Extensions\Microsoft.Diagnostics.NETCore.Client.dll
C:\Program Files\dotnet\sdk\7.0.203\Extensions\Microsoft.TestPlatform.Extensions.BlameDataCollector.dll
C:\Program Files\dotnet\sdk\7.0.203\Extensions\Microsoft.TestPlatform.Extensions.EventLogCollector.dll
C:\Program Files\dotnet\sdk\7.0.203\Extensions\Microsoft.TestPlatform.TestHostRuntimeProvider.dll
C:\Program Files\dotnet\sdk\7.0.203\Extensions\Microsoft.VisualStudio.TestPlatform.Extensions.Html.TestLogger.dll
C:\Program Files\dotnet\sdk\7.0.203\Extensions\Microsoft.VisualStudio.TestPlatform.Extensions.Trx.TestLogger.dll
TpTrace Verbose: 0 : 20348, 7, 2023/10/02, 23:01:28.563, 5048138818755, vstest.console.dll, TestPluginCache.GetExtensionPaths: Added unfilterableExtensionPaths: 
TpTrace Verbose: 0 : 20348, 7, 2023/10/02, 23:01:28.566, 5048138847590, vstest.console.dll, TestRequestSender.InitializeExecution: Sending initialize execution with message: {"Version":7,"MessageType":"TestExecution.Initialize","Payload":["D:\\c#\\MyDBSM\\MyDBSMTests\\bin\\Debug\\net6.0-windows\\fine-code-coverage\\build-output\\xunit.runner.visualstudio.dotnetcore.testadapter.dll"]}
TpTrace Verbose: 0 : 20348, 11, 2023/10/02, 23:01:28.567, 5048138850090, vstest.console.dll, TcpClientExtensions.MessageLoopAsync: NotifyDataAvailable remoteEndPoint: 127.0.0.1:60431 localEndPoint: 127.0.0.1:60430
TpTrace Verbose: 0 : 20348, 11, 2023/10/02, 23:01:28.567, 5048138850968, vstest.console.dll, LengthPrefixCommunicationChannel.NotifyDataAvailable: New data are waiting to be received, but there is no subscriber to be notified. Not reading them from the stream.
TpTrace Verbose: 0 : 20348, 11, 2023/10/02, 23:01:28.567, 5048138851223, vstest.console.dll, TcpClientExtensions.MessageLoopAsync: Polling on remoteEndPoint: 127.0.0.1:60431 localEndPoint: 127.0.0.1:60430
TpTrace Verbose: 0 : 20348, 11, 2023/10/02, 23:01:28.567, 5048138851490, vstest.console.dll, TcpClientExtensions.MessageLoopAsync: NotifyDataAvailable remoteEndPoint: 127.0.0.1:60431 localEndPoint: 127.0.0.1:60430
TpTrace Verbose: 0 : 20348, 11, 2023/10/02, 23:01:28.567, 5048138851642, vstest.console.dll, LengthPrefixCommunicationChannel.NotifyDataAvailable: New data are waiting to be received, but there is no subscriber to be notified. Not reading them from the stream.
TpTrace Verbose: 0 : 20348, 11, 2023/10/02, 23:01:28.567, 5048138851791, vstest.console.dll, TcpClientExtensions.MessageLoopAsync: Polling on remoteEndPoint: 127.0.0.1:60431 localEndPoint: 127.0.0.1:60430
TpTrace Verbose: 0 : 20348, 11, 2023/10/02, 23:01:28.567, 5048138851966, vstest.console.dll, TcpClientExtensions.MessageLoopAsync: NotifyDataAvailable remoteEndPoint: 127.0.0.1:60431 localEndPoint: 127.0.0.1:60430
TpTrace Verbose: 0 : 20348, 11, 2023/10/02, 23:01:28.567, 5048138852113, vstest.console.dll, LengthPrefixCommunicationChannel.NotifyDataAvailable: New data are waiting to be received, but there is no subscriber to be notified. Not reading them from the stream.
TpTrace Verbose: 0 : 20348, 11, 2023/10/02, 23:01:28.567, 5048138852258, vstest.console.dll, TcpClientExtensions.MessageLoopAsync: Polling on remoteEndPoint: 127.0.0.1:60431 localEndPoint: 127.0.0.1:60430
TpTrace Warning: 0 : 20348, 7, 2023/10/02, 23:01:28.567, 5048138852935, vstest.console.dll, InferRunSettingsHelper.MakeRunsettingsCompatible: Removing the following settings: TargetPlatform from RunSettings file. To use those settings please move to latest version of Microsoft.NET.Test.Sdk
TpTrace Verbose: 0 : 20348, 11, 2023/10/02, 23:01:28.567, 5048138852998, vstest.console.dll, TcpClientExtensions.MessageLoopAsync: NotifyDataAvailable remoteEndPoint: 127.0.0.1:60431 localEndPoint: 127.0.0.1:60430
TpTrace Verbose: 0 : 20348, 11, 2023/10/02, 23:01:28.567, 5048138853654, vstest.console.dll, LengthPrefixCommunicationChannel.NotifyDataAvailable: New data are waiting to be received, but there is no subscriber to be notified. Not reading them from the stream.
TpTrace Verbose: 0 : 20348, 11, 2023/10/02, 23:01:28.567, 5048138853996, vstest.console.dll, TcpClientExtensions.MessageLoopAsync: Polling on remoteEndPoint: 127.0.0.1:60431 localEndPoint: 127.0.0.1:60430
TpTrace Verbose: 0 : 20348, 11, 2023/10/02, 23:01:28.567, 5048138854197, vstest.console.dll, TcpClientExtensions.MessageLoopAsync: NotifyDataAvailable remoteEndPoint: 127.0.0.1:60431 localEndPoint: 127.0.0.1:60430
TpTrace Verbose: 0 : 20348, 11, 2023/10/02, 23:01:28.567, 5048138854343, vstest.console.dll, LengthPrefixCommunicationChannel.NotifyDataAvailable: New data are waiting to be received, but there is no subscriber to be notified. Not reading them from the stream.
TpTrace Verbose: 0 : 20348, 11, 2023/10/02, 23:01:28.567, 5048138854488, vstest.console.dll, TcpClientExtensions.MessageLoopAsync: Polling on remoteEndPoint: 127.0.0.1:60431 localEndPoint: 127.0.0.1:60430
TpTrace Verbose: 0 : 20348, 11, 2023/10/02, 23:01:28.567, 5048138854662, vstest.console.dll, TcpClientExtensions.MessageLoopAsync: NotifyDataAvailable remoteEndPoint: 127.0.0.1:60431 localEndPoint: 127.0.0.1:60430
TpTrace Verbose: 0 : 20348, 11, 2023/10/02, 23:01:28.567, 5048138854833, vstest.console.dll, LengthPrefixCommunicationChannel.NotifyDataAvailable: New data are waiting to be received, but there is no subscriber to be notified. Not reading them from the stream.
TpTrace Verbose: 0 : 20348, 11, 2023/10/02, 23:01:28.567, 5048138854978, vstest.console.dll, TcpClientExtensions.MessageLoopAsync: Polling on remoteEndPoint: 127.0.0.1:60431 localEndPoint: 127.0.0.1:60430
TpTrace Verbose: 0 : 20348, 11, 2023/10/02, 23:01:28.567, 5048138855137, vstest.console.dll, TcpClientExtensions.MessageLoopAsync: NotifyDataAvailable remoteEndPoint: 127.0.0.1:60431 localEndPoint: 127.0.0.1:60430
TpTrace Verbose: 0 : 20348, 11, 2023/10/02, 23:01:28.567, 5048138855281, vstest.console.dll, LengthPrefixCommunicationChannel.NotifyDataAvailable: New data are waiting to be received, but there is no subscriber to be notified. Not reading them from the stream.
TpTrace Verbose: 0 : 20348, 11, 2023/10/02, 23:01:28.567, 5048138855451, vstest.console.dll, TcpClientExtensions.MessageLoopAsync: Polling on remoteEndPoint: 127.0.0.1:60431 localEndPoint: 127.0.0.1:60430
TpTrace Verbose: 0 : 20348, 11, 2023/10/02, 23:01:28.567, 5048138855613, vstest.console.dll, TcpClientExtensions.MessageLoopAsync: NotifyDataAvailable remoteEndPoint: 127.0.0.1:60431 localEndPoint: 127.0.0.1:60430
TpTrace Verbose: 0 : 20348, 11, 2023/10/02, 23:01:28.567, 5048138855767, vstest.console.dll, LengthPrefixCommunicationChannel.NotifyDataAvailable: New data are waiting to be received, but there is no subscriber to be notified. Not reading them from the stream.
TpTrace Verbose: 0 : 20348, 11, 2023/10/02, 23:01:28.567, 5048138855909, vstest.console.dll, TcpClientExtensions.MessageLoopAsync: Polling on remoteEndPoint: 127.0.0.1:60431 localEndPoint: 127.0.0.1:60430
TpTrace Verbose: 0 : 20348, 11, 2023/10/02, 23:01:28.567, 5048138856067, vstest.console.dll, TcpClientExtensions.MessageLoopAsync: NotifyDataAvailable remoteEndPoint: 127.0.0.1:60431 localEndPoint: 127.0.0.1:60430
TpTrace Verbose: 0 : 20348, 11, 2023/10/02, 23:01:28.567, 5048138856209, vstest.console.dll, LengthPrefixCommunicationChannel.NotifyDataAvailable: New data are waiting to be received, but there is no subscriber to be notified. Not reading them from the stream.
TpTrace Verbose: 0 : 20348, 11, 2023/10/02, 23:01:28.567, 5048138856413, vstest.console.dll, TcpClientExtensions.MessageLoopAsync: Polling on remoteEndPoint: 127.0.0.1:60431 localEndPoint: 127.0.0.1:60430
TpTrace Verbose: 0 : 20348, 11, 2023/10/02, 23:01:28.567, 5048138856609, vstest.console.dll, TcpClientExtensions.MessageLoopAsync: NotifyDataAvailable remoteEndPoint: 127.0.0.1:60431 localEndPoint: 127.0.0.1:60430
TpTrace Verbose: 0 : 20348, 11, 2023/10/02, 23:01:28.567, 5048138859349, vstest.console.dll, TestRequestSender.OnExecutionMessageReceived: Received message: {"Version":7,"MessageType":"TestSession.Message","Payload":{"MessageLevel":0,"Message":"Logging TestHost Diagnostics in file: D:\\c#\\MyDBSM\\MyDBSMTests\\bin\\Debug\\net6.0-windows\\fine-code-coverage\\coverage-tool-output\\diagnostics.host.23-10-02_23-01-28_30611_7.log"}}
TpTrace Verbose: 0 : 20348, 11, 2023/10/02, 23:01:28.570, 5048138880343, vstest.console.dll, TestRunRequest:SendTestRunMessage: Starting.
TpTrace Verbose: 0 : 20348, 11, 2023/10/02, 23:01:28.570, 5048138882134, vstest.console.dll, MulticastDelegateUtilities.SafeInvoke: TestRun.LogMessages: Invoking callback 1/1 for Microsoft.VisualStudio.TestPlatform.CommandLine.TestRunResultAggregator., took 0 ms.
TpTrace Information: 0 : 20348, 11, 2023/10/02, 23:01:28.570, 5048138882410, vstest.console.dll, TestRunRequest:SendTestRunMessage: Completed.
TpTrace Verbose: 0 : 20348, 11, 2023/10/02, 23:01:28.570, 5048138882693, vstest.console.dll, MulticastDelegateUtilities.SafeInvoke: LengthPrefixCommunicationChannel: MessageReceived: Invoking callback 1/1 for Microsoft.VisualStudio.TestPlatform.CommunicationUtilities.TestRequestSender+<>c__DisplayClass34_0., took 2 ms.
TpTrace Verbose: 0 : 20348, 11, 2023/10/02, 23:01:28.570, 5048138882911, vstest.console.dll, TcpClientExtensions.MessageLoopAsync: Polling on remoteEndPoint: 127.0.0.1:60431 localEndPoint: 127.0.0.1:60430
TpTrace Verbose: 0 : 20348, 4, 2023/10/02, 23:01:28.570, 5048138882772, vstest.console.dll, MulticastDelegateUtilities.SafeInvoke: InternalTestLoggerEvents.SendTestRunMessage: Invoking callback 1/1 for Microsoft.VisualStudio.TestPlatform.CommandLine.Internal.ConsoleLogger., took 0 ms.
TpTrace Verbose: 0 : 20348, 7, 2023/10/02, 23:01:28.574, 5048138922063, vstest.console.dll, TestRequestSender.StartTestRun: Sending test run with message: {"Version":7,"MessageType":"TestExecution.StartWithSources","Payload":{"AdapterSourceMap":{"_none_":["D:\\c#\\MyDBSM\\MyDBSMTests\\bin\\Debug\\net6.0-windows\\fine-code-coverage\\build-output\\MyDBSMTests.dll"]},"RunSettings":"<RunSettings>\r\n  <RunConfiguration>\r\n    <ResultsDirectory>D:\\c#\\MyDBSM\\MyDBSMTests\\bin\\Debug\\net6.0-windows\\fine-code-coverage\\coverage-tool-output</ResultsDirectory>\r\n    <TargetFrameworkVersion>.NETCoreApp,Version=v6.0</TargetFrameworkVersion>\r\n    <DesignMode>False</DesignMode>\r\n    <CollectSourceInformation>False</CollectSourceInformation>\r\n  </RunConfiguration>\r\n  <LoggerRunSettings>\r\n    <Loggers>\r\n      <Logger friendlyName=\"blame\" enabled=\"True\" />\r\n      <Logger friendlyName=\"Console\" uri=\"logger://microsoft/TestPlatform/ConsoleLogger/v1\" assemblyQualifiedName=\"Microsoft.VisualStudio.TestPlatform.CommandLine.Internal.ConsoleLogger, vstest.console, Version=15.0.0.0, Culture=neutral, PublicKeyToken=b03f5f7f11d50a3a\" codeBase=\"C:\\Program Files\\dotnet\\sdk\\7.0.203\\vstest.console.dll\" enabled=\"True\" />\r\n    </Loggers>\r\n  </LoggerRunSettings>\r\n  <DataCollectionRunSettings>\r\n    <DataCollectors>\r\n      <DataCollector friendlyName=\"blame\" enabled=\"True\">\r\n        <Configuration>\r\n          <ResultsDirectory>D:\\c#\\MyDBSM\\MyDBSMTests\\bin\\Debug\\net6.0-windows\\fine-code-coverage\\coverage-tool-output</ResultsDirectory>\r\n        </Configuration>\r\n      </DataCollector>\r\n    </DataCollectors>\r\n  </DataCollectionRunSettings>\r\n</RunSettings>","TestExecutionContext":{"FrequencyOfRunStatsChangeEvent":10,"RunStatsChangeEventTimeout":"00:00:01.5000000","InIsolation":false,"KeepAlive":false,"AreTestCaseLevelEventsRequired":false,"IsDebug":false,"TestCaseFilter":null,"FilterOptions":null},"Package":null}}
TpTrace Verbose: 0 : 20348, 11, 2023/10/02, 23:01:28.713, 5048140311202, vstest.console.dll, TcpClientExtensions.MessageLoopAsync: NotifyDataAvailable remoteEndPoint: 127.0.0.1:60431 localEndPoint: 127.0.0.1:60430
TpTrace Verbose: 0 : 20348, 11, 2023/10/02, 23:01:28.713, 5048140313343, vstest.console.dll, TestRequestSender.OnExecutionMessageReceived: Received message: {"Version":7,"MessageType":"TestSession.Message","Payload":{"MessageLevel":0,"Message":"[xUnit.net 00:00:00.00] xUnit.net VSTest Adapter v2.4.5+1caef2f33e (64-bit .NET 6.0.16)"}}
TpTrace Verbose: 0 : 20348, 11, 2023/10/02, 23:01:28.713, 5048140316600, vstest.console.dll, TestRunRequest:SendTestRunMessage: Starting.
TpTrace Verbose: 0 : 20348, 11, 2023/10/02, 23:01:28.713, 5048140317563, vstest.console.dll, MulticastDelegateUtilities.SafeInvoke: TestRun.LogMessages: Invoking callback 1/1 for Microsoft.VisualStudio.TestPlatform.CommandLine.TestRunResultAggregator., took 0 ms.
TpTrace Information: 0 : 20348, 11, 2023/10/02, 23:01:28.713, 5048140317939, vstest.console.dll, TestRunRequest:SendTestRunMessage: Completed.
TpTrace Verbose: 0 : 20348, 4, 2023/10/02, 23:01:28.713, 5048140318127, vstest.console.dll, MulticastDelegateUtilities.SafeInvoke: InternalTestLoggerEvents.SendTestRunMessage: Invoking callback 1/1 for Microsoft.VisualStudio.TestPlatform.CommandLine.Internal.ConsoleLogger., took 0 ms.
TpTrace Verbose: 0 : 20348, 11, 2023/10/02, 23:01:28.713, 5048140318299, vstest.console.dll, MulticastDelegateUtilities.SafeInvoke: LengthPrefixCommunicationChannel: MessageReceived: Invoking callback 1/1 for Microsoft.VisualStudio.TestPlatform.CommunicationUtilities.TestRequestSender+<>c__DisplayClass34_0., took 0 ms.
TpTrace Verbose: 0 : 20348, 11, 2023/10/02, 23:01:28.714, 5048140319880, vstest.console.dll, TcpClientExtensions.MessageLoopAsync: Polling on remoteEndPoint: 127.0.0.1:60431 localEndPoint: 127.0.0.1:60430
TpTrace Verbose: 0 : 20348, 11, 2023/10/02, 23:01:29.332, 5048146502173, vstest.console.dll, TcpClientExtensions.MessageLoopAsync: NotifyDataAvailable remoteEndPoint: 127.0.0.1:60431 localEndPoint: 127.0.0.1:60430
TpTrace Verbose: 0 : 20348, 11, 2023/10/02, 23:01:29.332, 5048146504130, vstest.console.dll, TestRequestSender.OnExecutionMessageReceived: Received message: {"Version":7,"MessageType":"TestSession.Message","Payload":{"MessageLevel":0,"Message":"[xUnit.net 00:00:00.62]   Discovering: MyDBSMTests"}}
TpTrace Verbose: 0 : 20348, 11, 2023/10/02, 23:01:29.332, 5048146505445, vstest.console.dll, TestRunRequest:SendTestRunMessage: Starting.
TpTrace Verbose: 0 : 20348, 11, 2023/10/02, 23:01:29.332, 5048146506037, vstest.console.dll, MulticastDelegateUtilities.SafeInvoke: TestRun.LogMessages: Invoking callback 1/1 for Microsoft.VisualStudio.TestPlatform.CommandLine.TestRunResultAggregator., took 0 ms.
TpTrace Information: 0 : 20348, 11, 2023/10/02, 23:01:29.332, 5048146506286, vstest.console.dll, TestRunRequest:SendTestRunMessage: Completed.
TpTrace Verbose: 0 : 20348, 11, 2023/10/02, 23:01:29.332, 5048146506521, vstest.console.dll, MulticastDelegateUtilities.SafeInvoke: LengthPrefixCommunicationChannel: MessageReceived: Invoking callback 1/1 for Microsoft.VisualStudio.TestPlatform.CommunicationUtilities.TestRequestSender+<>c__DisplayClass34_0., took 0 ms.
TpTrace Verbose: 0 : 20348, 11, 2023/10/02, 23:01:29.332, 5048146506737, vstest.console.dll, TcpClientExtensions.MessageLoopAsync: Polling on remoteEndPoint: 127.0.0.1:60431 localEndPoint: 127.0.0.1:60430
TpTrace Verbose: 0 : 20348, 4, 2023/10/02, 23:01:29.332, 5048146507422, vstest.console.dll, MulticastDelegateUtilities.SafeInvoke: InternalTestLoggerEvents.SendTestRunMessage: Invoking callback 1/1 for Microsoft.VisualStudio.TestPlatform.CommandLine.Internal.ConsoleLogger., took 0 ms.
TpTrace Verbose: 0 : 20348, 11, 2023/10/02, 23:01:29.363, 5048146811477, vstest.console.dll, TcpClientExtensions.MessageLoopAsync: NotifyDataAvailable remoteEndPoint: 127.0.0.1:60431 localEndPoint: 127.0.0.1:60430
TpTrace Verbose: 0 : 20348, 11, 2023/10/02, 23:01:29.363, 5048146814099, vstest.console.dll, TestRequestSender.OnExecutionMessageReceived: Received message: {"Version":7,"MessageType":"TestSession.Message","Payload":{"MessageLevel":0,"Message":"[xUnit.net 00:00:00.65]   Discovered:  MyDBSMTests"}}
TpTrace Verbose: 0 : 20348, 11, 2023/10/02, 23:01:29.363, 5048146815810, vstest.console.dll, TestRunRequest:SendTestRunMessage: Starting.
TpTrace Verbose: 0 : 20348, 11, 2023/10/02, 23:01:29.363, 5048146816642, vstest.console.dll, MulticastDelegateUtilities.SafeInvoke: TestRun.LogMessages: Invoking callback 1/1 for Microsoft.VisualStudio.TestPlatform.CommandLine.TestRunResultAggregator., took 0 ms.
TpTrace Information: 0 : 20348, 11, 2023/10/02, 23:01:29.363, 5048146817113, vstest.console.dll, TestRunRequest:SendTestRunMessage: Completed.
TpTrace Verbose: 0 : 20348, 4, 2023/10/02, 23:01:29.363, 5048146817064, vstest.console.dll, MulticastDelegateUtilities.SafeInvoke: InternalTestLoggerEvents.SendTestRunMessage: Invoking callback 1/1 for Microsoft.VisualStudio.TestPlatform.CommandLine.Internal.ConsoleLogger., took 0 ms.
TpTrace Verbose: 0 : 20348, 11, 2023/10/02, 23:01:29.363, 5048146817556, vstest.console.dll, MulticastDelegateUtilities.SafeInvoke: LengthPrefixCommunicationChannel: MessageReceived: Invoking callback 1/1 for Microsoft.VisualStudio.TestPlatform.CommunicationUtilities.TestRequestSender+<>c__DisplayClass34_0., took 0 ms.
TpTrace Verbose: 0 : 20348, 11, 2023/10/02, 23:01:29.363, 5048146819285, vstest.console.dll, TcpClientExtensions.MessageLoopAsync: Polling on remoteEndPoint: 127.0.0.1:60431 localEndPoint: 127.0.0.1:60430
TpTrace Verbose: 0 : 20348, 11, 2023/10/02, 23:01:29.365, 5048146832371, vstest.console.dll, TcpClientExtensions.MessageLoopAsync: NotifyDataAvailable remoteEndPoint: 127.0.0.1:60431 localEndPoint: 127.0.0.1:60430
TpTrace Verbose: 0 : 20348, 11, 2023/10/02, 23:01:29.365, 5048146834014, vstest.console.dll, TestRequestSender.OnExecutionMessageReceived: Received message: {"Version":7,"MessageType":"TestSession.Message","Payload":{"MessageLevel":0,"Message":"[xUnit.net 00:00:00.65]   Starting:    MyDBSMTests"}}
TpTrace Verbose: 0 : 20348, 11, 2023/10/02, 23:01:29.365, 5048146835180, vstest.console.dll, TestRunRequest:SendTestRunMessage: Starting.
TpTrace Verbose: 0 : 20348, 11, 2023/10/02, 23:01:29.365, 5048146835642, vstest.console.dll, MulticastDelegateUtilities.SafeInvoke: TestRun.LogMessages: Invoking callback 1/1 for Microsoft.VisualStudio.TestPlatform.CommandLine.TestRunResultAggregator., took 0 ms.
TpTrace Information: 0 : 20348, 11, 2023/10/02, 23:01:29.365, 5048146835878, vstest.console.dll, TestRunRequest:SendTestRunMessage: Completed.
TpTrace Verbose: 0 : 20348, 4, 2023/10/02, 23:01:29.365, 5048146835875, vstest.console.dll, MulticastDelegateUtilities.SafeInvoke: InternalTestLoggerEvents.SendTestRunMessage: Invoking callback 1/1 for Microsoft.VisualStudio.TestPlatform.CommandLine.Internal.ConsoleLogger., took 0 ms.
TpTrace Verbose: 0 : 20348, 11, 2023/10/02, 23:01:29.365, 5048146836055, vstest.console.dll, MulticastDelegateUtilities.SafeInvoke: LengthPrefixCommunicationChannel: MessageReceived: Invoking callback 1/1 for Microsoft.VisualStudio.TestPlatform.CommunicationUtilities.TestRequestSender+<>c__DisplayClass34_0., took 0 ms.
TpTrace Verbose: 0 : 20348, 11, 2023/10/02, 23:01:29.365, 5048146836862, vstest.console.dll, TcpClientExtensions.MessageLoopAsync: Polling on remoteEndPoint: 127.0.0.1:60431 localEndPoint: 127.0.0.1:60430
TpTrace Verbose: 0 : 20348, 11, 2023/10/02, 23:01:29.474, 5048147924295, vstest.console.dll, TcpClientExtensions.MessageLoopAsync: NotifyDataAvailable remoteEndPoint: 127.0.0.1:60431 localEndPoint: 127.0.0.1:60430
TpTrace Verbose: 0 : 20348, 11, 2023/10/02, 23:01:29.474, 5048147925954, vstest.console.dll, TestRequestSender.OnExecutionMessageReceived: Received message: {"Version":7,"MessageType":"TestSession.Message","Payload":{"MessageLevel":0,"Message":"[xUnit.net 00:00:00.76]   Finished:    MyDBSMTests"}}
TpTrace Verbose: 0 : 20348, 11, 2023/10/02, 23:01:29.474, 5048147927281, vstest.console.dll, TestRunRequest:SendTestRunMessage: Starting.
TpTrace Verbose: 0 : 20348, 11, 2023/10/02, 23:01:29.474, 5048147927834, vstest.console.dll, MulticastDelegateUtilities.SafeInvoke: TestRun.LogMessages: Invoking callback 1/1 for Microsoft.VisualStudio.TestPlatform.CommandLine.TestRunResultAggregator., took 0 ms.
TpTrace Information: 0 : 20348, 11, 2023/10/02, 23:01:29.474, 5048147928085, vstest.console.dll, TestRunRequest:SendTestRunMessage: Completed.
TpTrace Verbose: 0 : 20348, 11, 2023/10/02, 23:01:29.474, 5048147928333, vstest.console.dll, MulticastDelegateUtilities.SafeInvoke: LengthPrefixCommunicationChannel: MessageReceived: Invoking callback 1/1 for Microsoft.VisualStudio.TestPlatform.CommunicationUtilities.TestRequestSender+<>c__DisplayClass34_0., took 0 ms.
TpTrace Verbose: 0 : 20348, 11, 2023/10/02, 23:01:29.474, 5048147928821, vstest.console.dll, TcpClientExtensions.MessageLoopAsync: Polling on remoteEndPoint: 127.0.0.1:60431 localEndPoint: 127.0.0.1:60430
TpTrace Verbose: 0 : 20348, 4, 2023/10/02, 23:01:29.475, 5048147930811, vstest.console.dll, MulticastDelegateUtilities.SafeInvoke: InternalTestLoggerEvents.SendTestRunMessage: Invoking callback 1/1 for Microsoft.VisualStudio.TestPlatform.CommandLine.Internal.ConsoleLogger., took 0 ms.
TpTrace Verbose: 0 : 20348, 11, 2023/10/02, 23:01:29.514, 5048148321055, vstest.console.dll, TcpClientExtensions.MessageLoopAsync: NotifyDataAvailable remoteEndPoint: 127.0.0.1:60431 localEndPoint: 127.0.0.1:60430
TpTrace Verbose: 0 : 20348, 11, 2023/10/02, 23:01:29.514, 5048148323448, vstest.console.dll, TestRequestSender.OnExecutionMessageReceived: Received message: {"Version":7,"MessageType":"TestExecution.Completed","Payload":{"TestRunCompleteArgs":{"TestRunStatistics":{"ExecutedTests":4,"Stats":{"Passed":4}},"IsCanceled":false,"IsAborted":false,"Error":null,"AttachmentSets":[],"InvokedDataCollectors":[],"ElapsedTimeInRunningTests":"00:00:00.7769119","Metrics":{},"DiscoveredExtensions":{"TestDiscoverers":["Xunit.Runner.VisualStudio.VsTestRunner, xunit.runner.visualstudio.dotnetcore.testadapter, Version=2.4.0.0, Culture=neutral, PublicKeyToken=8d05b1bb7a6fdb6c"],"TestExecutors":["executor://xunit/VsTestRunner2/netcoreapp"],"TestExecutors2":[],"TestSettingsProviders":[]}},"LastRunTests":{"NewTestResults":[{"TestCase":{"Id":"bb1281e1-9a74-fe2f-76ab-dd3c3570d4e7","FullyQualifiedName":"MyDBSMTests.ColumnsTests.TestColorIntervalColumnValidation","DisplayName":"MyDBSMTests.ColumnsTests.TestColorIntervalColumnValidation","ExecutorUri":"executor://xunit/VsTestRunner2/netcoreapp","Source":"D:\\c#\\MyDBSM\\MyDBSMTests\\bin\\Debug\\net6.0-windows\\fine-code-coverage\\build-output\\MyDBSMTests.dll","CodeFilePath":null,"LineNumber":0,"Properties":[]},"Attachments":[],"Outcome":1,"ErrorMessage":null,"ErrorStackTrace":null,"DisplayName":"MyDBSMTests.ColumnsTests.TestColorIntervalColumnValidation","Messages":[],"ComputerName":"ALINA","Duration":"00:00:00.0012715","StartTime":"2023-10-02T20:01:29.4438006+00:00","EndTime":"2023-10-02T20:01:29.4438255+00:00","Properties":[]},{"TestCase":{"Id":"3c2a195f-b198-74a4-043c-3693627b3381","FullyQualifiedName":"MyDBSMTests.ProjectionTests.ProjectionTest","DisplayName":"MyDBSMTests.ProjectionTests.ProjectionTest","ExecutorUri":"executor://xunit/VsTestRunner2/netcoreapp","Source":"D:\\c#\\MyDBSM\\MyDBSMTests\\bin\\Debug\\net6.0-windows\\fine-code-coverage\\build-output\\MyDBSMTests.dll","CodeFilePath":null,"LineNumber":0,"Properties":[]},"Attachments":[],"Outcome":1,"ErrorMessage":null,"ErrorStackTrace":null,"DisplayName":"MyDBSMTests.ProjectionTests.ProjectionTest","Messages":[],"ComputerName":"ALINA","Duration":"00:00:00.0159120","StartTime":"2023-10-02T20:01:29.4659579+00:00","EndTime":"2023-10-02T20:01:29.4659579+00:00","Properties":[]},{"TestCase":{"Id":"b929dc2f-f453-1238-aca9-3cf640cdc813","FullyQualifiedName":"MyDBSMTests.ColumnsTests.TestColorColumnValidation","DisplayName":"MyDBSMTests.ColumnsTests.TestColorColumnValidation","ExecutorUri":"executor://xunit/VsTestRunner2/netcoreapp","Source":"D:\\c#\\MyDBSM\\MyDBSMTests\\bin\\Debug\\net6.0-windows\\fine-code-coverage\\build-output\\MyDBSMTests.dll","CodeFilePath":null,"LineNumber":0,"Properties":[]},"Attachments":[],"Outcome":1,"ErrorMessage":null,"ErrorStackTrace":null,"DisplayName":"MyDBSMTests.ColumnsTests.TestColorColumnValidation","Messages":[],"ComputerName":"ALINA","Duration":"00:00:00.0067409","StartTime":"2023-10-02T20:01:29.4680982+00:00","EndTime":"2023-10-02T20:01:29.4680982+00:00","Properties":[]},{"TestCase":{"Id":"138140d8-9191-d4e7-b322-fd53c2b7a9c8","FullyQualifiedName":"MyDBSMTests.ColumnsTests.TestRealColumnValidation","DisplayName":"MyDBSMTests.ColumnsTests.TestRealColumnValidation","ExecutorUri":"executor://xunit/VsTestRunner2/netcoreapp","Source":"D:\\c#\\MyDBSM\\MyDBSMTests\\bin\\Debug\\net6.0-windows\\fine-code-coverage\\build-output\\MyDBSMTests.dll","CodeFilePath":null,"LineNumber":0,"Properties":[]},"Attachments":[],"Outcome":1,"ErrorMessage":null,"ErrorStackTrace":null,"DisplayName":"MyDBSMTests.ColumnsTests.TestRealColumnValidation","Messages":[],"ComputerName":"ALINA","Duration":"00:00:00.0002204","StartTime":"2023-10-02T20:01:29.4711541+00:00","EndTime":"2023-10-02T20:01:29.4711542+00:00","Properties":[]}],"TestRunStatistics":{"ExecutedTests":4,"Stats":{"Passed":4}},"ActiveTests":[]},"RunAttachments":[],"ExecutorUris":["executor://xunit/VsTestRunner2/netcoreapp"]}}
TpTrace Verbose: 0 : 20348, 11, 2023/10/02, 23:01:29.514, 5048148324853, vstest.console.dll, TestRequestSender.EndSession: Sending end session.
TpTrace Verbose: 0 : 20348, 11, 2023/10/02, 23:01:29.514, 5048148326887, vstest.console.dll, ProxyOperationManager.Close: waiting for test host to exit for 100 ms
TpTrace Warning: 0 : 20348, 10, 2023/10/02, 23:01:29.525, 5048148436446, vstest.console.dll, TestHostManagerCallbacks.ErrorReceivedCallback Test host standard error line: 
TpTrace Verbose: 0 : 20348, 10, 2023/10/02, 23:01:29.541, 5048148595569, vstest.console.dll, TestHostProvider.ExitCallBack: Host exited starting callback.
TpTrace Information: 0 : 20348, 10, 2023/10/02, 23:01:29.541, 5048148597653, vstest.console.dll, TestHostManagerCallbacks.ExitCallBack: Testhost processId: 20996 exited with exitcode: 0 error: ''
TpTrace Verbose: 0 : 20348, 10, 2023/10/02, 23:01:29.541, 5048148597974, vstest.console.dll, DotnetTestHostManager.OnHostExited: invoking OnHostExited callback
TpTrace Verbose: 0 : 20348, 10, 2023/10/02, 23:01:29.541, 5048148598365, vstest.console.dll, CrossPlatEngine.TestHostManagerHostExited: calling on client process exit callback.
TpTrace Information: 0 : 20348, 10, 2023/10/02, 23:01:29.541, 5048148598763, vstest.console.dll, TestRequestSender.OnClientProcessExit: Test host process exited. Standard error: 
TpTrace Information: 0 : 20348, 10, 2023/10/02, 23:01:29.541, 5048148598998, vstest.console.dll, SocketServer.Stop: Stop server endPoint: 127.0.0.1:60430
TpTrace Information: 0 : 20348, 10, 2023/10/02, 23:01:29.541, 5048148599189, vstest.console.dll, SocketServer.Stop: Cancellation requested. Stopping message loop.
TpTrace Information: 0 : 20348, 11, 2023/10/02, 23:01:29.541, 5048148599575, vstest.console.dll, SocketServer.Stop: Stop server endPoint: 127.0.0.1:60430
TpTrace Information: 0 : 20348, 11, 2023/10/02, 23:01:29.542, 5048148599958, vstest.console.dll, SocketServer.Stop: Cancellation requested. Stopping message loop.
TpTrace Verbose: 0 : 20348, 10, 2023/10/02, 23:01:29.542, 5048148600085, vstest.console.dll, MulticastDelegateUtilities.SafeInvoke: HostProviderEvents.OnHostExited: Invoking callback 1/1 for Microsoft.VisualStudio.TestPlatform.CrossPlatEngine.Client.ProxyOperationManager., took 0 ms.
TpTrace Information: 0 : 20348, 11, 2023/10/02, 23:01:29.542, 5048148600240, vstest.console.dll, Closing the connection
TpTrace Verbose: 0 : 20348, 11, 2023/10/02, 23:01:29.542, 5048148602472, vstest.console.dll, ProxyDataCollectionManager.InvokeDataCollectionServiceAction: Starting.
TpTrace Information: 0 : 20348, 11, 2023/10/02, 23:01:29.542, 5048148602836, vstest.console.dll, ProxyDataCollectionManager.AfterTestRunEnd: Get attachment set and invoked data collectors processId: 8084 port: 60427
TpTrace Verbose: 0 : 20348, 11, 2023/10/02, 23:01:29.542, 5048148603202, vstest.console.dll, DataCollectionRequestSender.SendAfterTestRunStartAndGetResult: Send AfterTestRunEnd message with isCancelled: False
TpTrace Verbose: 0 : 20348, 11, 2023/10/02, 23:01:29.550, 5048148686547, vstest.console.dll, DataCollectionRequestSender.SendAfterTestRunStartAndGetResult: Received message: (DataCollection.AfterTestRunEndResult) -> {"MessageType":"DataCollection.AfterTestRunEndResult","Payload":{"AttachmentSets":[],"InvokedDataCollectors":[{"Uri":"datacollector://Microsoft/TestPlatform/Extensions/Blame/v1","FriendlyName":"Blame","AssemblyQualifiedName":"Microsoft.TestPlatform.Extensions.BlameDataCollector.BlameCollector, Microsoft.TestPlatform.Extensions.BlameDataCollector, Version=15.0.0.0, Culture=neutral, PublicKeyToken=b03f5f7f11d50a3a","FilePath":"C:\\Program Files\\dotnet\\sdk\\7.0.203\\Extensions\\Microsoft.TestPlatform.Extensions.BlameDataCollector.dll","HasAttachmentProcessor":false}],"Metrics":{}}}
TpTrace Information: 0 : 20348, 11, 2023/10/02, 23:01:29.560, 5048148781448, vstest.console.dll, ProxyDataCollectionManager.InvokeDataCollectionServiceAction: Completed.
TpTrace Warning: 0 : 20348, 9, 2023/10/02, 23:01:29.565, 5048148835049, vstest.console.dll, DataCollectionLauncher.ErrorReceivedCallback datacollector standard error line: 
TpTrace Information: 0 : 20348, 9, 2023/10/02, 23:01:29.572, 5048148908669, vstest.console.dll, DataCollectionLauncher.ExitCallBack: Data collector exited with exitcode: 0 error: ''
TpTrace Verbose: 0 : 20348, 11, 2023/10/02, 23:01:29.642, 5048149602005, vstest.console.dll, TestRunRequest:SendTestRunStatsChange: Starting.
TpTrace Verbose: 0 : 20348, 11, 2023/10/02, 23:01:29.642, 5048149605773, vstest.console.dll, MulticastDelegateUtilities.SafeInvoke: TestRun.RunStatsChanged: Invoking callbacks was skipped because there are no subscribers.
TpTrace Information: 0 : 20348, 11, 2023/10/02, 23:01:29.642, 5048149606146, vstest.console.dll, TestRunRequest:SendTestRunStatsChange: Completed.
TpTrace Verbose: 0 : 20348, 11, 2023/10/02, 23:01:29.643, 5048149612158, vstest.console.dll, ParallelProxyExecutionManager: HandlePartialRunComplete: Total completed clients = 1, Run complete = True, Run canceled: False.
TpTrace Verbose: 0 : 20348, 4, 2023/10/02, 23:01:29.644, 5048149623099, vstest.console.dll, MulticastDelegateUtilities.SafeInvoke: InternalTestLoggerEvents.SendTestResult: Invoking callback 1/1 for Microsoft.VisualStudio.TestPlatform.CommandLine.Internal.ConsoleLogger., took 1 ms.
TpTrace Verbose: 0 : 20348, 4, 2023/10/02, 23:01:29.644, 5048149626592, vstest.console.dll, MulticastDelegateUtilities.SafeInvoke: InternalTestLoggerEvents.SendTestResult: Invoking callback 1/1 for Microsoft.VisualStudio.TestPlatform.CommandLine.Internal.ConsoleLogger., took 0 ms.
TpTrace Verbose: 0 : 20348, 4, 2023/10/02, 23:01:29.644, 5048149627654, vstest.console.dll, MulticastDelegateUtilities.SafeInvoke: InternalTestLoggerEvents.SendTestResult: Invoking callback 1/1 for Microsoft.VisualStudio.TestPlatform.CommandLine.Internal.ConsoleLogger., took 0 ms.
TpTrace Verbose: 0 : 20348, 4, 2023/10/02, 23:01:29.644, 5048149627897, vstest.console.dll, MulticastDelegateUtilities.SafeInvoke: InternalTestLoggerEvents.SendTestResult: Invoking callback 1/1 for Microsoft.VisualStudio.TestPlatform.CommandLine.Internal.ConsoleLogger., took 0 ms.
TpTrace Verbose: 0 : 20348, 4, 2023/10/02, 23:01:29.651, 5048149693939, vstest.console.dll, MulticastDelegateUtilities.SafeInvoke: InternalTestLoggerEvents.SendTestRunComplete: Invoking callback 1/2 for Microsoft.TestPlatform.Extensions.BlameDataCollector.BlameLogger., took 0 ms.
TpTrace Verbose: 0 : 20348, 4, 2023/10/02, 23:01:29.656, 5048149748573, vstest.console.dll, MulticastDelegateUtilities.SafeInvoke: InternalTestLoggerEvents.SendTestRunComplete: Invoking callback 2/2 for Microsoft.VisualStudio.TestPlatform.CommandLine.Internal.ConsoleLogger., took 5 ms.
TpTrace Verbose: 0 : 20348, 11, 2023/10/02, 23:01:29.657, 5048149752918, vstest.console.dll, TestRunRequest:TestRunComplete: Starting. IsAborted:False IsCanceled:False.
TpTrace Verbose: 0 : 20348, 11, 2023/10/02, 23:01:29.658, 5048149768894, vstest.console.dll, TestLoggerManager.HandleTestRunComplete: Ignoring as the object is disposed.
TpTrace Verbose: 0 : 20348, 11, 2023/10/02, 23:01:29.659, 5048149771356, vstest.console.dll, MulticastDelegateUtilities.SafeInvoke: TestRun.TestRunComplete: Invoking callback 1/2 for Microsoft.VisualStudio.TestPlatform.CommandLine.TestRunResultAggregator., took 0 ms.
TpTrace Verbose: 0 : 20348, 11, 2023/10/02, 23:01:29.659, 5048149772494, vstest.console.dll, MulticastDelegateUtilities.SafeInvoke: TestRun.TestRunComplete: Invoking callback 2/2 for Microsoft.VisualStudio.TestPlatform.CommandLine.Processors.RunTestsArgumentExecutor+TestRunRequestEventsRegistrar., took 0 ms.
TpTrace Information: 0 : 20348, 11, 2023/10/02, 23:01:29.659, 5048149773288, vstest.console.dll, TestRunRequest:TestRunComplete: Completed.
TpTrace Verbose: 0 : 20348, 11, 2023/10/02, 23:01:29.659, 5048149773612, vstest.console.dll, TestRequestSender.SetOperationComplete: Setting operation complete.
TpTrace Verbose: 0 : 20348, 1, 2023/10/02, 23:01:29.659, 5048149773724, vstest.console.dll, TestRunRequest.Dispose: Starting.
TpTrace Information: 0 : 20348, 11, 2023/10/02, 23:01:29.659, 5048149773777, vstest.console.dll, SocketServer.Stop: Stop server endPoint: 127.0.0.1:60430
TpTrace Information: 0 : 20348, 1, 2023/10/02, 23:01:29.659, 5048149774214, vstest.console.dll, TestRunRequest.Dispose: Completed.
TpTrace Information: 0 : 20348, 11, 2023/10/02, 23:01:29.659, 5048149774523, vstest.console.dll, SocketServer.Stop: Cancellation requested. Stopping message loop.
TpTrace Information: 0 : 20348, 1, 2023/10/02, 23:01:29.659, 5048149774572, vstest.console.dll, TestRequestManager.RunTests: run tests completed.
TpTrace Verbose: 0 : 20348, 11, 2023/10/02, 23:01:29.659, 5048149774928, vstest.console.dll, MulticastDelegateUtilities.SafeInvoke: LengthPrefixCommunicationChannel: MessageReceived: Invoking callback 1/1 for Microsoft.VisualStudio.TestPlatform.CommunicationUtilities.TestRequestSender+<>c__DisplayClass34_0., took 145 ms.
TpTrace Information: 0 : 20348, 11, 2023/10/02, 23:01:29.659, 5048149775305, vstest.console.dll, SocketServer.PrivateStop: Stopping server endPoint: 127.0.0.1:60430 error: 
TpTrace Information: 0 : 20348, 1, 2023/10/02, 23:01:29.659, 5048149776142, vstest.console.dll, RunTestsArgumentProcessor:Execute: Test run is completed.
TpTrace Verbose: 0 : 20348, 1, 2023/10/02, 23:01:29.659, 5048149777815, vstest.console.dll, Executor.Execute: Exiting with exit code of 0
TpTrace Verbose: 0 : 20348, 11, 2023/10/02, 23:01:29.659, 5048149779043, vstest.console.dll, LengthPrefixCommunicationChannel.Dispose: Dispose reader and writer.
TpTrace Information: 0 : 20348, 11, 2023/10/02, 23:01:29.659, 5048149779583, vstest.console.dll, SocketServer.Stop: Raise disconnected event endPoint: 127.0.0.1:60430 error: 
TpTrace Verbose: 0 : 20348, 11, 2023/10/02, 23:01:29.660, 5048149780662, vstest.console.dll, TestRequestSender: OnTestRunAbort: Operation is already complete. Skip error message.
TpTrace Verbose: 0 : 20348, 11, 2023/10/02, 23:01:29.660, 5048149780927, vstest.console.dll, MulticastDelegateUtilities.SafeInvoke: SocketServer: ClientDisconnected: Invoking callback 1/1 for Microsoft.VisualStudio.TestPlatform.CommunicationUtilities.TestRequestSender., took 0 ms.
TpTrace Verbose: 0 : 20348, 11, 2023/10/02, 23:01:29.660, 5048149781111, vstest.console.dll, TcpClientExtensions.MessageLoopAsync: exiting MessageLoopAsync remoteEndPoint: 127.0.0.1:60431 localEndPoint: 127.0.0.1:60430
